[0.021s] Invoking command in '/home/rsa/colcon_ws/build/turtlebot3_simulations': CMAKE_PREFIX_PATH=/home/rsa/colcon_ws/install/turtlebot3_gazebo:/home/rsa/colcon_ws/install/turtlebot3_fake_node:/home/rsa/colcon_ws/install/wall_follower:/home/rsa/colcon_ws/install/turtlebot3_simulations:/home/rsa/colcon_ws/install/pl_interface:/opt/ros/foxy /usr/bin/cmake --build /home/rsa/colcon_ws/build/turtlebot3_simulations -- -j4 -l4
[0.113s] Invoked command in '/home/rsa/colcon_ws/build/turtlebot3_simulations' returned '0': CMAKE_PREFIX_PATH=/home/rsa/colcon_ws/install/turtlebot3_gazebo:/home/rsa/colcon_ws/install/turtlebot3_fake_node:/home/rsa/colcon_ws/install/wall_follower:/home/rsa/colcon_ws/install/turtlebot3_simulations:/home/rsa/colcon_ws/install/pl_interface:/opt/ros/foxy /usr/bin/cmake --build /home/rsa/colcon_ws/build/turtlebot3_simulations -- -j4 -l4
[0.181s] Invoking command in '/home/rsa/colcon_ws/build/turtlebot3_simulations': CMAKE_PREFIX_PATH=/home/rsa/colcon_ws/install/turtlebot3_gazebo:/home/rsa/colcon_ws/install/turtlebot3_fake_node:/home/rsa/colcon_ws/install/wall_follower:/home/rsa/colcon_ws/install/turtlebot3_simulations:/home/rsa/colcon_ws/install/pl_interface:/opt/ros/foxy /usr/bin/cmake --install /home/rsa/colcon_ws/build/turtlebot3_simulations
[0.196s] -- Install configuration: ""
[0.197s] -- Execute custom install script
[0.197s] -- Up-to-date symlink: /home/rsa/colcon_ws/install/turtlebot3_simulations/share/ament_index/resource_index/package_run_dependencies/turtlebot3_simulations
[0.197s] -- Up-to-date symlink: /home/rsa/colcon_ws/install/turtlebot3_simulations/share/ament_index/resource_index/parent_prefix_path/turtlebot3_simulations
[0.208s] -- Up-to-date symlink: /home/rsa/colcon_ws/install/turtlebot3_simulations/share/turtlebot3_simulations/environment/ament_prefix_path.sh
[0.208s] -- Up-to-date symlink: /home/rsa/colcon_ws/install/turtlebot3_simulations/share/turtlebot3_simulations/environment/ament_prefix_path.dsv
[0.209s] -- Up-to-date symlink: /home/rsa/colcon_ws/install/turtlebot3_simulations/share/turtlebot3_simulations/environment/path.sh
[0.210s] -- Up-to-date symlink: /home/rsa/colcon_ws/install/turtlebot3_simulations/share/turtlebot3_simulations/environment/path.dsv
[0.210s] -- Up-to-date symlink: /home/rsa/colcon_ws/install/turtlebot3_simulations/share/turtlebot3_simulations/local_setup.bash
[0.210s] -- Up-to-date symlink: /home/rsa/colcon_ws/install/turtlebot3_simulations/share/turtlebot3_simulations/local_setup.sh
[0.210s] -- Up-to-date symlink: /home/rsa/colcon_ws/install/turtlebot3_simulations/share/turtlebot3_simulations/local_setup.zsh
[0.211s] -- Up-to-date symlink: /home/rsa/colcon_ws/install/turtlebot3_simulations/share/turtlebot3_simulations/local_setup.dsv
[0.212s] -- Symlinking: /home/rsa/colcon_ws/install/turtlebot3_simulations/share/turtlebot3_simulations/package.dsv
[0.225s] -- Up-to-date symlink: /home/rsa/colcon_ws/install/turtlebot3_simulations/share/ament_index/resource_index/packages/turtlebot3_simulations
[0.225s] -- Up-to-date symlink: /home/rsa/colcon_ws/install/turtlebot3_simulations/share/turtlebot3_simulations/cmake/turtlebot3_simulationsConfig.cmake
[0.226s] -- Up-to-date symlink: /home/rsa/colcon_ws/install/turtlebot3_simulations/share/turtlebot3_simulations/cmake/turtlebot3_simulationsConfig-version.cmake
[0.226s] -- Up-to-date symlink: /home/rsa/colcon_ws/install/turtlebot3_simulations/share/turtlebot3_simulations/package.xml
[0.232s] Invoked command in '/home/rsa/colcon_ws/build/turtlebot3_simulations' returned '0': CMAKE_PREFIX_PATH=/home/rsa/colcon_ws/install/turtlebot3_gazebo:/home/rsa/colcon_ws/install/turtlebot3_fake_node:/home/rsa/colcon_ws/install/wall_follower:/home/rsa/colcon_ws/install/turtlebot3_simulations:/home/rsa/colcon_ws/install/pl_interface:/opt/ros/foxy /usr/bin/cmake --install /home/rsa/colcon_ws/build/turtlebot3_simulations
