[0.125s] Invoking command in '/home/rsa/colcon_ws/build/pl_interface': CMAKE_PREFIX_PATH=${CMAKE_PREFIX_PATH}:/opt/ros/foxy /usr/bin/cmake --build /home/rsa/colcon_ws/build/pl_interface -- -j4 -l4
[0.420s] [100%] Built target pl_interface
[0.479s] Invoked command in '/home/rsa/colcon_ws/build/pl_interface' returned '0': CMAKE_PREFIX_PATH=${CMAKE_PREFIX_PATH}:/opt/ros/foxy /usr/bin/cmake --build /home/rsa/colcon_ws/build/pl_interface -- -j4 -l4
[0.595s] Invoking command in '/home/rsa/colcon_ws/build/pl_interface': CMAKE_PREFIX_PATH=${CMAKE_PREFIX_PATH}:/opt/ros/foxy /usr/bin/cmake --install /home/rsa/colcon_ws/build/pl_interface
[0.650s] -- Install configuration: ""
[0.652s] -- Up-to-date: /home/rsa/colcon_ws/install/pl_interface/lib/pl_interface/pl_interface
[0.654s] -- Up-to-date: /home/rsa/colcon_ws/install/pl_interface/share/pl_interface//launch
[0.670s] -- Up-to-date: /home/rsa/colcon_ws/install/pl_interface/share/pl_interface//launch/__pycache__
[0.679s] -- Up-to-date: /home/rsa/colcon_ws/install/pl_interface/share/pl_interface//launch/__pycache__/pl_interface.launch.cpython-38.pyc
[0.680s] -- Up-to-date: /home/rsa/colcon_ws/install/pl_interface/share/pl_interface//launch/pl_interface.launch.py
[0.687s] -- Up-to-date: /home/rsa/colcon_ws/install/pl_interface/include/
[0.689s] -- Up-to-date: /home/rsa/colcon_ws/install/pl_interface/include//pl_interface
[0.689s] -- Up-to-date: /home/rsa/colcon_ws/install/pl_interface/include//pl_interface/pl_interface.hpp
[0.689s] -- Up-to-date: /home/rsa/colcon_ws/install/pl_interface/share/pl_interface/environment/pythonpath.sh
[0.689s] -- Up-to-date: /home/rsa/colcon_ws/install/pl_interface/share/pl_interface/environment/pythonpath.dsv
[0.690s] -- Up-to-date: /home/rsa/colcon_ws/install/pl_interface/lib/python3.8/site-packages/pl_interface
[0.690s] -- Up-to-date: /home/rsa/colcon_ws/install/pl_interface/lib/python3.8/site-packages/pl_interface/landmark.py
[0.690s] -- Up-to-date: /home/rsa/colcon_ws/install/pl_interface/lib/python3.8/site-packages/pl_interface/__init__.py
[0.703s] Listing '/home/rsa/colcon_ws/install/pl_interface/lib/python3.8/site-packages/pl_interface'...
[0.715s] -- Up-to-date: /home/rsa/colcon_ws/install/pl_interface/lib/pl_interface/see_marker.py
[0.715s] -- Up-to-date: /home/rsa/colcon_ws/install/pl_interface/lib/pl_interface/point_transformer.py
[0.715s] -- Up-to-date: /home/rsa/colcon_ws/install/pl_interface/share/ament_index/resource_index/package_run_dependencies/pl_interface
[0.715s] -- Up-to-date: /home/rsa/colcon_ws/install/pl_interface/share/ament_index/resource_index/parent_prefix_path/pl_interface
[0.716s] -- Up-to-date: /home/rsa/colcon_ws/install/pl_interface/share/pl_interface/environment/ament_prefix_path.sh
[0.716s] -- Up-to-date: /home/rsa/colcon_ws/install/pl_interface/share/pl_interface/environment/ament_prefix_path.dsv
[0.716s] -- Up-to-date: /home/rsa/colcon_ws/install/pl_interface/share/pl_interface/environment/path.sh
[0.716s] -- Up-to-date: /home/rsa/colcon_ws/install/pl_interface/share/pl_interface/environment/path.dsv
[0.716s] -- Up-to-date: /home/rsa/colcon_ws/install/pl_interface/share/pl_interface/local_setup.bash
[0.716s] -- Up-to-date: /home/rsa/colcon_ws/install/pl_interface/share/pl_interface/local_setup.sh
[0.716s] -- Up-to-date: /home/rsa/colcon_ws/install/pl_interface/share/pl_interface/local_setup.zsh
[0.716s] -- Up-to-date: /home/rsa/colcon_ws/install/pl_interface/share/pl_interface/local_setup.dsv
[0.716s] -- Installing: /home/rsa/colcon_ws/install/pl_interface/share/pl_interface/package.dsv
[0.721s] -- Up-to-date: /home/rsa/colcon_ws/install/pl_interface/share/ament_index/resource_index/packages/pl_interface
[0.722s] -- Up-to-date: /home/rsa/colcon_ws/install/pl_interface/share/pl_interface/cmake/ament_cmake_export_include_directories-extras.cmake
[0.722s] -- Up-to-date: /home/rsa/colcon_ws/install/pl_interface/share/pl_interface/cmake/ament_cmake_export_dependencies-extras.cmake
[0.722s] -- Up-to-date: /home/rsa/colcon_ws/install/pl_interface/share/pl_interface/cmake/pl_interfaceConfig.cmake
[0.722s] -- Up-to-date: /home/rsa/colcon_ws/install/pl_interface/share/pl_interface/cmake/pl_interfaceConfig-version.cmake
[0.722s] -- Up-to-date: /home/rsa/colcon_ws/install/pl_interface/share/pl_interface/package.xml
[0.740s] Invoked command in '/home/rsa/colcon_ws/build/pl_interface' returned '0': CMAKE_PREFIX_PATH=${CMAKE_PREFIX_PATH}:/opt/ros/foxy /usr/bin/cmake --install /home/rsa/colcon_ws/build/pl_interface
