[0.102s] Invoking command in '/home/rsa/colcon_ws/build/pl_interface': CMAKE_PREFIX_PATH=${CMAKE_PREFIX_PATH}:/opt/ros/foxy /usr/bin/cmake --build /home/rsa/colcon_ws/build/pl_interface -- -j4 -l4
[0.308s] [100%] Built target pl_interface
[0.425s] Invoked command in '/home/rsa/colcon_ws/build/pl_interface' returned '0': CMAKE_PREFIX_PATH=${CMAKE_PREFIX_PATH}:/opt/ros/foxy /usr/bin/cmake --build /home/rsa/colcon_ws/build/pl_interface -- -j4 -l4
[0.574s] Invoking command in '/home/rsa/colcon_ws/build/pl_interface': CMAKE_PREFIX_PATH=${CMAKE_PREFIX_PATH}:/opt/ros/foxy /usr/bin/cmake --install /home/rsa/colcon_ws/build/pl_interface
[0.614s] -- Install configuration: ""
[0.630s] -- Execute custom install script
[0.650s] -- Up-to-date symlink: /home/rsa/colcon_ws/install/pl_interface/lib/pl_interface/pl_interface
[0.650s] -- Up-to-date symlink: /home/rsa/colcon_ws/install/pl_interface/share/pl_interface//launch/__pycache__/pl_interface.launch.cpython-38.pyc
[0.651s] -- Up-to-date symlink: /home/rsa/colcon_ws/install/pl_interface/share/pl_interface//launch/pl_interface.launch.py
[0.651s] -- Up-to-date symlink: /home/rsa/colcon_ws/install/pl_interface/include//pl_interface/pl_interface.hpp
[0.651s] -- Up-to-date symlink: /home/rsa/colcon_ws/install/pl_interface/share/pl_interface/environment/pythonpath.sh
[0.651s] -- Up-to-date symlink: /home/rsa/colcon_ws/install/pl_interface/share/pl_interface/environment/pythonpath.dsv
[0.651s] -- Up-to-date symlink: /home/rsa/colcon_ws/install/pl_interface/lib/python3.8/site-packages/pl_interface/__init__.py
[0.651s] -- Up-to-date symlink: /home/rsa/colcon_ws/install/pl_interface/lib/python3.8/site-packages/pl_interface/landmark.py
[0.651s] -- Up-to-date symlink: /home/rsa/colcon_ws/install/pl_interface/lib/pl_interface/see_marker.py
[0.651s] -- Up-to-date symlink: /home/rsa/colcon_ws/install/pl_interface/lib/pl_interface/point_transformer.py
[0.651s] -- Up-to-date symlink: /home/rsa/colcon_ws/install/pl_interface/share/ament_index/resource_index/package_run_dependencies/pl_interface
[0.653s] -- Up-to-date symlink: /home/rsa/colcon_ws/install/pl_interface/share/ament_index/resource_index/parent_prefix_path/pl_interface
[0.656s] -- Up-to-date symlink: /home/rsa/colcon_ws/install/pl_interface/share/pl_interface/environment/ament_prefix_path.sh
[0.657s] -- Up-to-date symlink: /home/rsa/colcon_ws/install/pl_interface/share/pl_interface/environment/ament_prefix_path.dsv
[0.665s] -- Up-to-date symlink: /home/rsa/colcon_ws/install/pl_interface/share/pl_interface/environment/path.sh
[0.667s] -- Up-to-date symlink: /home/rsa/colcon_ws/install/pl_interface/share/pl_interface/environment/path.dsv
[0.668s] -- Up-to-date symlink: /home/rsa/colcon_ws/install/pl_interface/share/pl_interface/local_setup.bash
[0.669s] -- Up-to-date symlink: /home/rsa/colcon_ws/install/pl_interface/share/pl_interface/local_setup.sh
[0.670s] -- Up-to-date symlink: /home/rsa/colcon_ws/install/pl_interface/share/pl_interface/local_setup.zsh
[0.671s] -- Up-to-date symlink: /home/rsa/colcon_ws/install/pl_interface/share/pl_interface/local_setup.dsv
[0.672s] -- Symlinking: /home/rsa/colcon_ws/install/pl_interface/share/pl_interface/package.dsv
[0.692s] -- Up-to-date symlink: /home/rsa/colcon_ws/install/pl_interface/share/ament_index/resource_index/packages/pl_interface
[0.692s] -- Up-to-date symlink: /home/rsa/colcon_ws/install/pl_interface/share/pl_interface/cmake/ament_cmake_export_include_directories-extras.cmake
[0.693s] -- Up-to-date symlink: /home/rsa/colcon_ws/install/pl_interface/share/pl_interface/cmake/ament_cmake_export_dependencies-extras.cmake
[0.693s] -- Up-to-date symlink: /home/rsa/colcon_ws/install/pl_interface/share/pl_interface/cmake/pl_interfaceConfig.cmake
[0.693s] -- Up-to-date symlink: /home/rsa/colcon_ws/install/pl_interface/share/pl_interface/cmake/pl_interfaceConfig-version.cmake
[0.693s] -- Up-to-date symlink: /home/rsa/colcon_ws/install/pl_interface/share/pl_interface/package.xml
[0.796s] Listing '/home/rsa/colcon_ws/install/pl_interface/lib/python3.8/site-packages/pl_interface'...
[0.829s] Invoked command in '/home/rsa/colcon_ws/build/pl_interface' returned '0': CMAKE_PREFIX_PATH=${CMAKE_PREFIX_PATH}:/opt/ros/foxy /usr/bin/cmake --install /home/rsa/colcon_ws/build/pl_interface
