[0.128s] Invoking command in '/home/rsa/colcon_ws/build/turtlebot3_gazebo': CMAKE_PREFIX_PATH=${CMAKE_PREFIX_PATH}:/opt/ros/foxy /usr/bin/cmake --build /home/rsa/colcon_ws/build/turtlebot3_gazebo -- -j4 -l4
[0.325s] [ 25%] Built target obstacles
[0.520s] [ 50%] Built target obstacle1
[0.611s] [ 75%] Built target turtlebot3_drive
[0.764s] [100%] Built target obstacle2
[0.918s] Invoked command in '/home/rsa/colcon_ws/build/turtlebot3_gazebo' returned '0': CMAKE_PREFIX_PATH=${CMAKE_PREFIX_PATH}:/opt/ros/foxy /usr/bin/cmake --build /home/rsa/colcon_ws/build/turtlebot3_gazebo -- -j4 -l4
[1.269s] Invoking command in '/home/rsa/colcon_ws/build/turtlebot3_gazebo': CMAKE_PREFIX_PATH=${CMAKE_PREFIX_PATH}:/opt/ros/foxy /usr/bin/cmake --install /home/rsa/colcon_ws/build/turtlebot3_gazebo
[1.321s] -- Install configuration: ""
[1.324s] -- Execute custom install script
[1.324s] -- Up-to-date symlink: /home/rsa/colcon_ws/install/turtlebot3_gazebo/lib/turtlebot3_gazebo/turtlebot3_drive
[1.329s] -- Up-to-date symlink: /home/rsa/colcon_ws/install/turtlebot3_gazebo/share/turtlebot3_gazebo//launch/empty_world.launch.py
[1.331s] -- Up-to-date symlink: /home/rsa/colcon_ws/install/turtlebot3_gazebo/share/turtlebot3_gazebo//launch/robot_state_publisher.launch.py
[1.338s] -- Up-to-date symlink: /home/rsa/colcon_ws/install/turtlebot3_gazebo/share/turtlebot3_gazebo//launch/turtlebot3_autorace.launch.py
[1.339s] -- Up-to-date symlink: /home/rsa/colcon_ws/install/turtlebot3_gazebo/share/turtlebot3_gazebo//launch/turtlebot3_dqn_stage1.launch.py
[1.343s] -- Up-to-date symlink: /home/rsa/colcon_ws/install/turtlebot3_gazebo/share/turtlebot3_gazebo//launch/turtlebot3_dqn_stage2.launch.py
[1.343s] -- Up-to-date symlink: /home/rsa/colcon_ws/install/turtlebot3_gazebo/share/turtlebot3_gazebo//launch/turtlebot3_dqn_stage3.launch.py
[1.347s] -- Up-to-date symlink: /home/rsa/colcon_ws/install/turtlebot3_gazebo/share/turtlebot3_gazebo//launch/turtlebot3_dqn_stage4.launch.py
[1.348s] -- Up-to-date symlink: /home/rsa/colcon_ws/install/turtlebot3_gazebo/share/turtlebot3_gazebo//launch/turtlebot3_house.launch.py
[1.348s] -- Up-to-date symlink: /home/rsa/colcon_ws/install/turtlebot3_gazebo/share/turtlebot3_gazebo//launch/turtlebot3_maze.launch.py
[1.348s] -- Up-to-date symlink: /home/rsa/colcon_ws/install/turtlebot3_gazebo/share/turtlebot3_gazebo//launch/turtlebot3_world.launch.py
[1.352s] -- Up-to-date symlink: /home/rsa/colcon_ws/install/turtlebot3_gazebo/share/turtlebot3_gazebo//models/blue_on_pink_marker/model.config
[1.415s] -- Up-to-date symlink: /home/rsa/colcon_ws/install/turtlebot3_gazebo/share/turtlebot3_gazebo//models/blue_on_pink_marker/model.sdf
[1.415s] -- Up-to-date symlink: /home/rsa/colcon_ws/install/turtlebot3_gazebo/share/turtlebot3_gazebo//models/blue_on_pink_marker/model.sdf~
[1.416s] -- Up-to-date symlink: /home/rsa/colcon_ws/install/turtlebot3_gazebo/share/turtlebot3_gazebo//models/enclosure/model.config
[1.416s] -- Up-to-date symlink: /home/rsa/colcon_ws/install/turtlebot3_gazebo/share/turtlebot3_gazebo//models/enclosure/model.sdf
[1.416s] -- Up-to-date symlink: /home/rsa/colcon_ws/install/turtlebot3_gazebo/share/turtlebot3_gazebo//models/enclosure/model.sdf~
[1.416s] -- Up-to-date symlink: /home/rsa/colcon_ws/install/turtlebot3_gazebo/share/turtlebot3_gazebo//models/green_on_pink_marker/model.config
[1.416s] -- Up-to-date symlink: /home/rsa/colcon_ws/install/turtlebot3_gazebo/share/turtlebot3_gazebo//models/green_on_pink_marker/model.sdf
[1.417s] -- Up-to-date symlink: /home/rsa/colcon_ws/install/turtlebot3_gazebo/share/turtlebot3_gazebo//models/green_on_pink_marker/model.sdf~
[1.417s] -- Up-to-date symlink: /home/rsa/colcon_ws/install/turtlebot3_gazebo/share/turtlebot3_gazebo//models/maze2/model.config
[1.417s] -- Up-to-date symlink: /home/rsa/colcon_ws/install/turtlebot3_gazebo/share/turtlebot3_gazebo//models/maze2/model.sdf
[1.417s] -- Up-to-date symlink: /home/rsa/colcon_ws/install/turtlebot3_gazebo/share/turtlebot3_gazebo//models/pink_on_blue_marker/model.config
[1.417s] -- Up-to-date symlink: /home/rsa/colcon_ws/install/turtlebot3_gazebo/share/turtlebot3_gazebo//models/pink_on_blue_marker/model.sdf
[1.417s] -- Up-to-date symlink: /home/rsa/colcon_ws/install/turtlebot3_gazebo/share/turtlebot3_gazebo//models/pink_on_blue_marker/model.sdf~
[1.417s] -- Up-to-date symlink: /home/rsa/colcon_ws/install/turtlebot3_gazebo/share/turtlebot3_gazebo//models/pink_on_green_marker/model.config
[1.417s] -- Up-to-date symlink: /home/rsa/colcon_ws/install/turtlebot3_gazebo/share/turtlebot3_gazebo//models/pink_on_green_marker/model.sdf
[1.417s] -- Up-to-date symlink: /home/rsa/colcon_ws/install/turtlebot3_gazebo/share/turtlebot3_gazebo//models/pink_on_green_marker/model.sdf~
[1.418s] -- Up-to-date symlink: /home/rsa/colcon_ws/install/turtlebot3_gazebo/share/turtlebot3_gazebo//models/pink_on_yellow_marker/model.config
[1.418s] -- Up-to-date symlink: /home/rsa/colcon_ws/install/turtlebot3_gazebo/share/turtlebot3_gazebo//models/pink_on_yellow_marker/model.sdf
[1.418s] -- Up-to-date symlink: /home/rsa/colcon_ws/install/turtlebot3_gazebo/share/turtlebot3_gazebo//models/pink_on_yellow_marker/model.sdf~
[1.429s] -- Up-to-date symlink: /home/rsa/colcon_ws/install/turtlebot3_gazebo/share/turtlebot3_gazebo//models/turtlebot3_autorace/course/materials/scripts/course.material
[1.430s] -- Up-to-date symlink: /home/rsa/colcon_ws/install/turtlebot3_gazebo/share/turtlebot3_gazebo//models/turtlebot3_autorace/course/materials/textures/course.png
[1.430s] -- Up-to-date symlink: /home/rsa/colcon_ws/install/turtlebot3_gazebo/share/turtlebot3_gazebo//models/turtlebot3_autorace/course/model.config
[1.430s] -- Up-to-date symlink: /home/rsa/colcon_ws/install/turtlebot3_gazebo/share/turtlebot3_gazebo//models/turtlebot3_autorace/course/model.sdf
[1.430s] -- Up-to-date symlink: /home/rsa/colcon_ws/install/turtlebot3_gazebo/share/turtlebot3_gazebo//models/turtlebot3_autorace/ground/model.config
[1.430s] -- Up-to-date symlink: /home/rsa/colcon_ws/install/turtlebot3_gazebo/share/turtlebot3_gazebo//models/turtlebot3_autorace/ground/model.sdf
[1.430s] -- Up-to-date symlink: /home/rsa/colcon_ws/install/turtlebot3_gazebo/share/turtlebot3_gazebo//models/turtlebot3_autorace/lights/model.config
[1.431s] -- Up-to-date symlink: /home/rsa/colcon_ws/install/turtlebot3_gazebo/share/turtlebot3_gazebo//models/turtlebot3_autorace/lights/model.sdf
[1.431s] -- Up-to-date symlink: /home/rsa/colcon_ws/install/turtlebot3_gazebo/share/turtlebot3_gazebo//models/turtlebot3_autorace/model.config
[1.431s] -- Up-to-date symlink: /home/rsa/colcon_ws/install/turtlebot3_gazebo/share/turtlebot3_gazebo//models/turtlebot3_autorace/traffic_bar_down/materials/scripts/traffic_bar.material
[1.431s] -- Up-to-date symlink: /home/rsa/colcon_ws/install/turtlebot3_gazebo/share/turtlebot3_gazebo//models/turtlebot3_autorace/traffic_bar_down/materials/textures/traffic_bar.png
[1.431s] -- Up-to-date symlink: /home/rsa/colcon_ws/install/turtlebot3_gazebo/share/turtlebot3_gazebo//models/turtlebot3_autorace/traffic_bar_down/model.config
[1.431s] -- Up-to-date symlink: /home/rsa/colcon_ws/install/turtlebot3_gazebo/share/turtlebot3_gazebo//models/turtlebot3_autorace/traffic_bar_down/model.sdf
[1.431s] -- Up-to-date symlink: /home/rsa/colcon_ws/install/turtlebot3_gazebo/share/turtlebot3_gazebo//models/turtlebot3_autorace/traffic_bar_up/materials/scripts/traffic_bar.material
[1.432s] -- Up-to-date symlink: /home/rsa/colcon_ws/install/turtlebot3_gazebo/share/turtlebot3_gazebo//models/turtlebot3_autorace/traffic_bar_up/materials/textures/traffic_bar.png
[1.432s] -- Up-to-date symlink: /home/rsa/colcon_ws/install/turtlebot3_gazebo/share/turtlebot3_gazebo//models/turtlebot3_autorace/traffic_bar_up/model.config
[1.432s] -- Up-to-date symlink: /home/rsa/colcon_ws/install/turtlebot3_gazebo/share/turtlebot3_gazebo//models/turtlebot3_autorace/traffic_bar_up/model.sdf
[1.432s] -- Up-to-date symlink: /home/rsa/colcon_ws/install/turtlebot3_gazebo/share/turtlebot3_gazebo//models/turtlebot3_autorace/traffic_light_green/model.config
[1.432s] -- Up-to-date symlink: /home/rsa/colcon_ws/install/turtlebot3_gazebo/share/turtlebot3_gazebo//models/turtlebot3_autorace/traffic_light_green/model.sdf
[1.432s] -- Up-to-date symlink: /home/rsa/colcon_ws/install/turtlebot3_gazebo/share/turtlebot3_gazebo//models/turtlebot3_autorace/traffic_light_red/model.config
[1.432s] -- Up-to-date symlink: /home/rsa/colcon_ws/install/turtlebot3_gazebo/share/turtlebot3_gazebo//models/turtlebot3_autorace/traffic_light_red/model.sdf
[1.432s] -- Up-to-date symlink: /home/rsa/colcon_ws/install/turtlebot3_gazebo/share/turtlebot3_gazebo//models/turtlebot3_autorace/traffic_light_yellow/model.config
[1.433s] -- Up-to-date symlink: /home/rsa/colcon_ws/install/turtlebot3_gazebo/share/turtlebot3_gazebo//models/turtlebot3_autorace/traffic_light_yellow/model.sdf
[1.433s] -- Up-to-date symlink: /home/rsa/colcon_ws/install/turtlebot3_gazebo/share/turtlebot3_gazebo//models/turtlebot3_autorace/traffic_parking/materials/scripts/traffic_parking.material
[1.433s] -- Up-to-date symlink: /home/rsa/colcon_ws/install/turtlebot3_gazebo/share/turtlebot3_gazebo//models/turtlebot3_autorace/traffic_parking/materials/textures/traffic_parking.png
[1.433s] -- Up-to-date symlink: /home/rsa/colcon_ws/install/turtlebot3_gazebo/share/turtlebot3_gazebo//models/turtlebot3_autorace/traffic_parking/model.config
[1.433s] -- Up-to-date symlink: /home/rsa/colcon_ws/install/turtlebot3_gazebo/share/turtlebot3_gazebo//models/turtlebot3_autorace/traffic_parking/model.sdf
[1.433s] -- Up-to-date symlink: /home/rsa/colcon_ws/install/turtlebot3_gazebo/share/turtlebot3_gazebo//models/turtlebot3_autorace/traffic_stop/materials/scripts/traffic_stop.material
[1.433s] -- Up-to-date symlink: /home/rsa/colcon_ws/install/turtlebot3_gazebo/share/turtlebot3_gazebo//models/turtlebot3_autorace/traffic_stop/materials/textures/traffic_stop.png
[1.433s] -- Up-to-date symlink: /home/rsa/colcon_ws/install/turtlebot3_gazebo/share/turtlebot3_gazebo//models/turtlebot3_autorace/traffic_stop/model.config
[1.434s] -- Up-to-date symlink: /home/rsa/colcon_ws/install/turtlebot3_gazebo/share/turtlebot3_gazebo//models/turtlebot3_autorace/traffic_stop/model.sdf
[1.434s] -- Up-to-date symlink: /home/rsa/colcon_ws/install/turtlebot3_gazebo/share/turtlebot3_gazebo//models/turtlebot3_autorace/traffic_tunnel/materials/scripts/tunnel.material
[1.434s] -- Up-to-date symlink: /home/rsa/colcon_ws/install/turtlebot3_gazebo/share/turtlebot3_gazebo//models/turtlebot3_autorace/traffic_tunnel/materials/textures/tunnel.png
[1.434s] -- Up-to-date symlink: /home/rsa/colcon_ws/install/turtlebot3_gazebo/share/turtlebot3_gazebo//models/turtlebot3_autorace/traffic_tunnel/model.config
[1.434s] -- Up-to-date symlink: /home/rsa/colcon_ws/install/turtlebot3_gazebo/share/turtlebot3_gazebo//models/turtlebot3_autorace/traffic_tunnel/model.sdf
[1.434s] -- Up-to-date symlink: /home/rsa/colcon_ws/install/turtlebot3_gazebo/share/turtlebot3_gazebo//models/turtlebot3_autorace/tunnel_obstacles/model.config
[1.434s] -- Up-to-date symlink: /home/rsa/colcon_ws/install/turtlebot3_gazebo/share/turtlebot3_gazebo//models/turtlebot3_autorace/tunnel_obstacles/model.sdf
[1.434s] -- Up-to-date symlink: /home/rsa/colcon_ws/install/turtlebot3_gazebo/share/turtlebot3_gazebo//models/turtlebot3_autorace/tunnel_wall/model.config
[1.435s] -- Up-to-date symlink: /home/rsa/colcon_ws/install/turtlebot3_gazebo/share/turtlebot3_gazebo//models/turtlebot3_autorace/tunnel_wall/model.sdf
[1.435s] -- Up-to-date symlink: /home/rsa/colcon_ws/install/turtlebot3_gazebo/share/turtlebot3_gazebo//models/turtlebot3_burger/meshes/burger_base.dae
[1.435s] -- Up-to-date symlink: /home/rsa/colcon_ws/install/turtlebot3_gazebo/share/turtlebot3_gazebo//models/turtlebot3_burger/meshes/lds.dae
[1.435s] -- Up-to-date symlink: /home/rsa/colcon_ws/install/turtlebot3_gazebo/share/turtlebot3_gazebo//models/turtlebot3_burger/meshes/tire.dae
[1.435s] -- Up-to-date symlink: /home/rsa/colcon_ws/install/turtlebot3_gazebo/share/turtlebot3_gazebo//models/turtlebot3_burger/model-1_4.sdf
[1.435s] -- Up-to-date symlink: /home/rsa/colcon_ws/install/turtlebot3_gazebo/share/turtlebot3_gazebo//models/turtlebot3_burger/model.config
[1.435s] -- Up-to-date symlink: /home/rsa/colcon_ws/install/turtlebot3_gazebo/share/turtlebot3_gazebo//models/turtlebot3_burger/model.sdf
[1.436s] -- Up-to-date symlink: /home/rsa/colcon_ws/install/turtlebot3_gazebo/share/turtlebot3_gazebo//models/turtlebot3_dqn_world/goal_box/model.config
[1.436s] -- Up-to-date symlink: /home/rsa/colcon_ws/install/turtlebot3_gazebo/share/turtlebot3_gazebo//models/turtlebot3_dqn_world/goal_box/model.sdf
[1.436s] -- Up-to-date symlink: /home/rsa/colcon_ws/install/turtlebot3_gazebo/share/turtlebot3_gazebo//models/turtlebot3_dqn_world/inner_walls/model.config
[1.436s] -- Up-to-date symlink: /home/rsa/colcon_ws/install/turtlebot3_gazebo/share/turtlebot3_gazebo//models/turtlebot3_dqn_world/inner_walls/model.sdf
[1.436s] -- Up-to-date symlink: /home/rsa/colcon_ws/install/turtlebot3_gazebo/share/turtlebot3_gazebo//models/turtlebot3_dqn_world/model.config
[1.436s] -- Up-to-date symlink: /home/rsa/colcon_ws/install/turtlebot3_gazebo/share/turtlebot3_gazebo//models/turtlebot3_dqn_world/model.sdf
[1.436s] -- Up-to-date symlink: /home/rsa/colcon_ws/install/turtlebot3_gazebo/share/turtlebot3_gazebo//models/turtlebot3_dqn_world/obstacle1/model.config
[1.436s] -- Up-to-date symlink: /home/rsa/colcon_ws/install/turtlebot3_gazebo/share/turtlebot3_gazebo//models/turtlebot3_dqn_world/obstacle1/model.sdf
[1.437s] -- Up-to-date symlink: /home/rsa/colcon_ws/install/turtlebot3_gazebo/share/turtlebot3_gazebo//models/turtlebot3_dqn_world/obstacle2/model.config
[1.437s] -- Up-to-date symlink: /home/rsa/colcon_ws/install/turtlebot3_gazebo/share/turtlebot3_gazebo//models/turtlebot3_dqn_world/obstacle2/model.sdf
[1.437s] -- Up-to-date symlink: /home/rsa/colcon_ws/install/turtlebot3_gazebo/share/turtlebot3_gazebo//models/turtlebot3_dqn_world/obstacle_plugin/CMakeLists.txt
[1.437s] -- Up-to-date symlink: /home/rsa/colcon_ws/install/turtlebot3_gazebo/share/turtlebot3_gazebo//models/turtlebot3_dqn_world/obstacle_plugin/obstacle1.cc
[1.437s] -- Up-to-date symlink: /home/rsa/colcon_ws/install/turtlebot3_gazebo/share/turtlebot3_gazebo//models/turtlebot3_dqn_world/obstacle_plugin/obstacle2.cc
[1.437s] -- Up-to-date symlink: /home/rsa/colcon_ws/install/turtlebot3_gazebo/share/turtlebot3_gazebo//models/turtlebot3_dqn_world/obstacle_plugin/obstacles.cc
[1.437s] -- Up-to-date symlink: /home/rsa/colcon_ws/install/turtlebot3_gazebo/share/turtlebot3_gazebo//models/turtlebot3_dqn_world/obstacles/model.config
[1.438s] -- Up-to-date symlink: /home/rsa/colcon_ws/install/turtlebot3_gazebo/share/turtlebot3_gazebo//models/turtlebot3_dqn_world/obstacles/model.sdf
[1.438s] -- Up-to-date symlink: /home/rsa/colcon_ws/install/turtlebot3_gazebo/share/turtlebot3_gazebo//models/turtlebot3_house/model.config
[1.438s] -- Up-to-date symlink: /home/rsa/colcon_ws/install/turtlebot3_gazebo/share/turtlebot3_gazebo//models/turtlebot3_house/model.sdf
[1.438s] -- Up-to-date symlink: /home/rsa/colcon_ws/install/turtlebot3_gazebo/share/turtlebot3_gazebo//models/turtlebot3_maze/model (copy 1).sdf
[1.438s] -- Up-to-date symlink: /home/rsa/colcon_ws/install/turtlebot3_gazebo/share/turtlebot3_gazebo//models/turtlebot3_maze/model.config
[1.438s] -- Up-to-date symlink: /home/rsa/colcon_ws/install/turtlebot3_gazebo/share/turtlebot3_gazebo//models/turtlebot3_maze/model.sdf
[1.438s] -- Up-to-date symlink: /home/rsa/colcon_ws/install/turtlebot3_gazebo/share/turtlebot3_gazebo//models/turtlebot3_maze/model.sdf~
[1.438s] -- Up-to-date symlink: /home/rsa/colcon_ws/install/turtlebot3_gazebo/share/turtlebot3_gazebo//models/turtlebot3_waffle/meshes/lds.dae
[1.439s] -- Up-to-date symlink: /home/rsa/colcon_ws/install/turtlebot3_gazebo/share/turtlebot3_gazebo//models/turtlebot3_waffle/meshes/r200.dae
[1.439s] -- Up-to-date symlink: /home/rsa/colcon_ws/install/turtlebot3_gazebo/share/turtlebot3_gazebo//models/turtlebot3_waffle/meshes/tire.dae
[1.439s] -- Up-to-date symlink: /home/rsa/colcon_ws/install/turtlebot3_gazebo/share/turtlebot3_gazebo//models/turtlebot3_waffle/meshes/waffle_base.dae
[1.439s] -- Up-to-date symlink: /home/rsa/colcon_ws/install/turtlebot3_gazebo/share/turtlebot3_gazebo//models/turtlebot3_waffle/model-1_4.sdf
[1.439s] -- Up-to-date symlink: /home/rsa/colcon_ws/install/turtlebot3_gazebo/share/turtlebot3_gazebo//models/turtlebot3_waffle/model.config
[1.439s] -- Up-to-date symlink: /home/rsa/colcon_ws/install/turtlebot3_gazebo/share/turtlebot3_gazebo//models/turtlebot3_waffle/model.sdf
[1.439s] -- Up-to-date symlink: /home/rsa/colcon_ws/install/turtlebot3_gazebo/share/turtlebot3_gazebo//models/turtlebot3_waffle_pi/meshes/lds.dae
[1.439s] -- Up-to-date symlink: /home/rsa/colcon_ws/install/turtlebot3_gazebo/share/turtlebot3_gazebo//models/turtlebot3_waffle_pi/meshes/tire.dae
[1.440s] -- Up-to-date symlink: /home/rsa/colcon_ws/install/turtlebot3_gazebo/share/turtlebot3_gazebo//models/turtlebot3_waffle_pi/meshes/waffle_pi_base.dae
[1.440s] -- Up-to-date symlink: /home/rsa/colcon_ws/install/turtlebot3_gazebo/share/turtlebot3_gazebo//models/turtlebot3_waffle_pi/model-1_4_.sdf
[1.440s] -- Up-to-date symlink: /home/rsa/colcon_ws/install/turtlebot3_gazebo/share/turtlebot3_gazebo//models/turtlebot3_waffle_pi/model.config
[1.440s] -- Up-to-date symlink: /home/rsa/colcon_ws/install/turtlebot3_gazebo/share/turtlebot3_gazebo//models/turtlebot3_waffle_pi/model.sdf
[1.463s] -- Up-to-date symlink: /home/rsa/colcon_ws/install/turtlebot3_gazebo/share/turtlebot3_gazebo//models/turtlebot3_world/meshes/hexagon.dae
[1.464s] -- Up-to-date symlink: /home/rsa/colcon_ws/install/turtlebot3_gazebo/share/turtlebot3_gazebo//models/turtlebot3_world/meshes/wall.dae
[1.464s] -- Up-to-date symlink: /home/rsa/colcon_ws/install/turtlebot3_gazebo/share/turtlebot3_gazebo//models/turtlebot3_world/model-1_4.sdf
[1.464s] -- Up-to-date symlink: /home/rsa/colcon_ws/install/turtlebot3_gazebo/share/turtlebot3_gazebo//models/turtlebot3_world/model.config
[1.464s] -- Up-to-date symlink: /home/rsa/colcon_ws/install/turtlebot3_gazebo/share/turtlebot3_gazebo//models/turtlebot3_world/model.sdf
[1.464s] -- Up-to-date symlink: /home/rsa/colcon_ws/install/turtlebot3_gazebo/share/turtlebot3_gazebo//models/wall_section/model.config
[1.465s] -- Up-to-date symlink: /home/rsa/colcon_ws/install/turtlebot3_gazebo/share/turtlebot3_gazebo//models/wall_section/model.sdf
[1.465s] -- Up-to-date symlink: /home/rsa/colcon_ws/install/turtlebot3_gazebo/share/turtlebot3_gazebo//models/wall_section/model.sdf~
[1.465s] -- Up-to-date symlink: /home/rsa/colcon_ws/install/turtlebot3_gazebo/share/turtlebot3_gazebo//models/yellow_on_pink_marker/model.config
[1.465s] -- Up-to-date symlink: /home/rsa/colcon_ws/install/turtlebot3_gazebo/share/turtlebot3_gazebo//models/yellow_on_pink_marker/model.sdf
[1.465s] -- Up-to-date symlink: /home/rsa/colcon_ws/install/turtlebot3_gazebo/share/turtlebot3_gazebo//models/yellow_on_pink_marker/model.sdf~
[1.465s] -- Up-to-date symlink: /home/rsa/colcon_ws/install/turtlebot3_gazebo/share/turtlebot3_gazebo//rviz/tb3_gazebo.rviz
[1.482s] -- Up-to-date symlink: /home/rsa/colcon_ws/install/turtlebot3_gazebo/share/turtlebot3_gazebo//worlds/empty_worlds/burger.model
[1.482s] -- Up-to-date symlink: /home/rsa/colcon_ws/install/turtlebot3_gazebo/share/turtlebot3_gazebo//worlds/empty_worlds/waffle.model
[1.482s] -- Up-to-date symlink: /home/rsa/colcon_ws/install/turtlebot3_gazebo/share/turtlebot3_gazebo//worlds/empty_worlds/waffle_pi.model
[1.485s] -- Up-to-date symlink: /home/rsa/colcon_ws/install/turtlebot3_gazebo/share/turtlebot3_gazebo//worlds/params.txt
[1.485s] -- Up-to-date symlink: /home/rsa/colcon_ws/install/turtlebot3_gazebo/share/turtlebot3_gazebo//worlds/turtlebot3_autoraces/burger.model
[1.486s] -- Up-to-date symlink: /home/rsa/colcon_ws/install/turtlebot3_gazebo/share/turtlebot3_gazebo//worlds/turtlebot3_autoraces/waffle.model
[1.586s] -- Up-to-date symlink: /home/rsa/colcon_ws/install/turtlebot3_gazebo/share/turtlebot3_gazebo//worlds/turtlebot3_autoraces/waffle_pi.model
[1.586s] -- Up-to-date symlink: /home/rsa/colcon_ws/install/turtlebot3_gazebo/share/turtlebot3_gazebo//worlds/turtlebot3_dqn_stage1/burger.model
[1.586s] -- Up-to-date symlink: /home/rsa/colcon_ws/install/turtlebot3_gazebo/share/turtlebot3_gazebo//worlds/turtlebot3_dqn_stage1/waffle.model
[1.586s] -- Up-to-date symlink: /home/rsa/colcon_ws/install/turtlebot3_gazebo/share/turtlebot3_gazebo//worlds/turtlebot3_dqn_stage1/waffle_pi.model
[1.586s] -- Up-to-date symlink: /home/rsa/colcon_ws/install/turtlebot3_gazebo/share/turtlebot3_gazebo//worlds/turtlebot3_dqn_stage2/burger.model
[1.586s] -- Up-to-date symlink: /home/rsa/colcon_ws/install/turtlebot3_gazebo/share/turtlebot3_gazebo//worlds/turtlebot3_dqn_stage2/waffle.model
[1.586s] -- Up-to-date symlink: /home/rsa/colcon_ws/install/turtlebot3_gazebo/share/turtlebot3_gazebo//worlds/turtlebot3_dqn_stage2/waffle_pi.model
[1.586s] -- Up-to-date symlink: /home/rsa/colcon_ws/install/turtlebot3_gazebo/share/turtlebot3_gazebo//worlds/turtlebot3_dqn_stage3/burger.model
[1.586s] -- Up-to-date symlink: /home/rsa/colcon_ws/install/turtlebot3_gazebo/share/turtlebot3_gazebo//worlds/turtlebot3_dqn_stage3/waffle.model
[1.586s] -- Up-to-date symlink: /home/rsa/colcon_ws/install/turtlebot3_gazebo/share/turtlebot3_gazebo//worlds/turtlebot3_dqn_stage3/waffle_pi.model
[1.587s] -- Up-to-date symlink: /home/rsa/colcon_ws/install/turtlebot3_gazebo/share/turtlebot3_gazebo//worlds/turtlebot3_dqn_stage4/burger.model
[1.587s] -- Up-to-date symlink: /home/rsa/colcon_ws/install/turtlebot3_gazebo/share/turtlebot3_gazebo//worlds/turtlebot3_dqn_stage4/waffle.model
[1.587s] -- Up-to-date symlink: /home/rsa/colcon_ws/install/turtlebot3_gazebo/share/turtlebot3_gazebo//worlds/turtlebot3_dqn_stage4/waffle_pi.model
[1.587s] -- Up-to-date symlink: /home/rsa/colcon_ws/install/turtlebot3_gazebo/share/turtlebot3_gazebo//worlds/turtlebot3_houses/burger.model
[1.587s] -- Up-to-date symlink: /home/rsa/colcon_ws/install/turtlebot3_gazebo/share/turtlebot3_gazebo//worlds/turtlebot3_houses/waffle.model
[1.587s] -- Up-to-date symlink: /home/rsa/colcon_ws/install/turtlebot3_gazebo/share/turtlebot3_gazebo//worlds/turtlebot3_houses/waffle_pi.model
[1.587s] -- Up-to-date symlink: /home/rsa/colcon_ws/install/turtlebot3_gazebo/share/turtlebot3_gazebo//worlds/turtlebot3_mazes/burger.model
[1.587s] -- Up-to-date symlink: /home/rsa/colcon_ws/install/turtlebot3_gazebo/share/turtlebot3_gazebo//worlds/turtlebot3_mazes/waffle.model
[1.587s] -- Up-to-date symlink: /home/rsa/colcon_ws/install/turtlebot3_gazebo/share/turtlebot3_gazebo//worlds/turtlebot3_mazes/waffle_pi.model
[1.587s] -- Up-to-date symlink: /home/rsa/colcon_ws/install/turtlebot3_gazebo/share/turtlebot3_gazebo//worlds/turtlebot3_mazes/waffle_pi.model~
[1.587s] -- Up-to-date symlink: /home/rsa/colcon_ws/install/turtlebot3_gazebo/share/turtlebot3_gazebo//worlds/turtlebot3_worlds/burger.model
[1.587s] -- Up-to-date symlink: /home/rsa/colcon_ws/install/turtlebot3_gazebo/share/turtlebot3_gazebo//worlds/turtlebot3_worlds/waffle.model
[1.587s] -- Up-to-date symlink: /home/rsa/colcon_ws/install/turtlebot3_gazebo/share/turtlebot3_gazebo//worlds/turtlebot3_worlds/waffle_pi.model
[1.587s] -- Up-to-date symlink: /home/rsa/colcon_ws/install/turtlebot3_gazebo/include//turtlebot3_gazebo/turtlebot3_drive.hpp
[1.587s] -- Up-to-date symlink: /home/rsa/colcon_ws/install/turtlebot3_gazebo/share/ament_index/resource_index/package_run_dependencies/turtlebot3_gazebo
[1.587s] -- Up-to-date symlink: /home/rsa/colcon_ws/install/turtlebot3_gazebo/share/ament_index/resource_index/parent_prefix_path/turtlebot3_gazebo
[1.587s] -- Up-to-date symlink: /home/rsa/colcon_ws/install/turtlebot3_gazebo/share/turtlebot3_gazebo/environment/ament_prefix_path.sh
[1.587s] -- Up-to-date symlink: /home/rsa/colcon_ws/install/turtlebot3_gazebo/share/turtlebot3_gazebo/environment/ament_prefix_path.dsv
[1.587s] -- Up-to-date symlink: /home/rsa/colcon_ws/install/turtlebot3_gazebo/share/turtlebot3_gazebo/environment/path.sh
[1.588s] -- Up-to-date symlink: /home/rsa/colcon_ws/install/turtlebot3_gazebo/share/turtlebot3_gazebo/environment/path.dsv
[1.588s] -- Up-to-date symlink: /home/rsa/colcon_ws/install/turtlebot3_gazebo/share/turtlebot3_gazebo/local_setup.bash
[1.588s] -- Up-to-date symlink: /home/rsa/colcon_ws/install/turtlebot3_gazebo/share/turtlebot3_gazebo/local_setup.sh
[1.588s] -- Up-to-date symlink: /home/rsa/colcon_ws/install/turtlebot3_gazebo/share/turtlebot3_gazebo/local_setup.zsh
[1.588s] -- Up-to-date symlink: /home/rsa/colcon_ws/install/turtlebot3_gazebo/share/turtlebot3_gazebo/local_setup.dsv
[1.588s] -- Symlinking: /home/rsa/colcon_ws/install/turtlebot3_gazebo/share/turtlebot3_gazebo/package.dsv
[1.588s] -- Up-to-date symlink: /home/rsa/colcon_ws/install/turtlebot3_gazebo/share/ament_index/resource_index/packages/turtlebot3_gazebo
[1.588s] -- Up-to-date symlink: /home/rsa/colcon_ws/install/turtlebot3_gazebo/share/turtlebot3_gazebo/cmake/ament_cmake_export_include_directories-extras.cmake
[1.588s] -- Up-to-date symlink: /home/rsa/colcon_ws/install/turtlebot3_gazebo/share/turtlebot3_gazebo/cmake/ament_cmake_export_dependencies-extras.cmake
[1.588s] -- Up-to-date symlink: /home/rsa/colcon_ws/install/turtlebot3_gazebo/share/turtlebot3_gazebo/cmake/turtlebot3_gazeboConfig.cmake
[1.588s] -- Up-to-date symlink: /home/rsa/colcon_ws/install/turtlebot3_gazebo/share/turtlebot3_gazebo/cmake/turtlebot3_gazeboConfig-version.cmake
[1.588s] -- Up-to-date symlink: /home/rsa/colcon_ws/install/turtlebot3_gazebo/share/turtlebot3_gazebo/package.xml
[1.633s] Invoked command in '/home/rsa/colcon_ws/build/turtlebot3_gazebo' returned '0': CMAKE_PREFIX_PATH=${CMAKE_PREFIX_PATH}:/opt/ros/foxy /usr/bin/cmake --install /home/rsa/colcon_ws/build/turtlebot3_gazebo
