[0.252s] Invoking command in '/home/rsa/colcon_ws/build/pl_interface': CMAKE_PREFIX_PATH=${CMAKE_PREFIX_PATH}:/opt/ros/foxy /usr/bin/cmake --build /home/rsa/colcon_ws/build/pl_interface -- -j4 -l4
[1.980s] [100%] Built target pl_interface
[2.027s] Invoked command in '/home/rsa/colcon_ws/build/pl_interface' returned '0': CMAKE_PREFIX_PATH=${CMAKE_PREFIX_PATH}:/opt/ros/foxy /usr/bin/cmake --build /home/rsa/colcon_ws/build/pl_interface -- -j4 -l4
[2.467s] Invoking command in '/home/rsa/colcon_ws/build/pl_interface': CMAKE_PREFIX_PATH=${CMAKE_PREFIX_PATH}:/opt/ros/foxy /usr/bin/cmake --install /home/rsa/colcon_ws/build/pl_interface
[2.515s] -- Install configuration: ""
[2.526s] -- Execute custom install script
[2.529s] -- Up-to-date symlink: /home/rsa/colcon_ws/install/pl_interface/lib/pl_interface/pl_interface
[2.547s] -- Up-to-date symlink: /home/rsa/colcon_ws/install/pl_interface/share/pl_interface//launch/__pycache__/pl_interface.launch.cpython-38.pyc
[2.547s] -- Up-to-date symlink: /home/rsa/colcon_ws/install/pl_interface/share/pl_interface//launch/pl_interface.launch.py
[2.547s] -- Up-to-date symlink: /home/rsa/colcon_ws/install/pl_interface/include//pl_interface/pl_interface.hpp
[2.566s] -- Up-to-date symlink: /home/rsa/colcon_ws/install/pl_interface/share/pl_interface/environment/pythonpath.sh
[2.571s] -- Up-to-date symlink: /home/rsa/colcon_ws/install/pl_interface/share/pl_interface/environment/pythonpath.dsv
[2.592s] -- Up-to-date symlink: /home/rsa/colcon_ws/install/pl_interface/lib/python3.8/site-packages/pl_interface/__init__.py
[2.596s] -- Up-to-date symlink: /home/rsa/colcon_ws/install/pl_interface/lib/python3.8/site-packages/pl_interface/landmark.py
[2.597s] -- Up-to-date symlink: /home/rsa/colcon_ws/install/pl_interface/lib/pl_interface/see_marker.py
[2.599s] -- Up-to-date symlink: /home/rsa/colcon_ws/install/pl_interface/lib/pl_interface/point_transformer.py
[2.599s] -- Up-to-date symlink: /home/rsa/colcon_ws/install/pl_interface/share/ament_index/resource_index/package_run_dependencies/pl_interface
[2.617s] -- Up-to-date symlink: /home/rsa/colcon_ws/install/pl_interface/share/ament_index/resource_index/parent_prefix_path/pl_interface
[2.617s] -- Up-to-date symlink: /home/rsa/colcon_ws/install/pl_interface/share/pl_interface/environment/ament_prefix_path.sh
[2.617s] -- Up-to-date symlink: /home/rsa/colcon_ws/install/pl_interface/share/pl_interface/environment/ament_prefix_path.dsv
[2.617s] -- Up-to-date symlink: /home/rsa/colcon_ws/install/pl_interface/share/pl_interface/environment/path.sh
[2.617s] -- Up-to-date symlink: /home/rsa/colcon_ws/install/pl_interface/share/pl_interface/environment/path.dsv
[2.617s] -- Up-to-date symlink: /home/rsa/colcon_ws/install/pl_interface/share/pl_interface/local_setup.bash
[2.618s] -- Up-to-date symlink: /home/rsa/colcon_ws/install/pl_interface/share/pl_interface/local_setup.sh
[2.623s] -- Up-to-date symlink: /home/rsa/colcon_ws/install/pl_interface/share/pl_interface/local_setup.zsh
[2.623s] -- Up-to-date symlink: /home/rsa/colcon_ws/install/pl_interface/share/pl_interface/local_setup.dsv
[2.623s] -- Symlinking: /home/rsa/colcon_ws/install/pl_interface/share/pl_interface/package.dsv
[2.702s] -- Up-to-date symlink: /home/rsa/colcon_ws/install/pl_interface/share/ament_index/resource_index/packages/pl_interface
[2.702s] -- Up-to-date symlink: /home/rsa/colcon_ws/install/pl_interface/share/pl_interface/cmake/ament_cmake_export_include_directories-extras.cmake
[2.713s] -- Up-to-date symlink: /home/rsa/colcon_ws/install/pl_interface/share/pl_interface/cmake/ament_cmake_export_dependencies-extras.cmake
[2.714s] -- Up-to-date symlink: /home/rsa/colcon_ws/install/pl_interface/share/pl_interface/cmake/pl_interfaceConfig.cmake
[2.717s] -- Up-to-date symlink: /home/rsa/colcon_ws/install/pl_interface/share/pl_interface/cmake/pl_interfaceConfig-version.cmake
[2.717s] -- Up-to-date symlink: /home/rsa/colcon_ws/install/pl_interface/share/pl_interface/package.xml
[2.855s] Listing '/home/rsa/colcon_ws/install/pl_interface/lib/python3.8/site-packages/pl_interface'...
[3.007s] Invoked command in '/home/rsa/colcon_ws/build/pl_interface' returned '0': CMAKE_PREFIX_PATH=${CMAKE_PREFIX_PATH}:/opt/ros/foxy /usr/bin/cmake --install /home/rsa/colcon_ws/build/pl_interface
