[0.022s] Invoking command in '/home/rsa/colcon_ws/build/wall_follower': CMAKE_PREFIX_PATH=${CMAKE_PREFIX_PATH}:/opt/ros/foxy /usr/bin/cmake /home/rsa/colcon_ws/src/wall_follower -DCMAKE_INSTALL_PREFIX=/home/rsa/colcon_ws/install/wall_follower
[0.213s] -- Found Python3: /usr/bin/python3.8 (found version "3.8.10") found components: Interpreter 
[0.271s] -- The C compiler identification is GNU 9.4.0
[0.334s] -- The CXX compiler identification is GNU 9.4.0
[0.341s] -- Check for working C compiler: /usr/bin/cc
[0.444s] -- Check for working C compiler: /usr/bin/cc -- works
[0.445s] -- Detecting C compiler ABI info
[0.551s] -- Detecting C compiler ABI info - done
[0.561s] -- Detecting C compile features
[0.562s] -- Detecting C compile features - done
[0.565s] -- Check for working CXX compiler: /usr/bin/c++
[0.699s] -- Check for working CXX compiler: /usr/bin/c++ -- works
[0.700s] -- Detecting CXX compiler ABI info
[0.830s] -- Detecting CXX compiler ABI info - done
[0.841s] -- Detecting CXX compile features
[0.841s] -- Detecting CXX compile features - done
[0.845s] -- Found ament_cmake: 0.9.12 (/opt/ros/foxy/share/ament_cmake/cmake)
[0.875s] -- Found PythonInterp: /usr/bin/python3 (found suitable version "3.8.10", minimum required is "3") 
[0.875s] -- Using PYTHON_EXECUTABLE: /usr/bin/python3
[1.054s] -- Found rclcpp: 2.4.3 (/opt/ros/foxy/share/rclcpp/cmake)
[1.101s] -- Using all available rosidl_typesupport_c: rosidl_typesupport_fastrtps_c;rosidl_typesupport_introspection_c
[1.110s] -- Found rosidl_adapter: 1.3.1 (/opt/ros/foxy/share/rosidl_adapter/cmake)
[1.228s] -- Found OpenSSL: /usr/lib/x86_64-linux-gnu/libcrypto.so (found version "1.1.1f")  
[1.262s] -- Found FastRTPS: /opt/ros/foxy/include  
[1.342s] -- Using all available rosidl_typesupport_cpp: rosidl_typesupport_fastrtps_cpp;rosidl_typesupport_introspection_cpp
[1.392s] -- Found rmw_implementation_cmake: 1.0.4 (/opt/ros/foxy/share/rmw_implementation_cmake/cmake)
[1.394s] -- Using RMW implementation 'rmw_fastrtps_cpp' as default
[1.395s] -- Looking for pthread.h
[1.497s] -- Looking for pthread.h - found
[1.497s] -- Performing Test CMAKE_HAVE_LIBC_PTHREAD
[1.595s] -- Performing Test CMAKE_HAVE_LIBC_PTHREAD - Failed
[1.596s] -- Looking for pthread_create in pthreads
[1.678s] -- Looking for pthread_create in pthreads - not found
[1.679s] -- Looking for pthread_create in pthread
[1.783s] -- Looking for pthread_create in pthread - found
[1.784s] -- Found Threads: TRUE  
[1.933s] -- Found rclpy: 1.0.13 (/opt/ros/foxy/share/rclpy/cmake)
[1.934s] -- Found geometry_msgs: 2.0.5 (/opt/ros/foxy/share/geometry_msgs/cmake)
[1.968s] -- Found nav_msgs: 2.0.5 (/opt/ros/foxy/share/nav_msgs/cmake)
[2.036s] -- Found sensor_msgs: 2.0.5 (/opt/ros/foxy/share/sensor_msgs/cmake)
[2.105s] -- Found tf2: 0.13.14 (/opt/ros/foxy/share/tf2/cmake)
[2.212s] -- Configuring done
[2.222s] -- Generating done
[2.226s] -- Build files have been written to: /home/rsa/colcon_ws/build/wall_follower
[2.241s] Invoked command in '/home/rsa/colcon_ws/build/wall_follower' returned '0': CMAKE_PREFIX_PATH=${CMAKE_PREFIX_PATH}:/opt/ros/foxy /usr/bin/cmake /home/rsa/colcon_ws/src/wall_follower -DCMAKE_INSTALL_PREFIX=/home/rsa/colcon_ws/install/wall_follower
[2.247s] Invoking command in '/home/rsa/colcon_ws/build/wall_follower': CMAKE_PREFIX_PATH=${CMAKE_PREFIX_PATH}:/opt/ros/foxy /usr/bin/cmake --build /home/rsa/colcon_ws/build/wall_follower -- -j4 -l4
[2.320s] [35m[1mScanning dependencies of target wall_follower[0m
[2.379s] [ 50%] [32mBuilding CXX object CMakeFiles/wall_follower.dir/src/wall_follower.cpp.o[0m
[9.008s] [100%] [32m[1mLinking CXX executable wall_follower[0m
[9.282s] [100%] Built target wall_follower
[9.305s] Invoked command in '/home/rsa/colcon_ws/build/wall_follower' returned '0': CMAKE_PREFIX_PATH=${CMAKE_PREFIX_PATH}:/opt/ros/foxy /usr/bin/cmake --build /home/rsa/colcon_ws/build/wall_follower -- -j4 -l4
[9.388s] Invoking command in '/home/rsa/colcon_ws/build/wall_follower': CMAKE_PREFIX_PATH=${CMAKE_PREFIX_PATH}:/opt/ros/foxy /usr/bin/cmake --install /home/rsa/colcon_ws/build/wall_follower
[9.402s] -- Install configuration: ""
[9.403s] -- Installing: /home/rsa/colcon_ws/install/wall_follower/lib/wall_follower/wall_follower
[9.407s] -- Set runtime path of "/home/rsa/colcon_ws/install/wall_follower/lib/wall_follower/wall_follower" to ""
[9.407s] -- Installing: /home/rsa/colcon_ws/install/wall_follower/share/wall_follower//launch
[9.407s] -- Installing: /home/rsa/colcon_ws/install/wall_follower/share/wall_follower//launch/wall_follower.launch.py
[9.407s] -- Installing: /home/rsa/colcon_ws/install/wall_follower/share/wall_follower//launch/marker_navigator.launch.py
[9.407s] -- Installing: /home/rsa/colcon_ws/install/wall_follower/include/
[9.407s] -- Installing: /home/rsa/colcon_ws/install/wall_follower/include//wall_follower
[9.407s] -- Installing: /home/rsa/colcon_ws/install/wall_follower/include//wall_follower/wall_follower.hpp
[9.408s] -- Installing: /home/rsa/colcon_ws/install/wall_follower/share/wall_follower/environment/pythonpath.sh
[9.408s] -- Installing: /home/rsa/colcon_ws/install/wall_follower/share/wall_follower/environment/pythonpath.dsv
[9.408s] -- Installing: /home/rsa/colcon_ws/install/wall_follower/lib/python3.8/site-packages/wall_follower
[9.408s] -- Installing: /home/rsa/colcon_ws/install/wall_follower/lib/python3.8/site-packages/wall_follower/landmark.py
[9.408s] -- Installing: /home/rsa/colcon_ws/install/wall_follower/lib/python3.8/site-packages/wall_follower/__init__.py
[9.435s] Listing '/home/rsa/colcon_ws/install/wall_follower/lib/python3.8/site-packages/wall_follower'...
[9.436s] Compiling '/home/rsa/colcon_ws/install/wall_follower/lib/python3.8/site-packages/wall_follower/__init__.py'...
[9.436s] Compiling '/home/rsa/colcon_ws/install/wall_follower/lib/python3.8/site-packages/wall_follower/landmark.py'...
[9.442s] -- Installing: /home/rsa/colcon_ws/install/wall_follower/lib/wall_follower/see_marker.py
[9.442s] -- Installing: /home/rsa/colcon_ws/install/wall_follower/lib/wall_follower/point_transformer.py
[9.442s] -- Installing: /home/rsa/colcon_ws/install/wall_follower/lib/wall_follower/marker_navigator.py
[9.443s] -- Installing: /home/rsa/colcon_ws/install/wall_follower/share/ament_index/resource_index/package_run_dependencies/wall_follower
[9.443s] -- Installing: /home/rsa/colcon_ws/install/wall_follower/share/ament_index/resource_index/parent_prefix_path/wall_follower
[9.444s] -- Installing: /home/rsa/colcon_ws/install/wall_follower/share/wall_follower/environment/ament_prefix_path.sh
[9.444s] -- Installing: /home/rsa/colcon_ws/install/wall_follower/share/wall_follower/environment/ament_prefix_path.dsv
[9.444s] -- Installing: /home/rsa/colcon_ws/install/wall_follower/share/wall_follower/environment/path.sh
[9.444s] -- Installing: /home/rsa/colcon_ws/install/wall_follower/share/wall_follower/environment/path.dsv
[9.445s] -- Installing: /home/rsa/colcon_ws/install/wall_follower/share/wall_follower/local_setup.bash
[9.445s] -- Installing: /home/rsa/colcon_ws/install/wall_follower/share/wall_follower/local_setup.sh
[9.445s] -- Installing: /home/rsa/colcon_ws/install/wall_follower/share/wall_follower/local_setup.zsh
[9.445s] -- Installing: /home/rsa/colcon_ws/install/wall_follower/share/wall_follower/local_setup.dsv
[9.445s] -- Installing: /home/rsa/colcon_ws/install/wall_follower/share/wall_follower/package.dsv
[9.446s] -- Installing: /home/rsa/colcon_ws/install/wall_follower/share/ament_index/resource_index/packages/wall_follower
[9.446s] -- Installing: /home/rsa/colcon_ws/install/wall_follower/share/wall_follower/cmake/ament_cmake_export_include_directories-extras.cmake
[9.446s] -- Installing: /home/rsa/colcon_ws/install/wall_follower/share/wall_follower/cmake/ament_cmake_export_dependencies-extras.cmake
[9.447s] -- Installing: /home/rsa/colcon_ws/install/wall_follower/share/wall_follower/cmake/wall_followerConfig.cmake
[9.447s] -- Installing: /home/rsa/colcon_ws/install/wall_follower/share/wall_follower/cmake/wall_followerConfig-version.cmake
[9.447s] -- Installing: /home/rsa/colcon_ws/install/wall_follower/share/wall_follower/package.xml
[9.451s] Invoked command in '/home/rsa/colcon_ws/build/wall_follower' returned '0': CMAKE_PREFIX_PATH=${CMAKE_PREFIX_PATH}:/opt/ros/foxy /usr/bin/cmake --install /home/rsa/colcon_ws/build/wall_follower
