[0.171s] Invoking command in '/home/rsa/colcon_ws/build/wall_follower': CMAKE_PREFIX_PATH=${CMAKE_PREFIX_PATH}:/opt/ros/foxy /usr/bin/cmake /home/rsa/colcon_ws/src/wall_follower -DAMENT_CMAKE_SYMLINK_INSTALL=1 -DCMAKE_INSTALL_PREFIX=/home/rsa/colcon_ws/install/wall_follower
[0.240s] -- The C compiler identification is GNU 9.4.0
[0.302s] -- The CXX compiler identification is GNU 9.4.0
[0.307s] -- Check for working C compiler: /usr/bin/cc
[0.391s] -- Check for working C compiler: /usr/bin/cc -- works
[0.392s] -- Detecting C compiler ABI info
[0.479s] -- Detecting C compiler ABI info - done
[0.489s] -- Detecting C compile features
[0.490s] -- Detecting C compile features - done
[0.492s] -- Check for working CXX compiler: /usr/bin/c++
[0.589s] -- Check for working CXX compiler: /usr/bin/c++ -- works
[0.590s] -- Detecting CXX compiler ABI info
[0.681s] -- Detecting CXX compiler ABI info - done
[0.692s] -- Detecting CXX compile features
[0.693s] -- Detecting CXX compile features - done
[0.696s] -- Found ament_cmake: 0.9.12 (/opt/ros/foxy/share/ament_cmake/cmake)
[0.719s] -- Found PythonInterp: /usr/bin/python3 (found suitable version "3.8.10", minimum required is "3") 
[0.720s] -- Using PYTHON_EXECUTABLE: /usr/bin/python3
[0.892s] -- Override CMake install command with custom implementation using symlinks instead of copying resources
[0.919s] -- Found rclcpp: 2.4.3 (/opt/ros/foxy/share/rclcpp/cmake)
[0.972s] -- Using all available rosidl_typesupport_c: rosidl_typesupport_fastrtps_c;rosidl_typesupport_introspection_c
[0.980s] -- Found rosidl_adapter: 1.3.1 (/opt/ros/foxy/share/rosidl_adapter/cmake)
[1.078s] -- Found OpenSSL: /usr/lib/x86_64-linux-gnu/libcrypto.so (found version "1.1.1f")  
[1.108s] -- Found FastRTPS: /opt/ros/foxy/include  
[1.195s] -- Using all available rosidl_typesupport_cpp: rosidl_typesupport_fastrtps_cpp;rosidl_typesupport_introspection_cpp
[1.253s] -- Found rmw_implementation_cmake: 1.0.4 (/opt/ros/foxy/share/rmw_implementation_cmake/cmake)
[1.254s] -- Using RMW implementation 'rmw_fastrtps_cpp' as default
[1.255s] -- Looking for pthread.h
[1.346s] -- Looking for pthread.h - found
[1.346s] -- Performing Test CMAKE_HAVE_LIBC_PTHREAD
[1.431s] -- Performing Test CMAKE_HAVE_LIBC_PTHREAD - Failed
[1.432s] -- Looking for pthread_create in pthreads
[1.504s] -- Looking for pthread_create in pthreads - not found
[1.504s] -- Looking for pthread_create in pthread
[1.588s] -- Looking for pthread_create in pthread - found
[1.589s] -- Found Threads: TRUE  
[1.748s] -- Found rclpy: 1.0.13 (/opt/ros/foxy/share/rclpy/cmake)
[1.750s] -- Found geometry_msgs: 2.0.5 (/opt/ros/foxy/share/geometry_msgs/cmake)
[1.788s] -- Found nav_msgs: 2.0.5 (/opt/ros/foxy/share/nav_msgs/cmake)
[1.861s] -- Found sensor_msgs: 2.0.5 (/opt/ros/foxy/share/sensor_msgs/cmake)
[1.938s] -- Found tf2: 0.13.14 (/opt/ros/foxy/share/tf2/cmake)
[2.049s] -- Configuring done
[2.059s] -- Generating done
[2.060s] -- Build files have been written to: /home/rsa/colcon_ws/build/wall_follower
[2.073s] Invoked command in '/home/rsa/colcon_ws/build/wall_follower' returned '0': CMAKE_PREFIX_PATH=${CMAKE_PREFIX_PATH}:/opt/ros/foxy /usr/bin/cmake /home/rsa/colcon_ws/src/wall_follower -DAMENT_CMAKE_SYMLINK_INSTALL=1 -DCMAKE_INSTALL_PREFIX=/home/rsa/colcon_ws/install/wall_follower
[2.077s] Invoking command in '/home/rsa/colcon_ws/build/wall_follower': CMAKE_PREFIX_PATH=${CMAKE_PREFIX_PATH}:/opt/ros/foxy /usr/bin/cmake --build /home/rsa/colcon_ws/build/wall_follower -- -j2 -l2
[2.132s] [35m[1mScanning dependencies of target wall_follower[0m
[2.184s] [ 50%] [32mBuilding CXX object CMakeFiles/wall_follower.dir/src/wall_follower.cpp.o[0m
[8.835s] [100%] [32m[1mLinking CXX executable wall_follower[0m
[9.174s] [100%] Built target wall_follower
[9.193s] Invoked command in '/home/rsa/colcon_ws/build/wall_follower' returned '0': CMAKE_PREFIX_PATH=${CMAKE_PREFIX_PATH}:/opt/ros/foxy /usr/bin/cmake --build /home/rsa/colcon_ws/build/wall_follower -- -j2 -l2
[9.225s] Invoking command in '/home/rsa/colcon_ws/build/wall_follower': CMAKE_PREFIX_PATH=${CMAKE_PREFIX_PATH}:/opt/ros/foxy /usr/bin/cmake --install /home/rsa/colcon_ws/build/wall_follower
[9.236s] -- Install configuration: ""
[9.237s] -- Execute custom install script
[9.237s] -- Symlinking: /home/rsa/colcon_ws/install/wall_follower/lib/wall_follower/wall_follower
[9.249s] -- Symlinking: /home/rsa/colcon_ws/install/wall_follower/share/wall_follower//launch/wall_follower.launch.py
[9.262s] -- Symlinking: /home/rsa/colcon_ws/install/wall_follower/include//wall_follower/wall_follower.hpp
[9.273s] -- Symlinking: /home/rsa/colcon_ws/install/wall_follower/share/wall_follower/environment/pythonpath.sh
[9.290s] -- Symlinking: /home/rsa/colcon_ws/install/wall_follower/share/wall_follower/environment/pythonpath.dsv
[9.301s] -- Symlinking: /home/rsa/colcon_ws/install/wall_follower/lib/python3.8/site-packages/wall_follower/__init__.py
[9.314s] -- Symlinking: /home/rsa/colcon_ws/install/wall_follower/lib/python3.8/site-packages/wall_follower/landmark.py
[9.326s] -- Symlinking: /home/rsa/colcon_ws/install/wall_follower/lib/wall_follower/see_marker.py
[9.338s] -- Symlinking: /home/rsa/colcon_ws/install/wall_follower/lib/wall_follower/point_transformer.py
[9.349s] -- Symlinking: /home/rsa/colcon_ws/install/wall_follower/share/ament_index/resource_index/package_run_dependencies/wall_follower
[9.361s] -- Symlinking: /home/rsa/colcon_ws/install/wall_follower/share/ament_index/resource_index/parent_prefix_path/wall_follower
[9.373s] -- Symlinking: /home/rsa/colcon_ws/install/wall_follower/share/wall_follower/environment/ament_prefix_path.sh
[9.389s] -- Symlinking: /home/rsa/colcon_ws/install/wall_follower/share/wall_follower/environment/ament_prefix_path.dsv
[9.401s] -- Symlinking: /home/rsa/colcon_ws/install/wall_follower/share/wall_follower/environment/path.sh
[9.412s] -- Symlinking: /home/rsa/colcon_ws/install/wall_follower/share/wall_follower/environment/path.dsv
[9.422s] -- Symlinking: /home/rsa/colcon_ws/install/wall_follower/share/wall_follower/local_setup.bash
[9.433s] -- Symlinking: /home/rsa/colcon_ws/install/wall_follower/share/wall_follower/local_setup.sh
[9.444s] -- Symlinking: /home/rsa/colcon_ws/install/wall_follower/share/wall_follower/local_setup.zsh
[9.456s] -- Symlinking: /home/rsa/colcon_ws/install/wall_follower/share/wall_follower/local_setup.dsv
[9.467s] -- Symlinking: /home/rsa/colcon_ws/install/wall_follower/share/wall_follower/package.dsv
[9.479s] -- Symlinking: /home/rsa/colcon_ws/install/wall_follower/share/ament_index/resource_index/packages/wall_follower
[9.494s] -- Symlinking: /home/rsa/colcon_ws/install/wall_follower/share/wall_follower/cmake/ament_cmake_export_include_directories-extras.cmake
[9.506s] -- Symlinking: /home/rsa/colcon_ws/install/wall_follower/share/wall_follower/cmake/ament_cmake_export_dependencies-extras.cmake
[9.518s] -- Symlinking: /home/rsa/colcon_ws/install/wall_follower/share/wall_follower/cmake/wall_followerConfig.cmake
[9.530s] -- Symlinking: /home/rsa/colcon_ws/install/wall_follower/share/wall_follower/cmake/wall_followerConfig-version.cmake
[9.541s] -- Symlinking: /home/rsa/colcon_ws/install/wall_follower/share/wall_follower/package.xml
[9.583s] Listing '/home/rsa/colcon_ws/install/wall_follower/lib/python3.8/site-packages/wall_follower'...
[9.583s] Compiling '/home/rsa/colcon_ws/install/wall_follower/lib/python3.8/site-packages/wall_follower/__init__.py'...
[9.584s] Compiling '/home/rsa/colcon_ws/install/wall_follower/lib/python3.8/site-packages/wall_follower/landmark.py'...
[9.593s] Invoked command in '/home/rsa/colcon_ws/build/wall_follower' returned '0': CMAKE_PREFIX_PATH=${CMAKE_PREFIX_PATH}:/opt/ros/foxy /usr/bin/cmake --install /home/rsa/colcon_ws/build/wall_follower
