[0.310s] Invoking command in '/home/rsa/colcon_ws/build/pl_interface': CMAKE_PREFIX_PATH=${CMAKE_PREFIX_PATH}:/opt/ros/foxy /usr/bin/cmake --build /home/rsa/colcon_ws/build/pl_interface -- -j2 -l2
[0.379s] [35m[1mScanning dependencies of target pl_interface[0m
[0.418s] [ 50%] [32mBuilding CXX object CMakeFiles/pl_interface.dir/src/pl_interface.cpp.o[0m
[1.771s] [01m[K/home/rsa/colcon_ws/src/pl_interface/src/pl_interface.cpp:13:1:[m[K [01;31m[Kerror: [m[Kexpected initializer before ‘[01m[Kterm[m[K’
[1.771s]    13 | [01;31m[Kterm[m[K make_scan(double scan_data_[]);
[1.771s]       | [01;31m[K^~~~[m[K
[1.772s] [01m[K/home/rsa/colcon_ws/src/pl_interface/src/pl_interface.cpp:[m[K In constructor ‘[01m[KPlInterface::PlInterface()[m[K’:
[1.773s] [01m[K/home/rsa/colcon_ws/src/pl_interface/src/pl_interface.cpp:31:11:[m[K [01;31m[Kerror: [m[Kinvalid conversion from ‘[01m[Kbool (*)()[m[K’ to ‘[01m[Kbool (*)(term, pobj**)[m[K’ {aka ‘[01m[Kbool (*)(pobj*, pobj**)[m[K’} [[01;31m[K-fpermissive[m[K]
[1.773s]    31 |  new_pred([01;31m[Kpl_near_start[m[K, (char *) "near_start");
[1.773s]       |           [01;31m[K^~~~~~~~~~~~~[m[K
[1.773s]       |           [01;31m[K|[m[K
[1.773s]       |           [01;31m[Kbool (*)()[m[K
[1.773s] In file included from [01m[K/usr/local/include/iProlog/prolog.h:420[m[K,
[1.773s]                  from [01m[K/home/rsa/colcon_ws/src/pl_interface/include/pl_interface/pl_interface.hpp:28[m[K,
[1.773s]                  from [01m[K/home/rsa/colcon_ws/src/pl_interface/src/pl_interface.cpp:3[m[K:
[1.773s] [01m[K/usr/local/include/iProlog/pred.h:3:15:[m[K [01;36m[Knote: [m[K  initializing argument 1 of ‘[01m[Kpobj* new_pred(bool (*)(term, pobj**), char*)[m[K’
[1.773s]     3 | term new_pred([01;36m[Kbool (*)(term, term *)[m[K, char *);
[1.773s]       |               [01;36m[K^~~~~~~~~~~~~~~~~~~~~~[m[K
[1.776s] [01m[K/home/rsa/colcon_ws/src/pl_interface/src/pl_interface.cpp:33:11:[m[K [01;31m[Kerror: [m[K‘[01m[Kpl_drive[m[K’ was not declared in this scope
[1.776s]    33 |  new_pred([01;31m[Kpl_drive[m[K, (char *) "drive");
[1.776s]       |           [01;31m[K^~~~~~~~[m[K
[1.817s] [01m[K/home/rsa/colcon_ws/src/pl_interface/src/pl_interface.cpp:[m[K In function ‘[01m[Kbool pl_drive(term, pobj**)[m[K’:
[1.818s] [01m[K/home/rsa/colcon_ws/src/pl_interface/src/pl_interface.cpp:205:51:[m[K [01;31m[Kerror: [m[K‘[01m[Kvoid PlInterface::update_cmd_vel(double, double)[m[K’ is private within this context
[1.818s]   205 |  current_node -> update_cmd_vel(RVAL(lv), RVAL(av)[01;31m[K)[m[K;
[1.818s]       |                                                   [01;31m[K^[m[K
[1.818s] [01m[K/home/rsa/colcon_ws/src/pl_interface/src/pl_interface.cpp:138:6:[m[K [01;36m[Knote: [m[Kdeclared private here
[1.818s]   138 | void [01;36m[KPlInterface[m[K::update_cmd_vel(double linear, double angular)
[1.818s]       |      [01;36m[K^~~~~~~~~~~[m[K
[3.633s] make[2]: *** [CMakeFiles/pl_interface.dir/build.make:63: CMakeFiles/pl_interface.dir/src/pl_interface.cpp.o] Error 1
[3.633s] make[1]: *** [CMakeFiles/Makefile2:78: CMakeFiles/pl_interface.dir/all] Error 2
[3.633s] make: *** [Makefile:141: all] Error 2
[3.635s] Invoked command in '/home/rsa/colcon_ws/build/pl_interface' returned '2': CMAKE_PREFIX_PATH=${CMAKE_PREFIX_PATH}:/opt/ros/foxy /usr/bin/cmake --build /home/rsa/colcon_ws/build/pl_interface -- -j2 -l2
