[0.142s] Invoking command in '/home/rsa/colcon_ws/build/turtlebot3_gazebo': CMAKE_PREFIX_PATH=${CMAKE_PREFIX_PATH}:/opt/ros/foxy /usr/bin/cmake --build /home/rsa/colcon_ws/build/turtlebot3_gazebo -- -j4 -l4
[0.544s] [ 25%] Built target obstacles
[0.740s] [ 50%] Built target obstacle1
[0.914s] [ 75%] Built target turtlebot3_drive
[1.229s] [100%] Built target obstacle2
[1.334s] Invoked command in '/home/rsa/colcon_ws/build/turtlebot3_gazebo' returned '0': CMAKE_PREFIX_PATH=${CMAKE_PREFIX_PATH}:/opt/ros/foxy /usr/bin/cmake --build /home/rsa/colcon_ws/build/turtlebot3_gazebo -- -j4 -l4
[1.801s] Invoking command in '/home/rsa/colcon_ws/build/turtlebot3_gazebo': CMAKE_PREFIX_PATH=${CMAKE_PREFIX_PATH}:/opt/ros/foxy /usr/bin/cmake --install /home/rsa/colcon_ws/build/turtlebot3_gazebo
[1.874s] -- Install configuration: ""
[1.874s] -- Execute custom install script
[1.895s] -- Up-to-date symlink: /home/rsa/colcon_ws/install/turtlebot3_gazebo/lib/turtlebot3_gazebo/turtlebot3_drive
[1.900s] -- Up-to-date symlink: /home/rsa/colcon_ws/install/turtlebot3_gazebo/share/turtlebot3_gazebo//launch/empty_world.launch.py
[1.900s] -- Up-to-date symlink: /home/rsa/colcon_ws/install/turtlebot3_gazebo/share/turtlebot3_gazebo//launch/robot_state_publisher.launch.py
[1.900s] -- Up-to-date symlink: /home/rsa/colcon_ws/install/turtlebot3_gazebo/share/turtlebot3_gazebo//launch/turtlebot3_autorace.launch.py
[1.900s] -- Up-to-date symlink: /home/rsa/colcon_ws/install/turtlebot3_gazebo/share/turtlebot3_gazebo//launch/turtlebot3_dqn_stage1.launch.py
[1.917s] -- Up-to-date symlink: /home/rsa/colcon_ws/install/turtlebot3_gazebo/share/turtlebot3_gazebo//launch/turtlebot3_dqn_stage2.launch.py
[1.921s] -- Up-to-date symlink: /home/rsa/colcon_ws/install/turtlebot3_gazebo/share/turtlebot3_gazebo//launch/turtlebot3_dqn_stage3.launch.py
[1.921s] -- Up-to-date symlink: /home/rsa/colcon_ws/install/turtlebot3_gazebo/share/turtlebot3_gazebo//launch/turtlebot3_dqn_stage4.launch.py
[1.921s] -- Up-to-date symlink: /home/rsa/colcon_ws/install/turtlebot3_gazebo/share/turtlebot3_gazebo//launch/turtlebot3_house.launch.py
[1.921s] -- Up-to-date symlink: /home/rsa/colcon_ws/install/turtlebot3_gazebo/share/turtlebot3_gazebo//launch/turtlebot3_maze.launch.py
[1.921s] -- Up-to-date symlink: /home/rsa/colcon_ws/install/turtlebot3_gazebo/share/turtlebot3_gazebo//launch/turtlebot3_world.launch.py
[1.921s] -- Up-to-date symlink: /home/rsa/colcon_ws/install/turtlebot3_gazebo/share/turtlebot3_gazebo//models/blue_on_pink_marker/model.config
[1.921s] -- Up-to-date symlink: /home/rsa/colcon_ws/install/turtlebot3_gazebo/share/turtlebot3_gazebo//models/blue_on_pink_marker/model.sdf
[1.921s] -- Up-to-date symlink: /home/rsa/colcon_ws/install/turtlebot3_gazebo/share/turtlebot3_gazebo//models/blue_on_pink_marker/model.sdf~
[1.921s] -- Up-to-date symlink: /home/rsa/colcon_ws/install/turtlebot3_gazebo/share/turtlebot3_gazebo//models/enclosure/model.config
[1.921s] -- Up-to-date symlink: /home/rsa/colcon_ws/install/turtlebot3_gazebo/share/turtlebot3_gazebo//models/enclosure/model.sdf
[1.921s] -- Up-to-date symlink: /home/rsa/colcon_ws/install/turtlebot3_gazebo/share/turtlebot3_gazebo//models/enclosure/model.sdf~
[1.921s] -- Up-to-date symlink: /home/rsa/colcon_ws/install/turtlebot3_gazebo/share/turtlebot3_gazebo//models/green_on_pink_marker/model.config
[1.921s] -- Up-to-date symlink: /home/rsa/colcon_ws/install/turtlebot3_gazebo/share/turtlebot3_gazebo//models/green_on_pink_marker/model.sdf
[1.921s] -- Up-to-date symlink: /home/rsa/colcon_ws/install/turtlebot3_gazebo/share/turtlebot3_gazebo//models/green_on_pink_marker/model.sdf~
[1.921s] -- Up-to-date symlink: /home/rsa/colcon_ws/install/turtlebot3_gazebo/share/turtlebot3_gazebo//models/maze2/model.config
[1.921s] -- Up-to-date symlink: /home/rsa/colcon_ws/install/turtlebot3_gazebo/share/turtlebot3_gazebo//models/maze2/model.sdf
[1.921s] -- Up-to-date symlink: /home/rsa/colcon_ws/install/turtlebot3_gazebo/share/turtlebot3_gazebo//models/pink_on_blue_marker/model.config
[1.922s] -- Up-to-date symlink: /home/rsa/colcon_ws/install/turtlebot3_gazebo/share/turtlebot3_gazebo//models/pink_on_blue_marker/model.sdf
[1.922s] -- Up-to-date symlink: /home/rsa/colcon_ws/install/turtlebot3_gazebo/share/turtlebot3_gazebo//models/pink_on_blue_marker/model.sdf~
[1.922s] -- Up-to-date symlink: /home/rsa/colcon_ws/install/turtlebot3_gazebo/share/turtlebot3_gazebo//models/pink_on_green_marker/model.config
[1.922s] -- Up-to-date symlink: /home/rsa/colcon_ws/install/turtlebot3_gazebo/share/turtlebot3_gazebo//models/pink_on_green_marker/model.sdf
[1.922s] -- Up-to-date symlink: /home/rsa/colcon_ws/install/turtlebot3_gazebo/share/turtlebot3_gazebo//models/pink_on_green_marker/model.sdf~
[1.922s] -- Up-to-date symlink: /home/rsa/colcon_ws/install/turtlebot3_gazebo/share/turtlebot3_gazebo//models/pink_on_yellow_marker/model.config
[1.923s] -- Up-to-date symlink: /home/rsa/colcon_ws/install/turtlebot3_gazebo/share/turtlebot3_gazebo//models/pink_on_yellow_marker/model.sdf
[1.923s] -- Up-to-date symlink: /home/rsa/colcon_ws/install/turtlebot3_gazebo/share/turtlebot3_gazebo//models/pink_on_yellow_marker/model.sdf~
[1.923s] -- Up-to-date symlink: /home/rsa/colcon_ws/install/turtlebot3_gazebo/share/turtlebot3_gazebo//models/turtlebot3_autorace/course/materials/scripts/course.material
[1.929s] -- Up-to-date symlink: /home/rsa/colcon_ws/install/turtlebot3_gazebo/share/turtlebot3_gazebo//models/turtlebot3_autorace/course/materials/textures/course.png
[1.929s] -- Up-to-date symlink: /home/rsa/colcon_ws/install/turtlebot3_gazebo/share/turtlebot3_gazebo//models/turtlebot3_autorace/course/model.config
[1.929s] -- Up-to-date symlink: /home/rsa/colcon_ws/install/turtlebot3_gazebo/share/turtlebot3_gazebo//models/turtlebot3_autorace/course/model.sdf
[1.929s] -- Up-to-date symlink: /home/rsa/colcon_ws/install/turtlebot3_gazebo/share/turtlebot3_gazebo//models/turtlebot3_autorace/ground/model.config
[1.929s] -- Up-to-date symlink: /home/rsa/colcon_ws/install/turtlebot3_gazebo/share/turtlebot3_gazebo//models/turtlebot3_autorace/ground/model.sdf
[1.929s] -- Up-to-date symlink: /home/rsa/colcon_ws/install/turtlebot3_gazebo/share/turtlebot3_gazebo//models/turtlebot3_autorace/lights/model.config
[1.929s] -- Up-to-date symlink: /home/rsa/colcon_ws/install/turtlebot3_gazebo/share/turtlebot3_gazebo//models/turtlebot3_autorace/lights/model.sdf
[1.929s] -- Up-to-date symlink: /home/rsa/colcon_ws/install/turtlebot3_gazebo/share/turtlebot3_gazebo//models/turtlebot3_autorace/model.config
[1.929s] -- Up-to-date symlink: /home/rsa/colcon_ws/install/turtlebot3_gazebo/share/turtlebot3_gazebo//models/turtlebot3_autorace/traffic_bar_down/materials/scripts/traffic_bar.material
[1.929s] -- Up-to-date symlink: /home/rsa/colcon_ws/install/turtlebot3_gazebo/share/turtlebot3_gazebo//models/turtlebot3_autorace/traffic_bar_down/materials/textures/traffic_bar.png
[1.929s] -- Up-to-date symlink: /home/rsa/colcon_ws/install/turtlebot3_gazebo/share/turtlebot3_gazebo//models/turtlebot3_autorace/traffic_bar_down/model.config
[1.929s] -- Up-to-date symlink: /home/rsa/colcon_ws/install/turtlebot3_gazebo/share/turtlebot3_gazebo//models/turtlebot3_autorace/traffic_bar_down/model.sdf
[1.929s] -- Up-to-date symlink: /home/rsa/colcon_ws/install/turtlebot3_gazebo/share/turtlebot3_gazebo//models/turtlebot3_autorace/traffic_bar_up/materials/scripts/traffic_bar.material
[1.929s] -- Up-to-date symlink: /home/rsa/colcon_ws/install/turtlebot3_gazebo/share/turtlebot3_gazebo//models/turtlebot3_autorace/traffic_bar_up/materials/textures/traffic_bar.png
[1.929s] -- Up-to-date symlink: /home/rsa/colcon_ws/install/turtlebot3_gazebo/share/turtlebot3_gazebo//models/turtlebot3_autorace/traffic_bar_up/model.config
[1.929s] -- Up-to-date symlink: /home/rsa/colcon_ws/install/turtlebot3_gazebo/share/turtlebot3_gazebo//models/turtlebot3_autorace/traffic_bar_up/model.sdf
[1.929s] -- Up-to-date symlink: /home/rsa/colcon_ws/install/turtlebot3_gazebo/share/turtlebot3_gazebo//models/turtlebot3_autorace/traffic_light_green/model.config
[1.929s] -- Up-to-date symlink: /home/rsa/colcon_ws/install/turtlebot3_gazebo/share/turtlebot3_gazebo//models/turtlebot3_autorace/traffic_light_green/model.sdf
[1.929s] -- Up-to-date symlink: /home/rsa/colcon_ws/install/turtlebot3_gazebo/share/turtlebot3_gazebo//models/turtlebot3_autorace/traffic_light_red/model.config
[1.929s] -- Up-to-date symlink: /home/rsa/colcon_ws/install/turtlebot3_gazebo/share/turtlebot3_gazebo//models/turtlebot3_autorace/traffic_light_red/model.sdf
[1.930s] -- Up-to-date symlink: /home/rsa/colcon_ws/install/turtlebot3_gazebo/share/turtlebot3_gazebo//models/turtlebot3_autorace/traffic_light_yellow/model.config
[1.930s] -- Up-to-date symlink: /home/rsa/colcon_ws/install/turtlebot3_gazebo/share/turtlebot3_gazebo//models/turtlebot3_autorace/traffic_light_yellow/model.sdf
[1.930s] -- Up-to-date symlink: /home/rsa/colcon_ws/install/turtlebot3_gazebo/share/turtlebot3_gazebo//models/turtlebot3_autorace/traffic_parking/materials/scripts/traffic_parking.material
[1.930s] -- Up-to-date symlink: /home/rsa/colcon_ws/install/turtlebot3_gazebo/share/turtlebot3_gazebo//models/turtlebot3_autorace/traffic_parking/materials/textures/traffic_parking.png
[1.930s] -- Up-to-date symlink: /home/rsa/colcon_ws/install/turtlebot3_gazebo/share/turtlebot3_gazebo//models/turtlebot3_autorace/traffic_parking/model.config
[1.930s] -- Up-to-date symlink: /home/rsa/colcon_ws/install/turtlebot3_gazebo/share/turtlebot3_gazebo//models/turtlebot3_autorace/traffic_parking/model.sdf
[1.930s] -- Up-to-date symlink: /home/rsa/colcon_ws/install/turtlebot3_gazebo/share/turtlebot3_gazebo//models/turtlebot3_autorace/traffic_stop/materials/scripts/traffic_stop.material
[1.930s] -- Up-to-date symlink: /home/rsa/colcon_ws/install/turtlebot3_gazebo/share/turtlebot3_gazebo//models/turtlebot3_autorace/traffic_stop/materials/textures/traffic_stop.png
[1.934s] -- Up-to-date symlink: /home/rsa/colcon_ws/install/turtlebot3_gazebo/share/turtlebot3_gazebo//models/turtlebot3_autorace/traffic_stop/model.config
[1.937s] -- Up-to-date symlink: /home/rsa/colcon_ws/install/turtlebot3_gazebo/share/turtlebot3_gazebo//models/turtlebot3_autorace/traffic_stop/model.sdf
[1.937s] -- Up-to-date symlink: /home/rsa/colcon_ws/install/turtlebot3_gazebo/share/turtlebot3_gazebo//models/turtlebot3_autorace/traffic_tunnel/materials/scripts/tunnel.material
[1.937s] -- Up-to-date symlink: /home/rsa/colcon_ws/install/turtlebot3_gazebo/share/turtlebot3_gazebo//models/turtlebot3_autorace/traffic_tunnel/materials/textures/tunnel.png
[1.937s] -- Up-to-date symlink: /home/rsa/colcon_ws/install/turtlebot3_gazebo/share/turtlebot3_gazebo//models/turtlebot3_autorace/traffic_tunnel/model.config
[1.937s] -- Up-to-date symlink: /home/rsa/colcon_ws/install/turtlebot3_gazebo/share/turtlebot3_gazebo//models/turtlebot3_autorace/traffic_tunnel/model.sdf
[1.937s] -- Up-to-date symlink: /home/rsa/colcon_ws/install/turtlebot3_gazebo/share/turtlebot3_gazebo//models/turtlebot3_autorace/tunnel_obstacles/model.config
[1.937s] -- Up-to-date symlink: /home/rsa/colcon_ws/install/turtlebot3_gazebo/share/turtlebot3_gazebo//models/turtlebot3_autorace/tunnel_obstacles/model.sdf
[1.937s] -- Up-to-date symlink: /home/rsa/colcon_ws/install/turtlebot3_gazebo/share/turtlebot3_gazebo//models/turtlebot3_autorace/tunnel_wall/model.config
[1.937s] -- Up-to-date symlink: /home/rsa/colcon_ws/install/turtlebot3_gazebo/share/turtlebot3_gazebo//models/turtlebot3_autorace/tunnel_wall/model.sdf
[1.937s] -- Up-to-date symlink: /home/rsa/colcon_ws/install/turtlebot3_gazebo/share/turtlebot3_gazebo//models/turtlebot3_burger/meshes/burger_base.dae
[1.947s] -- Up-to-date symlink: /home/rsa/colcon_ws/install/turtlebot3_gazebo/share/turtlebot3_gazebo//models/turtlebot3_burger/meshes/lds.dae
[1.947s] -- Up-to-date symlink: /home/rsa/colcon_ws/install/turtlebot3_gazebo/share/turtlebot3_gazebo//models/turtlebot3_burger/meshes/tire.dae
[1.948s] -- Up-to-date symlink: /home/rsa/colcon_ws/install/turtlebot3_gazebo/share/turtlebot3_gazebo//models/turtlebot3_burger/model-1_4.sdf
[1.948s] -- Up-to-date symlink: /home/rsa/colcon_ws/install/turtlebot3_gazebo/share/turtlebot3_gazebo//models/turtlebot3_burger/model.config
[1.948s] -- Up-to-date symlink: /home/rsa/colcon_ws/install/turtlebot3_gazebo/share/turtlebot3_gazebo//models/turtlebot3_burger/model.sdf
[1.948s] -- Up-to-date symlink: /home/rsa/colcon_ws/install/turtlebot3_gazebo/share/turtlebot3_gazebo//models/turtlebot3_dqn_world/goal_box/model.config
[1.948s] -- Up-to-date symlink: /home/rsa/colcon_ws/install/turtlebot3_gazebo/share/turtlebot3_gazebo//models/turtlebot3_dqn_world/goal_box/model.sdf
[1.949s] -- Up-to-date symlink: /home/rsa/colcon_ws/install/turtlebot3_gazebo/share/turtlebot3_gazebo//models/turtlebot3_dqn_world/inner_walls/model.config
[1.949s] -- Up-to-date symlink: /home/rsa/colcon_ws/install/turtlebot3_gazebo/share/turtlebot3_gazebo//models/turtlebot3_dqn_world/inner_walls/model.sdf
[1.950s] -- Up-to-date symlink: /home/rsa/colcon_ws/install/turtlebot3_gazebo/share/turtlebot3_gazebo//models/turtlebot3_dqn_world/model.config
[1.950s] -- Up-to-date symlink: /home/rsa/colcon_ws/install/turtlebot3_gazebo/share/turtlebot3_gazebo//models/turtlebot3_dqn_world/model.sdf
[1.950s] -- Up-to-date symlink: /home/rsa/colcon_ws/install/turtlebot3_gazebo/share/turtlebot3_gazebo//models/turtlebot3_dqn_world/obstacle1/model.config
[1.950s] -- Up-to-date symlink: /home/rsa/colcon_ws/install/turtlebot3_gazebo/share/turtlebot3_gazebo//models/turtlebot3_dqn_world/obstacle1/model.sdf
[1.952s] -- Up-to-date symlink: /home/rsa/colcon_ws/install/turtlebot3_gazebo/share/turtlebot3_gazebo//models/turtlebot3_dqn_world/obstacle2/model.config
[1.953s] -- Up-to-date symlink: /home/rsa/colcon_ws/install/turtlebot3_gazebo/share/turtlebot3_gazebo//models/turtlebot3_dqn_world/obstacle2/model.sdf
[1.957s] -- Up-to-date symlink: /home/rsa/colcon_ws/install/turtlebot3_gazebo/share/turtlebot3_gazebo//models/turtlebot3_dqn_world/obstacle_plugin/CMakeLists.txt
[1.960s] -- Up-to-date symlink: /home/rsa/colcon_ws/install/turtlebot3_gazebo/share/turtlebot3_gazebo//models/turtlebot3_dqn_world/obstacle_plugin/obstacle1.cc
[1.961s] -- Up-to-date symlink: /home/rsa/colcon_ws/install/turtlebot3_gazebo/share/turtlebot3_gazebo//models/turtlebot3_dqn_world/obstacle_plugin/obstacle2.cc
[1.965s] -- Up-to-date symlink: /home/rsa/colcon_ws/install/turtlebot3_gazebo/share/turtlebot3_gazebo//models/turtlebot3_dqn_world/obstacle_plugin/obstacles.cc
[1.965s] -- Up-to-date symlink: /home/rsa/colcon_ws/install/turtlebot3_gazebo/share/turtlebot3_gazebo//models/turtlebot3_dqn_world/obstacles/model.config
[1.965s] -- Up-to-date symlink: /home/rsa/colcon_ws/install/turtlebot3_gazebo/share/turtlebot3_gazebo//models/turtlebot3_dqn_world/obstacles/model.sdf
[1.966s] -- Up-to-date symlink: /home/rsa/colcon_ws/install/turtlebot3_gazebo/share/turtlebot3_gazebo//models/turtlebot3_house/model.config
[1.968s] -- Up-to-date symlink: /home/rsa/colcon_ws/install/turtlebot3_gazebo/share/turtlebot3_gazebo//models/turtlebot3_house/model.sdf
[1.968s] -- Up-to-date symlink: /home/rsa/colcon_ws/install/turtlebot3_gazebo/share/turtlebot3_gazebo//models/turtlebot3_maze/model (copy 1).sdf
[1.969s] -- Up-to-date symlink: /home/rsa/colcon_ws/install/turtlebot3_gazebo/share/turtlebot3_gazebo//models/turtlebot3_maze/model.config
[1.969s] -- Up-to-date symlink: /home/rsa/colcon_ws/install/turtlebot3_gazebo/share/turtlebot3_gazebo//models/turtlebot3_maze/model.sdf
[1.980s] -- Up-to-date symlink: /home/rsa/colcon_ws/install/turtlebot3_gazebo/share/turtlebot3_gazebo//models/turtlebot3_maze/model.sdf~
[1.980s] -- Up-to-date symlink: /home/rsa/colcon_ws/install/turtlebot3_gazebo/share/turtlebot3_gazebo//models/turtlebot3_waffle/meshes/lds.dae
[1.981s] -- Up-to-date symlink: /home/rsa/colcon_ws/install/turtlebot3_gazebo/share/turtlebot3_gazebo//models/turtlebot3_waffle/meshes/r200.dae
[1.981s] -- Up-to-date symlink: /home/rsa/colcon_ws/install/turtlebot3_gazebo/share/turtlebot3_gazebo//models/turtlebot3_waffle/meshes/tire.dae
[1.982s] -- Up-to-date symlink: /home/rsa/colcon_ws/install/turtlebot3_gazebo/share/turtlebot3_gazebo//models/turtlebot3_waffle/meshes/waffle_base.dae
[1.983s] -- Up-to-date symlink: /home/rsa/colcon_ws/install/turtlebot3_gazebo/share/turtlebot3_gazebo//models/turtlebot3_waffle/model-1_4.sdf
[1.983s] -- Up-to-date symlink: /home/rsa/colcon_ws/install/turtlebot3_gazebo/share/turtlebot3_gazebo//models/turtlebot3_waffle/model.config
[1.983s] -- Up-to-date symlink: /home/rsa/colcon_ws/install/turtlebot3_gazebo/share/turtlebot3_gazebo//models/turtlebot3_waffle/model.sdf
[1.984s] -- Up-to-date symlink: /home/rsa/colcon_ws/install/turtlebot3_gazebo/share/turtlebot3_gazebo//models/turtlebot3_waffle_pi/meshes/lds.dae
[1.984s] -- Up-to-date symlink: /home/rsa/colcon_ws/install/turtlebot3_gazebo/share/turtlebot3_gazebo//models/turtlebot3_waffle_pi/meshes/tire.dae
[1.988s] -- Up-to-date symlink: /home/rsa/colcon_ws/install/turtlebot3_gazebo/share/turtlebot3_gazebo//models/turtlebot3_waffle_pi/meshes/waffle_pi_base.dae
[1.988s] -- Up-to-date symlink: /home/rsa/colcon_ws/install/turtlebot3_gazebo/share/turtlebot3_gazebo//models/turtlebot3_waffle_pi/model-1_4_.sdf
[1.988s] -- Up-to-date symlink: /home/rsa/colcon_ws/install/turtlebot3_gazebo/share/turtlebot3_gazebo//models/turtlebot3_waffle_pi/model.config
[1.988s] -- Up-to-date symlink: /home/rsa/colcon_ws/install/turtlebot3_gazebo/share/turtlebot3_gazebo//models/turtlebot3_waffle_pi/model.sdf
[1.988s] -- Up-to-date symlink: /home/rsa/colcon_ws/install/turtlebot3_gazebo/share/turtlebot3_gazebo//models/turtlebot3_world/meshes/hexagon.dae
[1.988s] -- Up-to-date symlink: /home/rsa/colcon_ws/install/turtlebot3_gazebo/share/turtlebot3_gazebo//models/turtlebot3_world/meshes/wall.dae
[1.989s] -- Up-to-date symlink: /home/rsa/colcon_ws/install/turtlebot3_gazebo/share/turtlebot3_gazebo//models/turtlebot3_world/model-1_4.sdf
[1.989s] -- Up-to-date symlink: /home/rsa/colcon_ws/install/turtlebot3_gazebo/share/turtlebot3_gazebo//models/turtlebot3_world/model.config
[1.989s] -- Up-to-date symlink: /home/rsa/colcon_ws/install/turtlebot3_gazebo/share/turtlebot3_gazebo//models/turtlebot3_world/model.sdf
[1.989s] -- Up-to-date symlink: /home/rsa/colcon_ws/install/turtlebot3_gazebo/share/turtlebot3_gazebo//models/wall_section/model.config
[1.989s] -- Up-to-date symlink: /home/rsa/colcon_ws/install/turtlebot3_gazebo/share/turtlebot3_gazebo//models/wall_section/model.sdf
[1.989s] -- Up-to-date symlink: /home/rsa/colcon_ws/install/turtlebot3_gazebo/share/turtlebot3_gazebo//models/wall_section/model.sdf~
[1.989s] -- Up-to-date symlink: /home/rsa/colcon_ws/install/turtlebot3_gazebo/share/turtlebot3_gazebo//models/yellow_on_pink_marker/model.config
[1.989s] -- Up-to-date symlink: /home/rsa/colcon_ws/install/turtlebot3_gazebo/share/turtlebot3_gazebo//models/yellow_on_pink_marker/model.sdf
[1.989s] -- Up-to-date symlink: /home/rsa/colcon_ws/install/turtlebot3_gazebo/share/turtlebot3_gazebo//models/yellow_on_pink_marker/model.sdf~
[1.989s] -- Up-to-date symlink: /home/rsa/colcon_ws/install/turtlebot3_gazebo/share/turtlebot3_gazebo//rviz/tb3_gazebo.rviz
[1.990s] -- Up-to-date symlink: /home/rsa/colcon_ws/install/turtlebot3_gazebo/share/turtlebot3_gazebo//worlds/empty_worlds/burger.model
[1.991s] -- Up-to-date symlink: /home/rsa/colcon_ws/install/turtlebot3_gazebo/share/turtlebot3_gazebo//worlds/empty_worlds/waffle.model
[1.991s] -- Up-to-date symlink: /home/rsa/colcon_ws/install/turtlebot3_gazebo/share/turtlebot3_gazebo//worlds/empty_worlds/waffle_pi.model
[1.992s] -- Up-to-date symlink: /home/rsa/colcon_ws/install/turtlebot3_gazebo/share/turtlebot3_gazebo//worlds/params.txt
[1.992s] -- Up-to-date symlink: /home/rsa/colcon_ws/install/turtlebot3_gazebo/share/turtlebot3_gazebo//worlds/turtlebot3_autoraces/burger.model
[1.993s] -- Up-to-date symlink: /home/rsa/colcon_ws/install/turtlebot3_gazebo/share/turtlebot3_gazebo//worlds/turtlebot3_autoraces/waffle.model
[1.993s] -- Up-to-date symlink: /home/rsa/colcon_ws/install/turtlebot3_gazebo/share/turtlebot3_gazebo//worlds/turtlebot3_autoraces/waffle_pi.model
[1.993s] -- Up-to-date symlink: /home/rsa/colcon_ws/install/turtlebot3_gazebo/share/turtlebot3_gazebo//worlds/turtlebot3_dqn_stage1/burger.model
[1.994s] -- Up-to-date symlink: /home/rsa/colcon_ws/install/turtlebot3_gazebo/share/turtlebot3_gazebo//worlds/turtlebot3_dqn_stage1/waffle.model
[1.994s] -- Up-to-date symlink: /home/rsa/colcon_ws/install/turtlebot3_gazebo/share/turtlebot3_gazebo//worlds/turtlebot3_dqn_stage1/waffle_pi.model
[1.995s] -- Up-to-date symlink: /home/rsa/colcon_ws/install/turtlebot3_gazebo/share/turtlebot3_gazebo//worlds/turtlebot3_dqn_stage2/burger.model
[1.995s] -- Up-to-date symlink: /home/rsa/colcon_ws/install/turtlebot3_gazebo/share/turtlebot3_gazebo//worlds/turtlebot3_dqn_stage2/waffle.model
[1.995s] -- Up-to-date symlink: /home/rsa/colcon_ws/install/turtlebot3_gazebo/share/turtlebot3_gazebo//worlds/turtlebot3_dqn_stage2/waffle_pi.model
[1.995s] -- Up-to-date symlink: /home/rsa/colcon_ws/install/turtlebot3_gazebo/share/turtlebot3_gazebo//worlds/turtlebot3_dqn_stage3/burger.model
[1.995s] -- Up-to-date symlink: /home/rsa/colcon_ws/install/turtlebot3_gazebo/share/turtlebot3_gazebo//worlds/turtlebot3_dqn_stage3/waffle.model
[1.995s] -- Up-to-date symlink: /home/rsa/colcon_ws/install/turtlebot3_gazebo/share/turtlebot3_gazebo//worlds/turtlebot3_dqn_stage3/waffle_pi.model
[1.996s] -- Up-to-date symlink: /home/rsa/colcon_ws/install/turtlebot3_gazebo/share/turtlebot3_gazebo//worlds/turtlebot3_dqn_stage4/burger.model
[1.996s] -- Up-to-date symlink: /home/rsa/colcon_ws/install/turtlebot3_gazebo/share/turtlebot3_gazebo//worlds/turtlebot3_dqn_stage4/waffle.model
[2.000s] -- Up-to-date symlink: /home/rsa/colcon_ws/install/turtlebot3_gazebo/share/turtlebot3_gazebo//worlds/turtlebot3_dqn_stage4/waffle_pi.model
[2.000s] -- Up-to-date symlink: /home/rsa/colcon_ws/install/turtlebot3_gazebo/share/turtlebot3_gazebo//worlds/turtlebot3_houses/burger.model
[2.000s] -- Up-to-date symlink: /home/rsa/colcon_ws/install/turtlebot3_gazebo/share/turtlebot3_gazebo//worlds/turtlebot3_houses/waffle.model
[2.000s] -- Up-to-date symlink: /home/rsa/colcon_ws/install/turtlebot3_gazebo/share/turtlebot3_gazebo//worlds/turtlebot3_houses/waffle_pi.model
[2.000s] -- Up-to-date symlink: /home/rsa/colcon_ws/install/turtlebot3_gazebo/share/turtlebot3_gazebo//worlds/turtlebot3_mazes/burger.model
[2.000s] -- Up-to-date symlink: /home/rsa/colcon_ws/install/turtlebot3_gazebo/share/turtlebot3_gazebo//worlds/turtlebot3_mazes/waffle.model
[2.000s] -- Up-to-date symlink: /home/rsa/colcon_ws/install/turtlebot3_gazebo/share/turtlebot3_gazebo//worlds/turtlebot3_mazes/waffle_pi.model
[2.000s] -- Up-to-date symlink: /home/rsa/colcon_ws/install/turtlebot3_gazebo/share/turtlebot3_gazebo//worlds/turtlebot3_mazes/waffle_pi.model~
[2.001s] -- Up-to-date symlink: /home/rsa/colcon_ws/install/turtlebot3_gazebo/share/turtlebot3_gazebo//worlds/turtlebot3_worlds/burger.model
[2.001s] -- Up-to-date symlink: /home/rsa/colcon_ws/install/turtlebot3_gazebo/share/turtlebot3_gazebo//worlds/turtlebot3_worlds/waffle.model
[2.001s] -- Up-to-date symlink: /home/rsa/colcon_ws/install/turtlebot3_gazebo/share/turtlebot3_gazebo//worlds/turtlebot3_worlds/waffle_pi.model
[2.001s] -- Up-to-date symlink: /home/rsa/colcon_ws/install/turtlebot3_gazebo/include//turtlebot3_gazebo/turtlebot3_drive.hpp
[2.001s] -- Up-to-date symlink: /home/rsa/colcon_ws/install/turtlebot3_gazebo/share/ament_index/resource_index/package_run_dependencies/turtlebot3_gazebo
[2.001s] -- Up-to-date symlink: /home/rsa/colcon_ws/install/turtlebot3_gazebo/share/ament_index/resource_index/parent_prefix_path/turtlebot3_gazebo
[2.001s] -- Up-to-date symlink: /home/rsa/colcon_ws/install/turtlebot3_gazebo/share/turtlebot3_gazebo/environment/ament_prefix_path.sh
[2.001s] -- Up-to-date symlink: /home/rsa/colcon_ws/install/turtlebot3_gazebo/share/turtlebot3_gazebo/environment/ament_prefix_path.dsv
[2.001s] -- Up-to-date symlink: /home/rsa/colcon_ws/install/turtlebot3_gazebo/share/turtlebot3_gazebo/environment/path.sh
[2.002s] -- Up-to-date symlink: /home/rsa/colcon_ws/install/turtlebot3_gazebo/share/turtlebot3_gazebo/environment/path.dsv
[2.002s] -- Up-to-date symlink: /home/rsa/colcon_ws/install/turtlebot3_gazebo/share/turtlebot3_gazebo/local_setup.bash
[2.010s] -- Up-to-date symlink: /home/rsa/colcon_ws/install/turtlebot3_gazebo/share/turtlebot3_gazebo/local_setup.sh
[2.049s] -- Up-to-date symlink: /home/rsa/colcon_ws/install/turtlebot3_gazebo/share/turtlebot3_gazebo/local_setup.zsh
[2.055s] -- Up-to-date symlink: /home/rsa/colcon_ws/install/turtlebot3_gazebo/share/turtlebot3_gazebo/local_setup.dsv
[2.055s] -- Symlinking: /home/rsa/colcon_ws/install/turtlebot3_gazebo/share/turtlebot3_gazebo/package.dsv
[2.123s] -- Up-to-date symlink: /home/rsa/colcon_ws/install/turtlebot3_gazebo/share/ament_index/resource_index/packages/turtlebot3_gazebo
[2.123s] -- Up-to-date symlink: /home/rsa/colcon_ws/install/turtlebot3_gazebo/share/turtlebot3_gazebo/cmake/ament_cmake_export_include_directories-extras.cmake
[2.123s] -- Up-to-date symlink: /home/rsa/colcon_ws/install/turtlebot3_gazebo/share/turtlebot3_gazebo/cmake/ament_cmake_export_dependencies-extras.cmake
[2.123s] -- Up-to-date symlink: /home/rsa/colcon_ws/install/turtlebot3_gazebo/share/turtlebot3_gazebo/cmake/turtlebot3_gazeboConfig.cmake
[2.123s] -- Up-to-date symlink: /home/rsa/colcon_ws/install/turtlebot3_gazebo/share/turtlebot3_gazebo/cmake/turtlebot3_gazeboConfig-version.cmake
[2.123s] -- Up-to-date symlink: /home/rsa/colcon_ws/install/turtlebot3_gazebo/share/turtlebot3_gazebo/package.xml
[2.127s] Invoked command in '/home/rsa/colcon_ws/build/turtlebot3_gazebo' returned '0': CMAKE_PREFIX_PATH=${CMAKE_PREFIX_PATH}:/opt/ros/foxy /usr/bin/cmake --install /home/rsa/colcon_ws/build/turtlebot3_gazebo
