Performing C SOURCE FILE Test CMAKE_HAVE_LIBC_PTHREAD failed with the following output:
Change Dir: /home/rsa/colcon_ws/build/pl_interface/CMakeFiles/CMakeTmp

<<<<<<< HEAD
Run Build Command(s):/usr/bin/make cmTC_301dd/fast && /usr/bin/make -f CMakeFiles/cmTC_301dd.dir/build.make CMakeFiles/cmTC_301dd.dir/build
make[1]: Entering directory '/home/rsa/colcon_ws/build/pl_interface/CMakeFiles/CMakeTmp'
Building C object CMakeFiles/cmTC_301dd.dir/src.c.o
/usr/bin/cc   -DCMAKE_HAVE_LIBC_PTHREAD   -o CMakeFiles/cmTC_301dd.dir/src.c.o   -c /home/rsa/colcon_ws/build/pl_interface/CMakeFiles/CMakeTmp/src.c
Linking C executable cmTC_301dd
/usr/bin/cmake -E cmake_link_script CMakeFiles/cmTC_301dd.dir/link.txt --verbose=1
/usr/bin/cc  -DCMAKE_HAVE_LIBC_PTHREAD    CMakeFiles/cmTC_301dd.dir/src.c.o  -o cmTC_301dd 
/usr/bin/ld: CMakeFiles/cmTC_301dd.dir/src.c.o: in function `main':
=======
Run Build Command(s):/usr/bin/make cmTC_e612e/fast && /usr/bin/make -f CMakeFiles/cmTC_e612e.dir/build.make CMakeFiles/cmTC_e612e.dir/build
make[1]: Entering directory '/home/rsa/colcon_ws/build/pl_interface/CMakeFiles/CMakeTmp'
Building C object CMakeFiles/cmTC_e612e.dir/src.c.o
/usr/bin/cc   -DCMAKE_HAVE_LIBC_PTHREAD   -o CMakeFiles/cmTC_e612e.dir/src.c.o   -c /home/rsa/colcon_ws/build/pl_interface/CMakeFiles/CMakeTmp/src.c
Linking C executable cmTC_e612e
/usr/bin/cmake -E cmake_link_script CMakeFiles/cmTC_e612e.dir/link.txt --verbose=1
/usr/bin/cc  -DCMAKE_HAVE_LIBC_PTHREAD    CMakeFiles/cmTC_e612e.dir/src.c.o  -o cmTC_e612e 
/usr/bin/ld: CMakeFiles/cmTC_e612e.dir/src.c.o: in function `main':
>>>>>>> 061b97f6a028e903f4f916eb0b56cdcc57e136a3
src.c:(.text+0x46): undefined reference to `pthread_create'
/usr/bin/ld: src.c:(.text+0x52): undefined reference to `pthread_detach'
/usr/bin/ld: src.c:(.text+0x63): undefined reference to `pthread_join'
collect2: error: ld returned 1 exit status
<<<<<<< HEAD
make[1]: *** [CMakeFiles/cmTC_301dd.dir/build.make:87: cmTC_301dd] Error 1
make[1]: Leaving directory '/home/rsa/colcon_ws/build/pl_interface/CMakeFiles/CMakeTmp'
make: *** [Makefile:121: cmTC_301dd/fast] Error 2
=======
make[1]: *** [CMakeFiles/cmTC_e612e.dir/build.make:87: cmTC_e612e] Error 1
make[1]: Leaving directory '/home/rsa/colcon_ws/build/pl_interface/CMakeFiles/CMakeTmp'
make: *** [Makefile:121: cmTC_e612e/fast] Error 2
>>>>>>> 061b97f6a028e903f4f916eb0b56cdcc57e136a3


Source file was:
#include <pthread.h>

void* test_func(void* data)
{
  return data;
}

int main(void)
{
  pthread_t thread;
  pthread_create(&thread, NULL, test_func, NULL);
  pthread_detach(thread);
  pthread_join(thread, NULL);
  pthread_atfork(NULL, NULL, NULL);
  pthread_exit(NULL);

  return 0;
}

Determining if the function pthread_create exists in the pthreads failed with the following output:
Change Dir: /home/rsa/colcon_ws/build/pl_interface/CMakeFiles/CMakeTmp

<<<<<<< HEAD
Run Build Command(s):/usr/bin/make cmTC_8683b/fast && /usr/bin/make -f CMakeFiles/cmTC_8683b.dir/build.make CMakeFiles/cmTC_8683b.dir/build
make[1]: Entering directory '/home/rsa/colcon_ws/build/pl_interface/CMakeFiles/CMakeTmp'
Building C object CMakeFiles/cmTC_8683b.dir/CheckFunctionExists.c.o
/usr/bin/cc   -DCHECK_FUNCTION_EXISTS=pthread_create   -o CMakeFiles/cmTC_8683b.dir/CheckFunctionExists.c.o   -c /usr/share/cmake-3.16/Modules/CheckFunctionExists.c
Linking C executable cmTC_8683b
/usr/bin/cmake -E cmake_link_script CMakeFiles/cmTC_8683b.dir/link.txt --verbose=1
/usr/bin/cc  -DCHECK_FUNCTION_EXISTS=pthread_create    CMakeFiles/cmTC_8683b.dir/CheckFunctionExists.c.o  -o cmTC_8683b  -lpthreads 
/usr/bin/ld: cannot find -lpthreads
collect2: error: ld returned 1 exit status
make[1]: *** [CMakeFiles/cmTC_8683b.dir/build.make:87: cmTC_8683b] Error 1
make[1]: Leaving directory '/home/rsa/colcon_ws/build/pl_interface/CMakeFiles/CMakeTmp'
make: *** [Makefile:121: cmTC_8683b/fast] Error 2
=======
Run Build Command(s):/usr/bin/make cmTC_123f7/fast && /usr/bin/make -f CMakeFiles/cmTC_123f7.dir/build.make CMakeFiles/cmTC_123f7.dir/build
make[1]: Entering directory '/home/rsa/colcon_ws/build/pl_interface/CMakeFiles/CMakeTmp'
Building C object CMakeFiles/cmTC_123f7.dir/CheckFunctionExists.c.o
/usr/bin/cc   -DCHECK_FUNCTION_EXISTS=pthread_create   -o CMakeFiles/cmTC_123f7.dir/CheckFunctionExists.c.o   -c /usr/share/cmake-3.16/Modules/CheckFunctionExists.c
Linking C executable cmTC_123f7
/usr/bin/cmake -E cmake_link_script CMakeFiles/cmTC_123f7.dir/link.txt --verbose=1
/usr/bin/cc  -DCHECK_FUNCTION_EXISTS=pthread_create    CMakeFiles/cmTC_123f7.dir/CheckFunctionExists.c.o  -o cmTC_123f7  -lpthreads 
/usr/bin/ld: cannot find -lpthreads
collect2: error: ld returned 1 exit status
make[1]: *** [CMakeFiles/cmTC_123f7.dir/build.make:87: cmTC_123f7] Error 1
make[1]: Leaving directory '/home/rsa/colcon_ws/build/pl_interface/CMakeFiles/CMakeTmp'
make: *** [Makefile:121: cmTC_123f7/fast] Error 2
>>>>>>> 061b97f6a028e903f4f916eb0b56cdcc57e136a3



