[0.214s] Invoking command in '/home/rsa/colcon_ws/build/pl_interface': CMAKE_PREFIX_PATH=${CMAKE_PREFIX_PATH}:/opt/ros/foxy /usr/bin/cmake --build /home/rsa/colcon_ws/build/pl_interface -- -j4 -l4
[0.486s] [100%] Built target pl_interface
[0.571s] Invoked command in '/home/rsa/colcon_ws/build/pl_interface' returned '0': CMAKE_PREFIX_PATH=${CMAKE_PREFIX_PATH}:/opt/ros/foxy /usr/bin/cmake --build /home/rsa/colcon_ws/build/pl_interface -- -j4 -l4
[0.790s] Invoking command in '/home/rsa/colcon_ws/build/pl_interface': CMAKE_PREFIX_PATH=${CMAKE_PREFIX_PATH}:/opt/ros/foxy /usr/bin/cmake --install /home/rsa/colcon_ws/build/pl_interface
[0.823s] -- Install configuration: ""
[0.824s] -- Execute custom install script
[0.825s] -- Up-to-date symlink: /home/rsa/colcon_ws/install/pl_interface/lib/pl_interface/pl_interface
[0.825s] -- Up-to-date symlink: /home/rsa/colcon_ws/install/pl_interface/share/pl_interface//launch/__pycache__/pl_interface.launch.cpython-38.pyc
[0.825s] -- Up-to-date symlink: /home/rsa/colcon_ws/install/pl_interface/share/pl_interface//launch/pl_interface.launch.py
[0.825s] -- Up-to-date symlink: /home/rsa/colcon_ws/install/pl_interface/include//pl_interface/pl_interface.hpp
[0.825s] -- Up-to-date symlink: /home/rsa/colcon_ws/install/pl_interface/share/pl_interface/environment/pythonpath.sh
[0.826s] -- Up-to-date symlink: /home/rsa/colcon_ws/install/pl_interface/share/pl_interface/environment/pythonpath.dsv
[0.827s] -- Up-to-date symlink: /home/rsa/colcon_ws/install/pl_interface/lib/python3.8/site-packages/pl_interface/__init__.py
[0.827s] -- Up-to-date symlink: /home/rsa/colcon_ws/install/pl_interface/lib/python3.8/site-packages/pl_interface/landmark.py
[0.827s] -- Up-to-date symlink: /home/rsa/colcon_ws/install/pl_interface/lib/pl_interface/see_marker.py
[0.827s] -- Up-to-date symlink: /home/rsa/colcon_ws/install/pl_interface/lib/pl_interface/point_transformer.py
[0.827s] -- Up-to-date symlink: /home/rsa/colcon_ws/install/pl_interface/share/ament_index/resource_index/package_run_dependencies/pl_interface
[0.827s] -- Up-to-date symlink: /home/rsa/colcon_ws/install/pl_interface/share/ament_index/resource_index/parent_prefix_path/pl_interface
[0.829s] -- Up-to-date symlink: /home/rsa/colcon_ws/install/pl_interface/share/pl_interface/environment/ament_prefix_path.sh
[0.829s] -- Up-to-date symlink: /home/rsa/colcon_ws/install/pl_interface/share/pl_interface/environment/ament_prefix_path.dsv
[0.829s] -- Up-to-date symlink: /home/rsa/colcon_ws/install/pl_interface/share/pl_interface/environment/path.sh
[0.830s] -- Up-to-date symlink: /home/rsa/colcon_ws/install/pl_interface/share/pl_interface/environment/path.dsv
[0.830s] -- Up-to-date symlink: /home/rsa/colcon_ws/install/pl_interface/share/pl_interface/local_setup.bash
[0.830s] -- Up-to-date symlink: /home/rsa/colcon_ws/install/pl_interface/share/pl_interface/local_setup.sh
[0.830s] -- Up-to-date symlink: /home/rsa/colcon_ws/install/pl_interface/share/pl_interface/local_setup.zsh
[0.830s] -- Up-to-date symlink: /home/rsa/colcon_ws/install/pl_interface/share/pl_interface/local_setup.dsv
[0.830s] -- Symlinking: /home/rsa/colcon_ws/install/pl_interface/share/pl_interface/package.dsv
[0.855s] -- Up-to-date symlink: /home/rsa/colcon_ws/install/pl_interface/share/ament_index/resource_index/packages/pl_interface
[0.855s] -- Up-to-date symlink: /home/rsa/colcon_ws/install/pl_interface/share/pl_interface/cmake/ament_cmake_export_include_directories-extras.cmake
[0.855s] -- Up-to-date symlink: /home/rsa/colcon_ws/install/pl_interface/share/pl_interface/cmake/ament_cmake_export_dependencies-extras.cmake
[0.855s] -- Up-to-date symlink: /home/rsa/colcon_ws/install/pl_interface/share/pl_interface/cmake/pl_interfaceConfig.cmake
[0.855s] -- Up-to-date symlink: /home/rsa/colcon_ws/install/pl_interface/share/pl_interface/cmake/pl_interfaceConfig-version.cmake
[0.855s] -- Up-to-date symlink: /home/rsa/colcon_ws/install/pl_interface/share/pl_interface/package.xml
[0.947s] Listing '/home/rsa/colcon_ws/install/pl_interface/lib/python3.8/site-packages/pl_interface'...
[1.032s] Invoked command in '/home/rsa/colcon_ws/build/pl_interface' returned '0': CMAKE_PREFIX_PATH=${CMAKE_PREFIX_PATH}:/opt/ros/foxy /usr/bin/cmake --install /home/rsa/colcon_ws/build/pl_interface
