[0.281s] Invoking command in '/home/rsa/colcon_ws/build/pl_interface': CMAKE_PREFIX_PATH=${CMAKE_PREFIX_PATH}:/opt/ros/foxy /usr/bin/cmake --build /home/rsa/colcon_ws/build/pl_interface -- -j2 -l2
[0.360s] [35m[1mScanning dependencies of target pl_interface[0m
[0.406s] [ 50%] [32mBuilding CXX object CMakeFiles/pl_interface.dir/src/pl_interface.cpp.o[0m
[1.960s] [01m[K/home/rsa/colcon_ws/src/pl_interface/src/pl_interface.cpp:[m[K In constructor ‘[01m[KPlInterface::PlInterface()[m[K’:
[1.960s] [01m[K/home/rsa/colcon_ws/src/pl_interface/src/pl_interface.cpp:31:11:[m[K [01;31m[Kerror: [m[Kinvalid conversion from ‘[01m[Kbool (*)()[m[K’ to ‘[01m[Kbool (*)(term, pobj**)[m[K’ {aka ‘[01m[Kbool (*)(pobj*, pobj**)[m[K’} [[01;31m[K-fpermissive[m[K]
[1.960s]    31 |  new_pred([01;31m[Kpl_near_start[m[K, (char *) "near_start");
[1.960s]       |           [01;31m[K^~~~~~~~~~~~~[m[K
[1.960s]       |           [01;31m[K|[m[K
[1.961s]       |           [01;31m[Kbool (*)()[m[K
[1.961s] In file included from [01m[K/usr/local/include/iProlog/prolog.h:420[m[K,
[1.961s]                  from [01m[K/home/rsa/colcon_ws/src/pl_interface/include/pl_interface/pl_interface.hpp:28[m[K,
[1.961s]                  from [01m[K/home/rsa/colcon_ws/src/pl_interface/src/pl_interface.cpp:3[m[K:
[1.961s] [01m[K/usr/local/include/iProlog/pred.h:3:15:[m[K [01;36m[Knote: [m[K  initializing argument 1 of ‘[01m[Kpobj* new_pred(bool (*)(term, pobj**), char*)[m[K’
[1.961s]     3 | term new_pred([01;36m[Kbool (*)(term, term *)[m[K, char *);
[1.961s]       |               [01;36m[K^~~~~~~~~~~~~~~~~~~~~~[m[K
[2.006s] [01m[K/home/rsa/colcon_ws/src/pl_interface/src/pl_interface.cpp:[m[K In function ‘[01m[Kbool pl_drive(term, pobj**)[m[K’:
[2.006s] [01m[K/home/rsa/colcon_ws/src/pl_interface/src/pl_interface.cpp:205:51:[m[K [01;31m[Kerror: [m[K‘[01m[Kvoid PlInterface::update_cmd_vel(double, double)[m[K’ is private within this context
[2.007s]   205 |  current_node -> update_cmd_vel(RVAL(lv), RVAL(av)[01;31m[K)[m[K;
[2.007s]       |                                                   [01;31m[K^[m[K
[2.007s] [01m[K/home/rsa/colcon_ws/src/pl_interface/src/pl_interface.cpp:138:6:[m[K [01;36m[Knote: [m[Kdeclared private here
[2.007s]   138 | void [01;36m[KPlInterface[m[K::update_cmd_vel(double linear, double angular)
[2.007s]       |      [01;36m[K^~~~~~~~~~~[m[K
[3.847s] make[2]: *** [CMakeFiles/pl_interface.dir/build.make:63: CMakeFiles/pl_interface.dir/src/pl_interface.cpp.o] Error 1
[3.847s] make[1]: *** [CMakeFiles/Makefile2:78: CMakeFiles/pl_interface.dir/all] Error 2
[3.848s] make: *** [Makefile:141: all] Error 2
[3.852s] Invoked command in '/home/rsa/colcon_ws/build/pl_interface' returned '2': CMAKE_PREFIX_PATH=${CMAKE_PREFIX_PATH}:/opt/ros/foxy /usr/bin/cmake --build /home/rsa/colcon_ws/build/pl_interface -- -j2 -l2
