[0.073s] Invoking command in '/home/rsa/colcon_ws/build/turtlebot3_gazebo': CMAKE_PREFIX_PATH=${CMAKE_PREFIX_PATH}:/opt/ros/foxy /usr/bin/cmake /home/rsa/colcon_ws/src/turtlebot3_simulations/turtlebot3_gazebo -DCMAKE_INSTALL_PREFIX=/home/rsa/colcon_ws/install/turtlebot3_gazebo
[0.237s] -- Found ament_cmake: 0.9.12 (/opt/ros/foxy/share/ament_cmake/cmake)
[0.315s] -- Using PYTHON_EXECUTABLE: /usr/bin/python3
[0.602s] -- Override CMake install command with custom implementation using symlinks instead of copying resources
[0.816s] -- Found DART: /usr/include (Required is at least version "6.6") found components: dart 
[1.075s] -- Found Protobuf: /usr/lib/x86_64-linux-gnu/libprotobuf.so;-lpthread (found version "3.6.1") 
[1.105s] -- Looking for ignition-math6 -- found version 6.15.1
[1.132s] -- Searching for dependencies of ignition-math6
[1.140s] -- Looking for OGRE...
[1.157s] -- Found Ogre Ghadamon (1.9.0)
[1.159s] -- Found OGRE: optimized;/usr/lib/x86_64-linux-gnu/libOgreMain.so;debug;/usr/lib/x86_64-linux-gnu/libOgreMain.so
[1.175s] -- Looking for OGRE_Paging...
[1.176s] -- Found OGRE_Paging: optimized;/usr/lib/x86_64-linux-gnu/libOgrePaging.so;debug;/usr/lib/x86_64-linux-gnu/libOgrePaging.so
[1.176s] -- Looking for OGRE_Terrain...
[1.177s] -- Found OGRE_Terrain: optimized;/usr/lib/x86_64-linux-gnu/libOgreTerrain.so;debug;/usr/lib/x86_64-linux-gnu/libOgreTerrain.so
[1.177s] -- Looking for OGRE_Property...
[1.177s] -- Found OGRE_Property: optimized;/usr/lib/x86_64-linux-gnu/libOgreProperty.so;debug;/usr/lib/x86_64-linux-gnu/libOgreProperty.so
[1.177s] -- Looking for OGRE_RTShaderSystem...
[1.177s] -- Found OGRE_RTShaderSystem: optimized;/usr/lib/x86_64-linux-gnu/libOgreRTShaderSystem.so;debug;/usr/lib/x86_64-linux-gnu/libOgreRTShaderSystem.so
[1.177s] -- Looking for OGRE_Volume...
[1.177s] -- Found OGRE_Volume: optimized;/usr/lib/x86_64-linux-gnu/libOgreVolume.so;debug;/usr/lib/x86_64-linux-gnu/libOgreVolume.so
[1.177s] -- Looking for OGRE_Overlay...
[1.177s] -- Found OGRE_Overlay: optimized;/usr/lib/x86_64-linux-gnu/libOgreOverlay.so;debug;/usr/lib/x86_64-linux-gnu/libOgreOverlay.so
[1.353s] -- Looking for ignition-math6 -- found version 6.15.1
[1.357s] -- Looking for ignition-transport8 -- found version 8.3.0
[1.359s] -- Searching for dependencies of ignition-transport8
[1.388s] -- Found Protobuf: /usr/lib/x86_64-linux-gnu/libprotobuf.so;-lpthread (found suitable version "3.6.1", minimum required is "3") 
[1.410s] -- Config-file not installed for ZeroMQ -- checking for pkg-config
[1.422s] -- Checking for module 'libzmq >= 4'
[1.467s] --   Found libzmq , version 4.3.2
[1.565s] -- Checking for module 'uuid'
[1.667s] --   Found uuid, version 2.34.0
[1.753s] -- Looking for ignition-msgs5 -- found version 5.10.0
[1.757s] -- Searching for dependencies of ignition-msgs5
[1.795s] -- Looking for ignition-math6 -- found version 6.15.1
[1.803s] -- Checking for module 'tinyxml2'
[1.847s] --   Found tinyxml2, version 6.2.0
[1.926s] -- Looking for ignition-msgs5 -- found version 5.10.0
[1.954s] -- Looking for ignition-common3 -- found version 3.14.2
[1.957s] -- Searching for dependencies of ignition-common3
[1.959s] -- Looking for dlfcn.h - found
[1.960s] -- Looking for libdl - found
[2.026s] -- Searching for <ignition-common3> component [graphics]
[2.035s] -- Looking for ignition-common3-graphics -- found version 3.14.2
[2.037s] -- Searching for dependencies of ignition-common3-graphics
[2.037s] -- Looking for ignition-math6 -- found version 6.15.1
[2.048s] -- Looking for ignition-fuel_tools4 -- found version 4.6.0
[2.051s] -- Searching for dependencies of ignition-fuel_tools4
[2.142s] -- Checking for module 'jsoncpp'
[2.233s] --   Found jsoncpp, version 1.7.4
[2.385s] -- Checking for module 'libzip'
[2.451s] --   Found libzip, version 1.5.1
[2.568s] -- Looking for ignition-common3 -- found version 3.14.2
[2.569s] -- Looking for ignition-math6 -- found version 6.15.1
[2.569s] -- Looking for ignition-msgs5 -- found version 5.10.0
[2.577s] -- Found gazebo_ros_pkgs: 3.5.3 (/opt/ros/foxy/share/gazebo_ros_pkgs/cmake)
[2.578s] -- Found geometry_msgs: 2.0.5 (/opt/ros/foxy/share/geometry_msgs/cmake)
[2.606s] -- Using all available rosidl_typesupport_c: rosidl_typesupport_fastrtps_c;rosidl_typesupport_introspection_c
[2.611s] -- Found rosidl_adapter: 1.3.1 (/opt/ros/foxy/share/rosidl_adapter/cmake)
[2.815s] -- Using all available rosidl_typesupport_cpp: rosidl_typesupport_fastrtps_cpp;rosidl_typesupport_introspection_cpp
[2.994s] -- Found nav_msgs: 2.0.5 (/opt/ros/foxy/share/nav_msgs/cmake)
[3.103s] -- Found rclcpp: 2.4.3 (/opt/ros/foxy/share/rclcpp/cmake)
[3.186s] -- Found rmw_implementation_cmake: 1.0.4 (/opt/ros/foxy/share/rmw_implementation_cmake/cmake)
[3.187s] -- Using RMW implementation 'rmw_fastrtps_cpp' as default
[3.464s] -- Found sensor_msgs: 2.0.5 (/opt/ros/foxy/share/sensor_msgs/cmake)
[3.632s] -- Found tf2: 0.13.14 (/opt/ros/foxy/share/tf2/cmake)
[3.859s] -- Configuring done
[4.387s] -- Generating done
[4.397s] -- Build files have been written to: /home/rsa/colcon_ws/build/turtlebot3_gazebo
[4.418s] Invoked command in '/home/rsa/colcon_ws/build/turtlebot3_gazebo' returned '0': CMAKE_PREFIX_PATH=${CMAKE_PREFIX_PATH}:/opt/ros/foxy /usr/bin/cmake /home/rsa/colcon_ws/src/turtlebot3_simulations/turtlebot3_gazebo -DCMAKE_INSTALL_PREFIX=/home/rsa/colcon_ws/install/turtlebot3_gazebo
[4.420s] Invoking command in '/home/rsa/colcon_ws/build/turtlebot3_gazebo': CMAKE_PREFIX_PATH=${CMAKE_PREFIX_PATH}:/opt/ros/foxy /usr/bin/cmake --build /home/rsa/colcon_ws/build/turtlebot3_gazebo -- -j4 -l4
[4.598s] [ 12%] [32m[1mLinking CXX shared library libobstacles.so[0m
[4.617s] [ 37%] Built target turtlebot3_drive
[4.636s] [ 50%] [32m[1mLinking CXX shared library libobstacle1.so[0m
[4.699s] [ 62%] [32m[1mLinking CXX shared library libobstacle2.so[0m
[6.668s] [ 75%] Built target obstacle1
[6.677s] [ 87%] Built target obstacles
[6.695s] [100%] Built target obstacle2
[6.739s] Invoked command in '/home/rsa/colcon_ws/build/turtlebot3_gazebo' returned '0': CMAKE_PREFIX_PATH=${CMAKE_PREFIX_PATH}:/opt/ros/foxy /usr/bin/cmake --build /home/rsa/colcon_ws/build/turtlebot3_gazebo -- -j4 -l4
[6.870s] Invoking command in '/home/rsa/colcon_ws/build/turtlebot3_gazebo': CMAKE_PREFIX_PATH=${CMAKE_PREFIX_PATH}:/opt/ros/foxy /usr/bin/cmake --install /home/rsa/colcon_ws/build/turtlebot3_gazebo
[6.878s] -- Install configuration: ""
[6.878s] -- Execute custom install script
[6.896s] -- Up-to-date symlink: /home/rsa/colcon_ws/install/turtlebot3_gazebo/lib/turtlebot3_gazebo/turtlebot3_drive
[6.898s] -- Up-to-date symlink: /home/rsa/colcon_ws/install/turtlebot3_gazebo/share/turtlebot3_gazebo//launch/empty_world.launch.py
[6.899s] -- Up-to-date symlink: /home/rsa/colcon_ws/install/turtlebot3_gazebo/share/turtlebot3_gazebo//launch/robot_state_publisher.launch.py
[6.900s] -- Up-to-date symlink: /home/rsa/colcon_ws/install/turtlebot3_gazebo/share/turtlebot3_gazebo//launch/turtlebot3_autorace.launch.py
[6.931s] -- Up-to-date symlink: /home/rsa/colcon_ws/install/turtlebot3_gazebo/share/turtlebot3_gazebo//launch/turtlebot3_dqn_stage1.launch.py
[6.931s] -- Up-to-date symlink: /home/rsa/colcon_ws/install/turtlebot3_gazebo/share/turtlebot3_gazebo//launch/turtlebot3_dqn_stage2.launch.py
[6.932s] -- Up-to-date symlink: /home/rsa/colcon_ws/install/turtlebot3_gazebo/share/turtlebot3_gazebo//launch/turtlebot3_dqn_stage3.launch.py
[6.932s] -- Up-to-date symlink: /home/rsa/colcon_ws/install/turtlebot3_gazebo/share/turtlebot3_gazebo//launch/turtlebot3_dqn_stage4.launch.py
[6.932s] -- Up-to-date symlink: /home/rsa/colcon_ws/install/turtlebot3_gazebo/share/turtlebot3_gazebo//launch/turtlebot3_house.launch.py
[6.946s] -- Up-to-date symlink: /home/rsa/colcon_ws/install/turtlebot3_gazebo/share/turtlebot3_gazebo//launch/turtlebot3_maze.launch.py
[6.951s] -- Up-to-date symlink: /home/rsa/colcon_ws/install/turtlebot3_gazebo/share/turtlebot3_gazebo//launch/turtlebot3_world.launch.py
[7.051s] -- Up-to-date symlink: /home/rsa/colcon_ws/install/turtlebot3_gazebo/share/turtlebot3_gazebo//models/blue_on_pink_marker/model.config
[7.052s] -- Up-to-date symlink: /home/rsa/colcon_ws/install/turtlebot3_gazebo/share/turtlebot3_gazebo//models/blue_on_pink_marker/model.sdf
[7.053s] -- Up-to-date symlink: /home/rsa/colcon_ws/install/turtlebot3_gazebo/share/turtlebot3_gazebo//models/blue_on_pink_marker/model.sdf~
[7.056s] -- Up-to-date symlink: /home/rsa/colcon_ws/install/turtlebot3_gazebo/share/turtlebot3_gazebo//models/enclosure/model.config
[7.057s] -- Up-to-date symlink: /home/rsa/colcon_ws/install/turtlebot3_gazebo/share/turtlebot3_gazebo//models/enclosure/model.sdf
[7.059s] -- Up-to-date symlink: /home/rsa/colcon_ws/install/turtlebot3_gazebo/share/turtlebot3_gazebo//models/enclosure/model.sdf~
[7.062s] -- Up-to-date symlink: /home/rsa/colcon_ws/install/turtlebot3_gazebo/share/turtlebot3_gazebo//models/green_on_pink_marker/model.config
[7.063s] -- Up-to-date symlink: /home/rsa/colcon_ws/install/turtlebot3_gazebo/share/turtlebot3_gazebo//models/green_on_pink_marker/model.sdf
[7.067s] -- Up-to-date symlink: /home/rsa/colcon_ws/install/turtlebot3_gazebo/share/turtlebot3_gazebo//models/green_on_pink_marker/model.sdf~
[7.069s] -- Up-to-date symlink: /home/rsa/colcon_ws/install/turtlebot3_gazebo/share/turtlebot3_gazebo//models/maze2/model.config
[7.070s] -- Up-to-date symlink: /home/rsa/colcon_ws/install/turtlebot3_gazebo/share/turtlebot3_gazebo//models/maze2/model.sdf
[7.073s] -- Up-to-date symlink: /home/rsa/colcon_ws/install/turtlebot3_gazebo/share/turtlebot3_gazebo//models/pink_on_blue_marker/model.config
[7.073s] -- Up-to-date symlink: /home/rsa/colcon_ws/install/turtlebot3_gazebo/share/turtlebot3_gazebo//models/pink_on_blue_marker/model.sdf
[7.074s] -- Up-to-date symlink: /home/rsa/colcon_ws/install/turtlebot3_gazebo/share/turtlebot3_gazebo//models/pink_on_blue_marker/model.sdf~
[7.076s] -- Up-to-date symlink: /home/rsa/colcon_ws/install/turtlebot3_gazebo/share/turtlebot3_gazebo//models/pink_on_green_marker/model.config
[7.077s] -- Up-to-date symlink: /home/rsa/colcon_ws/install/turtlebot3_gazebo/share/turtlebot3_gazebo//models/pink_on_green_marker/model.sdf
[7.079s] -- Up-to-date symlink: /home/rsa/colcon_ws/install/turtlebot3_gazebo/share/turtlebot3_gazebo//models/pink_on_green_marker/model.sdf~
[7.083s] -- Up-to-date symlink: /home/rsa/colcon_ws/install/turtlebot3_gazebo/share/turtlebot3_gazebo//models/pink_on_yellow_marker/model.config
[7.085s] -- Up-to-date symlink: /home/rsa/colcon_ws/install/turtlebot3_gazebo/share/turtlebot3_gazebo//models/pink_on_yellow_marker/model.sdf
[7.090s] -- Up-to-date symlink: /home/rsa/colcon_ws/install/turtlebot3_gazebo/share/turtlebot3_gazebo//models/pink_on_yellow_marker/model.sdf~
[7.097s] -- Up-to-date symlink: /home/rsa/colcon_ws/install/turtlebot3_gazebo/share/turtlebot3_gazebo//models/turtlebot3_autorace/course/materials/scripts/course.material
[7.099s] -- Up-to-date symlink: /home/rsa/colcon_ws/install/turtlebot3_gazebo/share/turtlebot3_gazebo//models/turtlebot3_autorace/course/materials/textures/course.png
[7.100s] -- Up-to-date symlink: /home/rsa/colcon_ws/install/turtlebot3_gazebo/share/turtlebot3_gazebo//models/turtlebot3_autorace/course/model.config
[7.101s] -- Up-to-date symlink: /home/rsa/colcon_ws/install/turtlebot3_gazebo/share/turtlebot3_gazebo//models/turtlebot3_autorace/course/model.sdf
[7.128s] -- Up-to-date symlink: /home/rsa/colcon_ws/install/turtlebot3_gazebo/share/turtlebot3_gazebo//models/turtlebot3_autorace/ground/model.config
[7.129s] -- Up-to-date symlink: /home/rsa/colcon_ws/install/turtlebot3_gazebo/share/turtlebot3_gazebo//models/turtlebot3_autorace/ground/model.sdf
[7.132s] -- Up-to-date symlink: /home/rsa/colcon_ws/install/turtlebot3_gazebo/share/turtlebot3_gazebo//models/turtlebot3_autorace/lights/model.config
[7.133s] -- Up-to-date symlink: /home/rsa/colcon_ws/install/turtlebot3_gazebo/share/turtlebot3_gazebo//models/turtlebot3_autorace/lights/model.sdf
[7.134s] -- Up-to-date symlink: /home/rsa/colcon_ws/install/turtlebot3_gazebo/share/turtlebot3_gazebo//models/turtlebot3_autorace/model.config
[7.137s] -- Up-to-date symlink: /home/rsa/colcon_ws/install/turtlebot3_gazebo/share/turtlebot3_gazebo//models/turtlebot3_autorace/traffic_bar_down/materials/scripts/traffic_bar.material
[7.139s] -- Up-to-date symlink: /home/rsa/colcon_ws/install/turtlebot3_gazebo/share/turtlebot3_gazebo//models/turtlebot3_autorace/traffic_bar_down/materials/textures/traffic_bar.png
[7.140s] -- Up-to-date symlink: /home/rsa/colcon_ws/install/turtlebot3_gazebo/share/turtlebot3_gazebo//models/turtlebot3_autorace/traffic_bar_down/model.config
[7.142s] -- Up-to-date symlink: /home/rsa/colcon_ws/install/turtlebot3_gazebo/share/turtlebot3_gazebo//models/turtlebot3_autorace/traffic_bar_down/model.sdf
[7.150s] -- Up-to-date symlink: /home/rsa/colcon_ws/install/turtlebot3_gazebo/share/turtlebot3_gazebo//models/turtlebot3_autorace/traffic_bar_up/materials/scripts/traffic_bar.material
[7.159s] -- Up-to-date symlink: /home/rsa/colcon_ws/install/turtlebot3_gazebo/share/turtlebot3_gazebo//models/turtlebot3_autorace/traffic_bar_up/materials/textures/traffic_bar.png
[7.161s] -- Up-to-date symlink: /home/rsa/colcon_ws/install/turtlebot3_gazebo/share/turtlebot3_gazebo//models/turtlebot3_autorace/traffic_bar_up/model.config
[7.163s] -- Up-to-date symlink: /home/rsa/colcon_ws/install/turtlebot3_gazebo/share/turtlebot3_gazebo//models/turtlebot3_autorace/traffic_bar_up/model.sdf
[7.166s] -- Up-to-date symlink: /home/rsa/colcon_ws/install/turtlebot3_gazebo/share/turtlebot3_gazebo//models/turtlebot3_autorace/traffic_light_green/model.config
[7.168s] -- Up-to-date symlink: /home/rsa/colcon_ws/install/turtlebot3_gazebo/share/turtlebot3_gazebo//models/turtlebot3_autorace/traffic_light_green/model.sdf
[7.170s] -- Up-to-date symlink: /home/rsa/colcon_ws/install/turtlebot3_gazebo/share/turtlebot3_gazebo//models/turtlebot3_autorace/traffic_light_red/model.config
[7.171s] -- Up-to-date symlink: /home/rsa/colcon_ws/install/turtlebot3_gazebo/share/turtlebot3_gazebo//models/turtlebot3_autorace/traffic_light_red/model.sdf
[7.173s] -- Up-to-date symlink: /home/rsa/colcon_ws/install/turtlebot3_gazebo/share/turtlebot3_gazebo//models/turtlebot3_autorace/traffic_light_yellow/model.config
[7.174s] -- Up-to-date symlink: /home/rsa/colcon_ws/install/turtlebot3_gazebo/share/turtlebot3_gazebo//models/turtlebot3_autorace/traffic_light_yellow/model.sdf
[7.180s] -- Up-to-date symlink: /home/rsa/colcon_ws/install/turtlebot3_gazebo/share/turtlebot3_gazebo//models/turtlebot3_autorace/traffic_parking/materials/scripts/traffic_parking.material
[7.181s] -- Up-to-date symlink: /home/rsa/colcon_ws/install/turtlebot3_gazebo/share/turtlebot3_gazebo//models/turtlebot3_autorace/traffic_parking/materials/textures/traffic_parking.png
[7.182s] -- Up-to-date symlink: /home/rsa/colcon_ws/install/turtlebot3_gazebo/share/turtlebot3_gazebo//models/turtlebot3_autorace/traffic_parking/model.config
[7.184s] -- Up-to-date symlink: /home/rsa/colcon_ws/install/turtlebot3_gazebo/share/turtlebot3_gazebo//models/turtlebot3_autorace/traffic_parking/model.sdf
[7.188s] -- Up-to-date symlink: /home/rsa/colcon_ws/install/turtlebot3_gazebo/share/turtlebot3_gazebo//models/turtlebot3_autorace/traffic_stop/materials/scripts/traffic_stop.material
[7.197s] -- Up-to-date symlink: /home/rsa/colcon_ws/install/turtlebot3_gazebo/share/turtlebot3_gazebo//models/turtlebot3_autorace/traffic_stop/materials/textures/traffic_stop.png
[7.197s] -- Up-to-date symlink: /home/rsa/colcon_ws/install/turtlebot3_gazebo/share/turtlebot3_gazebo//models/turtlebot3_autorace/traffic_stop/model.config
[7.197s] -- Up-to-date symlink: /home/rsa/colcon_ws/install/turtlebot3_gazebo/share/turtlebot3_gazebo//models/turtlebot3_autorace/traffic_stop/model.sdf
[7.199s] -- Up-to-date symlink: /home/rsa/colcon_ws/install/turtlebot3_gazebo/share/turtlebot3_gazebo//models/turtlebot3_autorace/traffic_tunnel/materials/scripts/tunnel.material
[7.202s] -- Up-to-date symlink: /home/rsa/colcon_ws/install/turtlebot3_gazebo/share/turtlebot3_gazebo//models/turtlebot3_autorace/traffic_tunnel/materials/textures/tunnel.png
[7.203s] -- Up-to-date symlink: /home/rsa/colcon_ws/install/turtlebot3_gazebo/share/turtlebot3_gazebo//models/turtlebot3_autorace/traffic_tunnel/model.config
[7.204s] -- Up-to-date symlink: /home/rsa/colcon_ws/install/turtlebot3_gazebo/share/turtlebot3_gazebo//models/turtlebot3_autorace/traffic_tunnel/model.sdf
[7.207s] -- Up-to-date symlink: /home/rsa/colcon_ws/install/turtlebot3_gazebo/share/turtlebot3_gazebo//models/turtlebot3_autorace/tunnel_obstacles/model.config
[7.208s] -- Up-to-date symlink: /home/rsa/colcon_ws/install/turtlebot3_gazebo/share/turtlebot3_gazebo//models/turtlebot3_autorace/tunnel_obstacles/model.sdf
[7.232s] -- Up-to-date symlink: /home/rsa/colcon_ws/install/turtlebot3_gazebo/share/turtlebot3_gazebo//models/turtlebot3_autorace/tunnel_wall/model.config
[7.232s] -- Up-to-date symlink: /home/rsa/colcon_ws/install/turtlebot3_gazebo/share/turtlebot3_gazebo//models/turtlebot3_autorace/tunnel_wall/model.sdf
[7.235s] -- Up-to-date symlink: /home/rsa/colcon_ws/install/turtlebot3_gazebo/share/turtlebot3_gazebo//models/turtlebot3_burger/meshes/burger_base.dae
[7.250s] -- Up-to-date symlink: /home/rsa/colcon_ws/install/turtlebot3_gazebo/share/turtlebot3_gazebo//models/turtlebot3_burger/meshes/lds.dae
[7.251s] -- Up-to-date symlink: /home/rsa/colcon_ws/install/turtlebot3_gazebo/share/turtlebot3_gazebo//models/turtlebot3_burger/meshes/tire.dae
[7.252s] -- Up-to-date symlink: /home/rsa/colcon_ws/install/turtlebot3_gazebo/share/turtlebot3_gazebo//models/turtlebot3_burger/model-1_4.sdf
[7.255s] -- Up-to-date symlink: /home/rsa/colcon_ws/install/turtlebot3_gazebo/share/turtlebot3_gazebo//models/turtlebot3_burger/model.config
[7.256s] -- Up-to-date symlink: /home/rsa/colcon_ws/install/turtlebot3_gazebo/share/turtlebot3_gazebo//models/turtlebot3_burger/model.sdf
[7.262s] -- Up-to-date symlink: /home/rsa/colcon_ws/install/turtlebot3_gazebo/share/turtlebot3_gazebo//models/turtlebot3_dqn_world/goal_box/model.config
[7.264s] -- Up-to-date symlink: /home/rsa/colcon_ws/install/turtlebot3_gazebo/share/turtlebot3_gazebo//models/turtlebot3_dqn_world/goal_box/model.sdf
[7.266s] -- Up-to-date symlink: /home/rsa/colcon_ws/install/turtlebot3_gazebo/share/turtlebot3_gazebo//models/turtlebot3_dqn_world/inner_walls/model.config
[7.267s] -- Up-to-date symlink: /home/rsa/colcon_ws/install/turtlebot3_gazebo/share/turtlebot3_gazebo//models/turtlebot3_dqn_world/inner_walls/model.sdf
[7.269s] -- Up-to-date symlink: /home/rsa/colcon_ws/install/turtlebot3_gazebo/share/turtlebot3_gazebo//models/turtlebot3_dqn_world/model.config
[7.269s] -- Up-to-date symlink: /home/rsa/colcon_ws/install/turtlebot3_gazebo/share/turtlebot3_gazebo//models/turtlebot3_dqn_world/model.sdf
[7.271s] -- Up-to-date symlink: /home/rsa/colcon_ws/install/turtlebot3_gazebo/share/turtlebot3_gazebo//models/turtlebot3_dqn_world/obstacle1/model.config
[7.273s] -- Up-to-date symlink: /home/rsa/colcon_ws/install/turtlebot3_gazebo/share/turtlebot3_gazebo//models/turtlebot3_dqn_world/obstacle1/model.sdf
[7.281s] -- Up-to-date symlink: /home/rsa/colcon_ws/install/turtlebot3_gazebo/share/turtlebot3_gazebo//models/turtlebot3_dqn_world/obstacle2/model.config
[7.282s] -- Up-to-date symlink: /home/rsa/colcon_ws/install/turtlebot3_gazebo/share/turtlebot3_gazebo//models/turtlebot3_dqn_world/obstacle2/model.sdf
[7.284s] -- Up-to-date symlink: /home/rsa/colcon_ws/install/turtlebot3_gazebo/share/turtlebot3_gazebo//models/turtlebot3_dqn_world/obstacle_plugin/CMakeLists.txt
[7.285s] -- Up-to-date symlink: /home/rsa/colcon_ws/install/turtlebot3_gazebo/share/turtlebot3_gazebo//models/turtlebot3_dqn_world/obstacle_plugin/obstacle1.cc
[7.286s] -- Up-to-date symlink: /home/rsa/colcon_ws/install/turtlebot3_gazebo/share/turtlebot3_gazebo//models/turtlebot3_dqn_world/obstacle_plugin/obstacle2.cc
[7.288s] -- Up-to-date symlink: /home/rsa/colcon_ws/install/turtlebot3_gazebo/share/turtlebot3_gazebo//models/turtlebot3_dqn_world/obstacle_plugin/obstacles.cc
[7.290s] -- Up-to-date symlink: /home/rsa/colcon_ws/install/turtlebot3_gazebo/share/turtlebot3_gazebo//models/turtlebot3_dqn_world/obstacles/model.config
[7.290s] -- Up-to-date symlink: /home/rsa/colcon_ws/install/turtlebot3_gazebo/share/turtlebot3_gazebo//models/turtlebot3_dqn_world/obstacles/model.sdf
[7.292s] -- Up-to-date symlink: /home/rsa/colcon_ws/install/turtlebot3_gazebo/share/turtlebot3_gazebo//models/turtlebot3_house/model.config
[7.293s] -- Up-to-date symlink: /home/rsa/colcon_ws/install/turtlebot3_gazebo/share/turtlebot3_gazebo//models/turtlebot3_house/model.sdf
[7.297s] -- Up-to-date symlink: /home/rsa/colcon_ws/install/turtlebot3_gazebo/share/turtlebot3_gazebo//models/turtlebot3_maze/model (copy 1).sdf
[7.299s] -- Up-to-date symlink: /home/rsa/colcon_ws/install/turtlebot3_gazebo/share/turtlebot3_gazebo//models/turtlebot3_maze/model.config
[7.305s] -- Up-to-date symlink: /home/rsa/colcon_ws/install/turtlebot3_gazebo/share/turtlebot3_gazebo//models/turtlebot3_maze/model.sdf
[7.306s] -- Up-to-date symlink: /home/rsa/colcon_ws/install/turtlebot3_gazebo/share/turtlebot3_gazebo//models/turtlebot3_maze/model.sdf~
[7.306s] -- Up-to-date symlink: /home/rsa/colcon_ws/install/turtlebot3_gazebo/share/turtlebot3_gazebo//models/turtlebot3_waffle/meshes/lds.dae
[7.306s] -- Up-to-date symlink: /home/rsa/colcon_ws/install/turtlebot3_gazebo/share/turtlebot3_gazebo//models/turtlebot3_waffle/meshes/r200.dae
[7.309s] -- Up-to-date symlink: /home/rsa/colcon_ws/install/turtlebot3_gazebo/share/turtlebot3_gazebo//models/turtlebot3_waffle/meshes/tire.dae
[7.311s] -- Up-to-date symlink: /home/rsa/colcon_ws/install/turtlebot3_gazebo/share/turtlebot3_gazebo//models/turtlebot3_waffle/meshes/waffle_base.dae
[7.320s] -- Up-to-date symlink: /home/rsa/colcon_ws/install/turtlebot3_gazebo/share/turtlebot3_gazebo//models/turtlebot3_waffle/model-1_4.sdf
[7.321s] -- Up-to-date symlink: /home/rsa/colcon_ws/install/turtlebot3_gazebo/share/turtlebot3_gazebo//models/turtlebot3_waffle/model.config
[7.325s] -- Up-to-date symlink: /home/rsa/colcon_ws/install/turtlebot3_gazebo/share/turtlebot3_gazebo//models/turtlebot3_waffle/model.sdf
[7.329s] -- Up-to-date symlink: /home/rsa/colcon_ws/install/turtlebot3_gazebo/share/turtlebot3_gazebo//models/turtlebot3_waffle_pi/meshes/lds.dae
[7.330s] -- Up-to-date symlink: /home/rsa/colcon_ws/install/turtlebot3_gazebo/share/turtlebot3_gazebo//models/turtlebot3_waffle_pi/meshes/tire.dae
[7.333s] -- Up-to-date symlink: /home/rsa/colcon_ws/install/turtlebot3_gazebo/share/turtlebot3_gazebo//models/turtlebot3_waffle_pi/meshes/waffle_pi_base.dae
[7.336s] -- Up-to-date symlink: /home/rsa/colcon_ws/install/turtlebot3_gazebo/share/turtlebot3_gazebo//models/turtlebot3_waffle_pi/model-1_4_.sdf
[7.338s] -- Up-to-date symlink: /home/rsa/colcon_ws/install/turtlebot3_gazebo/share/turtlebot3_gazebo//models/turtlebot3_waffle_pi/model.config
[7.340s] -- Up-to-date symlink: /home/rsa/colcon_ws/install/turtlebot3_gazebo/share/turtlebot3_gazebo//models/turtlebot3_waffle_pi/model.sdf
[7.347s] -- Up-to-date symlink: /home/rsa/colcon_ws/install/turtlebot3_gazebo/share/turtlebot3_gazebo//models/turtlebot3_world/meshes/hexagon.dae
[7.353s] -- Up-to-date symlink: /home/rsa/colcon_ws/install/turtlebot3_gazebo/share/turtlebot3_gazebo//models/turtlebot3_world/meshes/wall.dae
[7.353s] -- Up-to-date symlink: /home/rsa/colcon_ws/install/turtlebot3_gazebo/share/turtlebot3_gazebo//models/turtlebot3_world/model-1_4.sdf
[7.355s] -- Up-to-date symlink: /home/rsa/colcon_ws/install/turtlebot3_gazebo/share/turtlebot3_gazebo//models/turtlebot3_world/model.config
[7.357s] -- Up-to-date symlink: /home/rsa/colcon_ws/install/turtlebot3_gazebo/share/turtlebot3_gazebo//models/turtlebot3_world/model.sdf
[7.359s] -- Up-to-date symlink: /home/rsa/colcon_ws/install/turtlebot3_gazebo/share/turtlebot3_gazebo//models/wall_section/model.config
[7.362s] -- Up-to-date symlink: /home/rsa/colcon_ws/install/turtlebot3_gazebo/share/turtlebot3_gazebo//models/wall_section/model.sdf
[7.365s] -- Up-to-date symlink: /home/rsa/colcon_ws/install/turtlebot3_gazebo/share/turtlebot3_gazebo//models/wall_section/model.sdf~
[7.368s] -- Up-to-date symlink: /home/rsa/colcon_ws/install/turtlebot3_gazebo/share/turtlebot3_gazebo//models/yellow_on_pink_marker/model.config
[7.369s] -- Up-to-date symlink: /home/rsa/colcon_ws/install/turtlebot3_gazebo/share/turtlebot3_gazebo//models/yellow_on_pink_marker/model.sdf
[7.371s] -- Up-to-date symlink: /home/rsa/colcon_ws/install/turtlebot3_gazebo/share/turtlebot3_gazebo//models/yellow_on_pink_marker/model.sdf~
[7.376s] -- Up-to-date symlink: /home/rsa/colcon_ws/install/turtlebot3_gazebo/share/turtlebot3_gazebo//rviz/tb3_gazebo.rviz
[7.393s] -- Up-to-date symlink: /home/rsa/colcon_ws/install/turtlebot3_gazebo/share/turtlebot3_gazebo//worlds/empty_worlds/burger.model
[7.394s] -- Up-to-date symlink: /home/rsa/colcon_ws/install/turtlebot3_gazebo/share/turtlebot3_gazebo//worlds/empty_worlds/waffle.model
[7.398s] -- Up-to-date symlink: /home/rsa/colcon_ws/install/turtlebot3_gazebo/share/turtlebot3_gazebo//worlds/empty_worlds/waffle_pi.model
[7.399s] -- Up-to-date symlink: /home/rsa/colcon_ws/install/turtlebot3_gazebo/share/turtlebot3_gazebo//worlds/params.txt
[7.408s] -- Up-to-date symlink: /home/rsa/colcon_ws/install/turtlebot3_gazebo/share/turtlebot3_gazebo//worlds/turtlebot3_autoraces/burger.model
[7.409s] -- Up-to-date symlink: /home/rsa/colcon_ws/install/turtlebot3_gazebo/share/turtlebot3_gazebo//worlds/turtlebot3_autoraces/waffle.model
[7.419s] -- Up-to-date symlink: /home/rsa/colcon_ws/install/turtlebot3_gazebo/share/turtlebot3_gazebo//worlds/turtlebot3_autoraces/waffle_pi.model
[7.426s] -- Up-to-date symlink: /home/rsa/colcon_ws/install/turtlebot3_gazebo/share/turtlebot3_gazebo//worlds/turtlebot3_dqn_stage1/burger.model
[7.431s] -- Up-to-date symlink: /home/rsa/colcon_ws/install/turtlebot3_gazebo/share/turtlebot3_gazebo//worlds/turtlebot3_dqn_stage1/waffle.model
[7.433s] -- Up-to-date symlink: /home/rsa/colcon_ws/install/turtlebot3_gazebo/share/turtlebot3_gazebo//worlds/turtlebot3_dqn_stage1/waffle_pi.model
[7.441s] -- Up-to-date symlink: /home/rsa/colcon_ws/install/turtlebot3_gazebo/share/turtlebot3_gazebo//worlds/turtlebot3_dqn_stage2/burger.model
[7.444s] -- Up-to-date symlink: /home/rsa/colcon_ws/install/turtlebot3_gazebo/share/turtlebot3_gazebo//worlds/turtlebot3_dqn_stage2/waffle.model
[7.445s] -- Up-to-date symlink: /home/rsa/colcon_ws/install/turtlebot3_gazebo/share/turtlebot3_gazebo//worlds/turtlebot3_dqn_stage2/waffle_pi.model
[7.448s] -- Up-to-date symlink: /home/rsa/colcon_ws/install/turtlebot3_gazebo/share/turtlebot3_gazebo//worlds/turtlebot3_dqn_stage3/burger.model
[7.449s] -- Up-to-date symlink: /home/rsa/colcon_ws/install/turtlebot3_gazebo/share/turtlebot3_gazebo//worlds/turtlebot3_dqn_stage3/waffle.model
[7.451s] -- Up-to-date symlink: /home/rsa/colcon_ws/install/turtlebot3_gazebo/share/turtlebot3_gazebo//worlds/turtlebot3_dqn_stage3/waffle_pi.model
[7.455s] -- Up-to-date symlink: /home/rsa/colcon_ws/install/turtlebot3_gazebo/share/turtlebot3_gazebo//worlds/turtlebot3_dqn_stage4/burger.model
[7.457s] -- Up-to-date symlink: /home/rsa/colcon_ws/install/turtlebot3_gazebo/share/turtlebot3_gazebo//worlds/turtlebot3_dqn_stage4/waffle.model
[7.458s] -- Up-to-date symlink: /home/rsa/colcon_ws/install/turtlebot3_gazebo/share/turtlebot3_gazebo//worlds/turtlebot3_dqn_stage4/waffle_pi.model
[7.461s] -- Up-to-date symlink: /home/rsa/colcon_ws/install/turtlebot3_gazebo/share/turtlebot3_gazebo//worlds/turtlebot3_houses/burger.model
[7.462s] -- Up-to-date symlink: /home/rsa/colcon_ws/install/turtlebot3_gazebo/share/turtlebot3_gazebo//worlds/turtlebot3_houses/waffle.model
[7.464s] -- Up-to-date symlink: /home/rsa/colcon_ws/install/turtlebot3_gazebo/share/turtlebot3_gazebo//worlds/turtlebot3_houses/waffle_pi.model
[7.467s] -- Up-to-date symlink: /home/rsa/colcon_ws/install/turtlebot3_gazebo/share/turtlebot3_gazebo//worlds/turtlebot3_mazes/burger.model
[7.469s] -- Up-to-date symlink: /home/rsa/colcon_ws/install/turtlebot3_gazebo/share/turtlebot3_gazebo//worlds/turtlebot3_mazes/waffle.model
[7.471s] -- Up-to-date symlink: /home/rsa/colcon_ws/install/turtlebot3_gazebo/share/turtlebot3_gazebo//worlds/turtlebot3_mazes/waffle_pi.model
[7.476s] -- Up-to-date symlink: /home/rsa/colcon_ws/install/turtlebot3_gazebo/share/turtlebot3_gazebo//worlds/turtlebot3_mazes/waffle_pi.model~
[7.501s] -- Up-to-date symlink: /home/rsa/colcon_ws/install/turtlebot3_gazebo/share/turtlebot3_gazebo//worlds/turtlebot3_worlds/burger.model
[7.501s] -- Up-to-date symlink: /home/rsa/colcon_ws/install/turtlebot3_gazebo/share/turtlebot3_gazebo//worlds/turtlebot3_worlds/waffle.model
[7.501s] -- Up-to-date symlink: /home/rsa/colcon_ws/install/turtlebot3_gazebo/share/turtlebot3_gazebo//worlds/turtlebot3_worlds/waffle_pi.model
[7.503s] -- Up-to-date symlink: /home/rsa/colcon_ws/install/turtlebot3_gazebo/include//turtlebot3_gazebo/turtlebot3_drive.hpp
[7.504s] -- Up-to-date symlink: /home/rsa/colcon_ws/install/turtlebot3_gazebo/share/ament_index/resource_index/package_run_dependencies/turtlebot3_gazebo
[7.508s] -- Up-to-date symlink: /home/rsa/colcon_ws/install/turtlebot3_gazebo/share/ament_index/resource_index/parent_prefix_path/turtlebot3_gazebo
[7.510s] -- Up-to-date symlink: /home/rsa/colcon_ws/install/turtlebot3_gazebo/share/turtlebot3_gazebo/environment/ament_prefix_path.sh
[7.511s] -- Up-to-date symlink: /home/rsa/colcon_ws/install/turtlebot3_gazebo/share/turtlebot3_gazebo/environment/ament_prefix_path.dsv
[7.524s] -- Up-to-date symlink: /home/rsa/colcon_ws/install/turtlebot3_gazebo/share/turtlebot3_gazebo/environment/path.sh
[7.524s] -- Up-to-date symlink: /home/rsa/colcon_ws/install/turtlebot3_gazebo/share/turtlebot3_gazebo/environment/path.dsv
[7.526s] -- Up-to-date symlink: /home/rsa/colcon_ws/install/turtlebot3_gazebo/share/turtlebot3_gazebo/local_setup.bash
[7.530s] -- Up-to-date symlink: /home/rsa/colcon_ws/install/turtlebot3_gazebo/share/turtlebot3_gazebo/local_setup.sh
[7.551s] -- Up-to-date symlink: /home/rsa/colcon_ws/install/turtlebot3_gazebo/share/turtlebot3_gazebo/local_setup.zsh
[7.551s] -- Up-to-date symlink: /home/rsa/colcon_ws/install/turtlebot3_gazebo/share/turtlebot3_gazebo/local_setup.dsv
[7.551s] -- Symlinking: /home/rsa/colcon_ws/install/turtlebot3_gazebo/share/turtlebot3_gazebo/package.dsv
[7.563s] -- Up-to-date symlink: /home/rsa/colcon_ws/install/turtlebot3_gazebo/share/ament_index/resource_index/packages/turtlebot3_gazebo
[7.566s] -- Up-to-date symlink: /home/rsa/colcon_ws/install/turtlebot3_gazebo/share/turtlebot3_gazebo/cmake/ament_cmake_export_include_directories-extras.cmake
[7.569s] -- Up-to-date symlink: /home/rsa/colcon_ws/install/turtlebot3_gazebo/share/turtlebot3_gazebo/cmake/ament_cmake_export_dependencies-extras.cmake
[7.571s] -- Up-to-date symlink: /home/rsa/colcon_ws/install/turtlebot3_gazebo/share/turtlebot3_gazebo/cmake/turtlebot3_gazeboConfig.cmake
[7.572s] -- Up-to-date symlink: /home/rsa/colcon_ws/install/turtlebot3_gazebo/share/turtlebot3_gazebo/cmake/turtlebot3_gazeboConfig-version.cmake
[7.573s] -- Up-to-date symlink: /home/rsa/colcon_ws/install/turtlebot3_gazebo/share/turtlebot3_gazebo/package.xml
[7.594s] Invoked command in '/home/rsa/colcon_ws/build/turtlebot3_gazebo' returned '0': CMAKE_PREFIX_PATH=${CMAKE_PREFIX_PATH}:/opt/ros/foxy /usr/bin/cmake --install /home/rsa/colcon_ws/build/turtlebot3_gazebo
