[0.043s] Invoking command in '/home/rsa/colcon_ws/build/pl_interface': CMAKE_PREFIX_PATH=${CMAKE_PREFIX_PATH}:/opt/ros/foxy /usr/bin/cmake /home/rsa/colcon_ws/src/pl_interface -DCMAKE_INSTALL_PREFIX=/home/rsa/colcon_ws/install/pl_interface
[0.153s] -- The C compiler identification is GNU 9.4.0
[0.226s] -- The CXX compiler identification is GNU 9.4.0
[0.227s] -- Check for working C compiler: /usr/bin/cc
[0.327s] -- Check for working C compiler: /usr/bin/cc -- works
[0.335s] -- Detecting C compiler ABI info
[0.439s] -- Detecting C compiler ABI info - done
[0.449s] -- Detecting C compile features
[0.449s] -- Detecting C compile features - done
[0.451s] -- Check for working CXX compiler: /usr/bin/c++
[0.562s] -- Check for working CXX compiler: /usr/bin/c++ -- works
[0.563s] -- Detecting CXX compiler ABI info
[0.670s] -- Detecting CXX compiler ABI info - done
[0.679s] -- Detecting CXX compile features
[0.680s] -- Detecting CXX compile features - done
[0.683s] -- Found ament_cmake: 0.9.12 (/opt/ros/foxy/share/ament_cmake/cmake)
[0.707s] -- Found PythonInterp: /usr/bin/python3 (found suitable version "3.8.10", minimum required is "3") 
[0.707s] -- Using PYTHON_EXECUTABLE: /usr/bin/python3
[0.883s] -- Found rclcpp: 2.4.3 (/opt/ros/foxy/share/rclcpp/cmake)
[0.946s] -- Using all available rosidl_typesupport_c: rosidl_typesupport_fastrtps_c;rosidl_typesupport_introspection_c
[0.953s] -- Found rosidl_adapter: 1.3.1 (/opt/ros/foxy/share/rosidl_adapter/cmake)
[1.063s] -- Found OpenSSL: /usr/lib/x86_64-linux-gnu/libcrypto.so (found version "1.1.1f")  
[1.101s] -- Found FastRTPS: /opt/ros/foxy/include  
[1.192s] -- Using all available rosidl_typesupport_cpp: rosidl_typesupport_fastrtps_cpp;rosidl_typesupport_introspection_cpp
[1.247s] -- Found rmw_implementation_cmake: 1.0.4 (/opt/ros/foxy/share/rmw_implementation_cmake/cmake)
[1.249s] -- Using RMW implementation 'rmw_fastrtps_cpp' as default
[1.250s] -- Looking for pthread.h
[1.381s] -- Looking for pthread.h - found
[1.382s] -- Performing Test CMAKE_HAVE_LIBC_PTHREAD
[1.520s] -- Performing Test CMAKE_HAVE_LIBC_PTHREAD - Failed
[1.520s] -- Looking for pthread_create in pthreads
[1.633s] -- Looking for pthread_create in pthreads - not found
[1.633s] -- Looking for pthread_create in pthread
[1.752s] -- Looking for pthread_create in pthread - found
[1.753s] -- Found Threads: TRUE  
[1.914s] -- Found rclpy: 1.0.13 (/opt/ros/foxy/share/rclpy/cmake)
[1.918s] -- Found geometry_msgs: 2.0.5 (/opt/ros/foxy/share/geometry_msgs/cmake)
[1.955s] -- Found nav_msgs: 2.0.5 (/opt/ros/foxy/share/nav_msgs/cmake)
[2.024s] -- Found sensor_msgs: 2.0.5 (/opt/ros/foxy/share/sensor_msgs/cmake)
[2.114s] -- Found tf2: 0.13.14 (/opt/ros/foxy/share/tf2/cmake)
[2.226s] -- Configuring done
[2.240s] -- Generating done
[2.241s] -- Build files have been written to: /home/rsa/colcon_ws/build/pl_interface
[2.253s] Invoked command in '/home/rsa/colcon_ws/build/pl_interface' returned '0': CMAKE_PREFIX_PATH=${CMAKE_PREFIX_PATH}:/opt/ros/foxy /usr/bin/cmake /home/rsa/colcon_ws/src/pl_interface -DCMAKE_INSTALL_PREFIX=/home/rsa/colcon_ws/install/pl_interface
[2.253s] Invoking command in '/home/rsa/colcon_ws/build/pl_interface': CMAKE_PREFIX_PATH=${CMAKE_PREFIX_PATH}:/opt/ros/foxy /usr/bin/cmake --build /home/rsa/colcon_ws/build/pl_interface -- -j4 -l4
[2.312s] [35m[1mScanning dependencies of target pl_interface[0m
[2.372s] [ 50%] [32mBuilding CXX object CMakeFiles/pl_interface.dir/src/pl_interface.cpp.o[0m
[4.791s] [01m[K/home/rsa/colcon_ws/src/pl_interface/src/pl_interface.cpp:[m[K In function ‘[01m[Kbool pl_near_start(term, pobj**)[m[K’:
[4.791s] [01m[K/home/rsa/colcon_ws/src/pl_interface/src/pl_interface.cpp:161:25:[m[K [01;35m[Kwarning: [m[Kunused parameter ‘[01m[Kgoal[m[K’ [[01;35m[K-Wunused-parameter[m[K]
[4.791s]   161 | bool pl_near_start([01;35m[Kterm goal[m[K, term *frame)
[4.791s]       |                    [01;35m[K~~~~~^~~~[m[K
[4.791s] [01m[K/home/rsa/colcon_ws/src/pl_interface/src/pl_interface.cpp:161:37:[m[K [01;35m[Kwarning: [m[Kunused parameter ‘[01m[Kframe[m[K’ [[01;35m[K-Wunused-parameter[m[K]
[4.792s]   161 | bool pl_near_start(term goal, [01;35m[Kterm *frame[m[K)
[4.792s]       |                               [01;35m[K~~~~~~^~~~~[m[K
[15.890s] [100%] [32m[1mLinking CXX executable pl_interface[0m
[16.945s] [100%] Built target pl_interface
[16.989s] Invoked command in '/home/rsa/colcon_ws/build/pl_interface' returned '0': CMAKE_PREFIX_PATH=${CMAKE_PREFIX_PATH}:/opt/ros/foxy /usr/bin/cmake --build /home/rsa/colcon_ws/build/pl_interface -- -j4 -l4
[17.202s] Invoking command in '/home/rsa/colcon_ws/build/pl_interface': CMAKE_PREFIX_PATH=${CMAKE_PREFIX_PATH}:/opt/ros/foxy /usr/bin/cmake --install /home/rsa/colcon_ws/build/pl_interface
[17.236s] -- Install configuration: ""
[17.237s] -- Installing: /home/rsa/colcon_ws/install/pl_interface/lib/pl_interface/pl_interface
[17.261s] -- Set runtime path of "/home/rsa/colcon_ws/install/pl_interface/lib/pl_interface/pl_interface" to ""
[17.262s] -- Installing: /home/rsa/colcon_ws/install/pl_interface/share/pl_interface//launch
[17.264s] -- Installing: /home/rsa/colcon_ws/install/pl_interface/share/pl_interface//launch/__pycache__
[17.264s] -- Installing: /home/rsa/colcon_ws/install/pl_interface/share/pl_interface//launch/__pycache__/pl_interface.launch.cpython-38.pyc
[17.264s] -- Installing: /home/rsa/colcon_ws/install/pl_interface/share/pl_interface//launch/pl_interface.launch.py
[17.264s] -- Installing: /home/rsa/colcon_ws/install/pl_interface/include/
[17.264s] -- Installing: /home/rsa/colcon_ws/install/pl_interface/include//pl_interface
[17.264s] -- Installing: /home/rsa/colcon_ws/install/pl_interface/include//pl_interface/pl_interface.hpp
[17.264s] -- Installing: /home/rsa/colcon_ws/install/pl_interface/share/pl_interface/environment/pythonpath.sh
[17.265s] -- Installing: /home/rsa/colcon_ws/install/pl_interface/share/pl_interface/environment/pythonpath.dsv
[17.265s] -- Installing: /home/rsa/colcon_ws/install/pl_interface/lib/python3.8/site-packages/pl_interface
[17.265s] -- Installing: /home/rsa/colcon_ws/install/pl_interface/lib/python3.8/site-packages/pl_interface/landmark.py
[17.267s] -- Installing: /home/rsa/colcon_ws/install/pl_interface/lib/python3.8/site-packages/pl_interface/__init__.py
[17.310s] Listing '/home/rsa/colcon_ws/install/pl_interface/lib/python3.8/site-packages/pl_interface'...
[17.310s] Compiling '/home/rsa/colcon_ws/install/pl_interface/lib/python3.8/site-packages/pl_interface/__init__.py'...
[17.310s] Compiling '/home/rsa/colcon_ws/install/pl_interface/lib/python3.8/site-packages/pl_interface/landmark.py'...
[17.367s] -- Installing: /home/rsa/colcon_ws/install/pl_interface/lib/pl_interface/see_marker.py
[17.370s] -- Installing: /home/rsa/colcon_ws/install/pl_interface/lib/pl_interface/point_transformer.py
[17.374s] -- Installing: /home/rsa/colcon_ws/install/pl_interface/share/ament_index/resource_index/package_run_dependencies/pl_interface
[17.375s] -- Installing: /home/rsa/colcon_ws/install/pl_interface/share/ament_index/resource_index/parent_prefix_path/pl_interface
[17.376s] -- Installing: /home/rsa/colcon_ws/install/pl_interface/share/pl_interface/environment/ament_prefix_path.sh
[17.376s] -- Installing: /home/rsa/colcon_ws/install/pl_interface/share/pl_interface/environment/ament_prefix_path.dsv
[17.376s] -- Installing: /home/rsa/colcon_ws/install/pl_interface/share/pl_interface/environment/path.sh
[17.376s] -- Installing: /home/rsa/colcon_ws/install/pl_interface/share/pl_interface/environment/path.dsv
[17.377s] -- Installing: /home/rsa/colcon_ws/install/pl_interface/share/pl_interface/local_setup.bash
[17.377s] -- Installing: /home/rsa/colcon_ws/install/pl_interface/share/pl_interface/local_setup.sh
[17.377s] -- Installing: /home/rsa/colcon_ws/install/pl_interface/share/pl_interface/local_setup.zsh
[17.378s] -- Installing: /home/rsa/colcon_ws/install/pl_interface/share/pl_interface/local_setup.dsv
[17.378s] -- Installing: /home/rsa/colcon_ws/install/pl_interface/share/pl_interface/package.dsv
[17.378s] -- Installing: /home/rsa/colcon_ws/install/pl_interface/share/ament_index/resource_index/packages/pl_interface
[17.379s] -- Installing: /home/rsa/colcon_ws/install/pl_interface/share/pl_interface/cmake/ament_cmake_export_include_directories-extras.cmake
[17.379s] -- Installing: /home/rsa/colcon_ws/install/pl_interface/share/pl_interface/cmake/ament_cmake_export_dependencies-extras.cmake
[17.379s] -- Installing: /home/rsa/colcon_ws/install/pl_interface/share/pl_interface/cmake/pl_interfaceConfig.cmake
[17.380s] -- Installing: /home/rsa/colcon_ws/install/pl_interface/share/pl_interface/cmake/pl_interfaceConfig-version.cmake
[17.380s] -- Installing: /home/rsa/colcon_ws/install/pl_interface/share/pl_interface/package.xml
[17.387s] Invoked command in '/home/rsa/colcon_ws/build/pl_interface' returned '0': CMAKE_PREFIX_PATH=${CMAKE_PREFIX_PATH}:/opt/ros/foxy /usr/bin/cmake --install /home/rsa/colcon_ws/build/pl_interface
