[0.152s] Invoking command in '/home/rsa/colcon_ws/build/wall_follower': CMAKE_PREFIX_PATH=${CMAKE_PREFIX_PATH}:/opt/ros/foxy /usr/bin/cmake --build /home/rsa/colcon_ws/build/wall_follower -- -j4 -l4
[0.506s] [35m[1mScanning dependencies of target wall_follower[0m
[0.615s] [ 50%] [32mBuilding CXX object CMakeFiles/wall_follower.dir/src/wall_follower.cpp.o[0m
[14.794s] [100%] [32m[1mLinking CXX executable wall_follower[0m
[15.596s] [100%] Built target wall_follower
[15.614s] Invoked command in '/home/rsa/colcon_ws/build/wall_follower' returned '0': CMAKE_PREFIX_PATH=${CMAKE_PREFIX_PATH}:/opt/ros/foxy /usr/bin/cmake --build /home/rsa/colcon_ws/build/wall_follower -- -j4 -l4
[15.742s] Invoking command in '/home/rsa/colcon_ws/build/wall_follower': CMAKE_PREFIX_PATH=${CMAKE_PREFIX_PATH}:/opt/ros/foxy /usr/bin/cmake --install /home/rsa/colcon_ws/build/wall_follower
[15.751s] -- Install configuration: ""
[15.751s] -- Execute custom install script
[15.751s] -- Up-to-date symlink: /home/rsa/colcon_ws/install/wall_follower/lib/wall_follower/wall_follower
[15.751s] -- Up-to-date symlink: /home/rsa/colcon_ws/install/wall_follower/share/wall_follower//launch/wall_follower.launch.py
[15.757s] -- Up-to-date symlink: /home/rsa/colcon_ws/install/wall_follower/include//wall_follower/wall_follower.hpp
[15.757s] -- Up-to-date symlink: /home/rsa/colcon_ws/install/wall_follower/share/wall_follower/environment/pythonpath.sh
[15.758s] -- Up-to-date symlink: /home/rsa/colcon_ws/install/wall_follower/share/wall_follower/environment/pythonpath.dsv
[15.761s] -- Up-to-date symlink: /home/rsa/colcon_ws/install/wall_follower/lib/python3.8/site-packages/wall_follower/__init__.py
[15.762s] -- Up-to-date symlink: /home/rsa/colcon_ws/install/wall_follower/lib/python3.8/site-packages/wall_follower/landmark.py
[15.762s] -- Up-to-date symlink: /home/rsa/colcon_ws/install/wall_follower/lib/wall_follower/see_marker.py
[15.762s] -- Up-to-date symlink: /home/rsa/colcon_ws/install/wall_follower/lib/wall_follower/point_transformer.py
[15.762s] -- Up-to-date symlink: /home/rsa/colcon_ws/install/wall_follower/share/ament_index/resource_index/package_run_dependencies/wall_follower
[15.763s] -- Up-to-date symlink: /home/rsa/colcon_ws/install/wall_follower/share/ament_index/resource_index/parent_prefix_path/wall_follower
[15.763s] -- Up-to-date symlink: /home/rsa/colcon_ws/install/wall_follower/share/wall_follower/environment/ament_prefix_path.sh
[15.763s] -- Up-to-date symlink: /home/rsa/colcon_ws/install/wall_follower/share/wall_follower/environment/ament_prefix_path.dsv
[15.763s] -- Up-to-date symlink: /home/rsa/colcon_ws/install/wall_follower/share/wall_follower/environment/path.sh
[15.763s] -- Up-to-date symlink: /home/rsa/colcon_ws/install/wall_follower/share/wall_follower/environment/path.dsv
[15.763s] -- Up-to-date symlink: /home/rsa/colcon_ws/install/wall_follower/share/wall_follower/local_setup.bash
[15.767s] -- Up-to-date symlink: /home/rsa/colcon_ws/install/wall_follower/share/wall_follower/local_setup.sh
[15.767s] -- Up-to-date symlink: /home/rsa/colcon_ws/install/wall_follower/share/wall_follower/local_setup.zsh
[15.767s] -- Up-to-date symlink: /home/rsa/colcon_ws/install/wall_follower/share/wall_follower/local_setup.dsv
[15.767s] -- Symlinking: /home/rsa/colcon_ws/install/wall_follower/share/wall_follower/package.dsv
[15.781s] -- Up-to-date symlink: /home/rsa/colcon_ws/install/wall_follower/share/ament_index/resource_index/packages/wall_follower
[15.783s] -- Up-to-date symlink: /home/rsa/colcon_ws/install/wall_follower/share/wall_follower/cmake/ament_cmake_export_include_directories-extras.cmake
[15.783s] -- Up-to-date symlink: /home/rsa/colcon_ws/install/wall_follower/share/wall_follower/cmake/ament_cmake_export_dependencies-extras.cmake
[15.784s] -- Up-to-date symlink: /home/rsa/colcon_ws/install/wall_follower/share/wall_follower/cmake/wall_followerConfig.cmake
[15.784s] -- Up-to-date symlink: /home/rsa/colcon_ws/install/wall_follower/share/wall_follower/cmake/wall_followerConfig-version.cmake
[15.785s] -- Up-to-date symlink: /home/rsa/colcon_ws/install/wall_follower/share/wall_follower/package.xml
[15.829s] Listing '/home/rsa/colcon_ws/install/wall_follower/lib/python3.8/site-packages/wall_follower'...
[15.883s] Invoked command in '/home/rsa/colcon_ws/build/wall_follower' returned '0': CMAKE_PREFIX_PATH=${CMAKE_PREFIX_PATH}:/opt/ros/foxy /usr/bin/cmake --install /home/rsa/colcon_ws/build/wall_follower
