[0.313s] Invoking command in '/home/rsa/colcon_ws/build/pl_interface': CMAKE_PREFIX_PATH=${CMAKE_PREFIX_PATH}:/opt/ros/foxy /usr/bin/cmake --build /home/rsa/colcon_ws/build/pl_interface -- -j2 -l2
[0.377s] [35m[1mScanning dependencies of target pl_interface[0m
[0.413s] [ 50%] [32mBuilding CXX object CMakeFiles/pl_interface.dir/src/pl_interface.cpp.o[0m
[1.761s] [01m[K/home/rsa/colcon_ws/src/pl_interface/src/pl_interface.cpp:[m[K In function ‘[01m[Kbool pl_near_start(term, pobj**)[m[K’:
[1.762s] [01m[K/home/rsa/colcon_ws/src/pl_interface/src/pl_interface.cpp:186:25:[m[K [01;35m[Kwarning: [m[Kunused parameter ‘[01m[Kgoal[m[K’ [[01;35m[K-Wunused-parameter[m[K]
[1.762s]   186 | bool pl_near_start([01;35m[Kterm goal[m[K, term *frame)
[1.762s]       |                    [01;35m[K~~~~~^~~~[m[K
[1.762s] [01m[K/home/rsa/colcon_ws/src/pl_interface/src/pl_interface.cpp:186:37:[m[K [01;35m[Kwarning: [m[Kunused parameter ‘[01m[Kframe[m[K’ [[01;35m[K-Wunused-parameter[m[K]
[1.762s]   186 | bool pl_near_start(term goal, [01;35m[Kterm *frame[m[K)
[1.762s]       |                               [01;35m[K~~~~~~^~~~~[m[K
[1.762s] [01m[K/home/rsa/colcon_ws/src/pl_interface/src/pl_interface.cpp:[m[K In function ‘[01m[Kbool pl_drive(term, pobj**)[m[K’:
[1.762s] [01m[K/home/rsa/colcon_ws/src/pl_interface/src/pl_interface.cpp:205:51:[m[K [01;31m[Kerror: [m[K‘[01m[Kvoid PlInterface::update_cmd_vel(double, double)[m[K’ is private within this context
[1.762s]   205 |  current_node -> update_cmd_vel(RVAL(lv), RVAL(av)[01;31m[K)[m[K;
[1.762s]       |                                                   [01;31m[K^[m[K
[1.762s] [01m[K/home/rsa/colcon_ws/src/pl_interface/src/pl_interface.cpp:138:6:[m[K [01;36m[Knote: [m[Kdeclared private here
[1.762s]   138 | void [01;36m[KPlInterface[m[K::update_cmd_vel(double linear, double angular)
[1.763s]       |      [01;36m[K^~~~~~~~~~~[m[K
[3.626s] make[2]: *** [CMakeFiles/pl_interface.dir/build.make:63: CMakeFiles/pl_interface.dir/src/pl_interface.cpp.o] Error 1
[3.628s] make[1]: *** [CMakeFiles/Makefile2:78: CMakeFiles/pl_interface.dir/all] Error 2
[3.628s] make: *** [Makefile:141: all] Error 2
[3.631s] Invoked command in '/home/rsa/colcon_ws/build/pl_interface' returned '2': CMAKE_PREFIX_PATH=${CMAKE_PREFIX_PATH}:/opt/ros/foxy /usr/bin/cmake --build /home/rsa/colcon_ws/build/pl_interface -- -j2 -l2
