-- Found ament_cmake: 0.9.12 (/opt/ros/foxy/share/ament_cmake/cmake)
-- Using PYTHON_EXECUTABLE: /usr/bin/python3
-- Found rclcpp: 2.4.3 (/opt/ros/foxy/share/rclcpp/cmake)
-- Using all available rosidl_typesupport_c: rosidl_typesupport_fastrtps_c;rosidl_typesupport_introspection_c
-- Found rosidl_adapter: 1.3.1 (/opt/ros/foxy/share/rosidl_adapter/cmake)
-- Using all available rosidl_typesupport_cpp: rosidl_typesupport_fastrtps_cpp;rosidl_typesupport_introspection_cpp
-- Found rmw_implementation_cmake: 1.0.4 (/opt/ros/foxy/share/rmw_implementation_cmake/cmake)
-- Using RMW implementation 'rmw_fastrtps_cpp' as default
-- Found rclpy: 1.0.13 (/opt/ros/foxy/share/rclpy/cmake)
-- Found geometry_msgs: 2.0.5 (/opt/ros/foxy/share/geometry_msgs/cmake)
-- Found nav_msgs: 2.0.5 (/opt/ros/foxy/share/nav_msgs/cmake)
-- Found sensor_msgs: 2.0.5 (/opt/ros/foxy/share/sensor_msgs/cmake)
-- Found tf2: 0.13.14 (/opt/ros/foxy/share/tf2/cmake)
-- Configuring done
-- Generating done
-- Build files have been written to: /home/rsa/colcon_ws/build/wall_follower
[35m[1mScanning dependencies of target wall_follower[0m
[ 50%] [32mBuilding CXX object CMakeFiles/wall_follower.dir/src/wall_follower.cpp.o[0m
[100%] [32m[1mLinking CXX executable wall_follower[0m
[100%] Built target wall_follower
-- Install configuration: ""
-- Installing: /home/rsa/colcon_ws/install/wall_follower/lib/wall_follower/wall_follower
-- Set runtime path of "/home/rsa/colcon_ws/install/wall_follower/lib/wall_follower/wall_follower" to ""
-- Up-to-date: /home/rsa/colcon_ws/install/wall_follower/share/wall_follower//launch
-- Installing: /home/rsa/colcon_ws/install/wall_follower/share/wall_follower//launch/wall_follower.launch.py
-- Installing: /home/rsa/colcon_ws/install/wall_follower/share/wall_follower//launch/marker_navigator.launch.py
-- Up-to-date: /home/rsa/colcon_ws/install/wall_follower/include/
-- Up-to-date: /home/rsa/colcon_ws/install/wall_follower/include//wall_follower
-- Installing: /home/rsa/colcon_ws/install/wall_follower/include//wall_follower/wall_follower.hpp
-- Up-to-date: /home/rsa/colcon_ws/install/wall_follower/share/wall_follower/environment/pythonpath.sh
-- Installing: /home/rsa/colcon_ws/install/wall_follower/share/wall_follower/environment/pythonpath.dsv
-- Up-to-date: /home/rsa/colcon_ws/install/wall_follower/lib/python3.8/site-packages/wall_follower
-- Installing: /home/rsa/colcon_ws/install/wall_follower/lib/python3.8/site-packages/wall_follower/landmark.py
-- Installing: /home/rsa/colcon_ws/install/wall_follower/lib/python3.8/site-packages/wall_follower/__init__.py
Listing '/home/rsa/colcon_ws/install/wall_follower/lib/python3.8/site-packages/wall_follower'...
Compiling '/home/rsa/colcon_ws/install/wall_follower/lib/python3.8/site-packages/wall_follower/__init__.py'...
Compiling '/home/rsa/colcon_ws/install/wall_follower/lib/python3.8/site-packages/wall_follower/landmark.py'...
-- Installing: /home/rsa/colcon_ws/install/wall_follower/lib/wall_follower/see_marker.py
-- Installing: /home/rsa/colcon_ws/install/wall_follower/lib/wall_follower/point_transformer.py
-- Installing: /home/rsa/colcon_ws/install/wall_follower/lib/wall_follower/marker_navigator.py
-- Up-to-date: /home/rsa/colcon_ws/install/wall_follower/share/ament_index/resource_index/package_run_dependencies/wall_follower
-- Installing: /home/rsa/colcon_ws/install/wall_follower/share/ament_index/resource_index/parent_prefix_path/wall_follower
-- Up-to-date: /home/rsa/colcon_ws/install/wall_follower/share/wall_follower/environment/ament_prefix_path.sh
-- Installing: /home/rsa/colcon_ws/install/wall_follower/share/wall_follower/environment/ament_prefix_path.dsv
-- Up-to-date: /home/rsa/colcon_ws/install/wall_follower/share/wall_follower/environment/path.sh
-- Installing: /home/rsa/colcon_ws/install/wall_follower/share/wall_follower/environment/path.dsv
-- Up-to-date: /home/rsa/colcon_ws/install/wall_follower/share/wall_follower/local_setup.bash
-- Up-to-date: /home/rsa/colcon_ws/install/wall_follower/share/wall_follower/local_setup.sh
-- Up-to-date: /home/rsa/colcon_ws/install/wall_follower/share/wall_follower/local_setup.zsh
-- Installing: /home/rsa/colcon_ws/install/wall_follower/share/wall_follower/local_setup.dsv
-- Installing: /home/rsa/colcon_ws/install/wall_follower/share/wall_follower/package.dsv
-- Up-to-date: /home/rsa/colcon_ws/install/wall_follower/share/ament_index/resource_index/packages/wall_follower
-- Up-to-date: /home/rsa/colcon_ws/install/wall_follower/share/wall_follower/cmake/ament_cmake_export_include_directories-extras.cmake
-- Up-to-date: /home/rsa/colcon_ws/install/wall_follower/share/wall_follower/cmake/ament_cmake_export_dependencies-extras.cmake
-- Up-to-date: /home/rsa/colcon_ws/install/wall_follower/share/wall_follower/cmake/wall_followerConfig.cmake
-- Up-to-date: /home/rsa/colcon_ws/install/wall_follower/share/wall_follower/cmake/wall_followerConfig-version.cmake
-- Installing: /home/rsa/colcon_ws/install/wall_follower/share/wall_follower/package.xml
