[0.187s] Invoking command in '/home/rsa/colcon_ws/build/pl_interface': CMAKE_PREFIX_PATH=${CMAKE_PREFIX_PATH}:/opt/ros/foxy /usr/bin/cmake --build /home/rsa/colcon_ws/build/pl_interface -- -j2 -l2
[0.264s] [35m[1mScanning dependencies of target pl_interface[0m
[0.307s] [ 50%] [32mBuilding CXX object CMakeFiles/pl_interface.dir/src/pl_interface.cpp.o[0m
[1.677s] [01m[K/home/rsa/colcon_ws/src/pl_interface/src/pl_interface.cpp:[m[K In member function ‘[01m[Kvoid PlInterface::update_callback()[m[K’:
[1.677s] [01m[K/home/rsa/colcon_ws/src/pl_interface/src/pl_interface.cpp:156:14:[m[K [01;31m[Kerror: [m[Kno match for ‘[01m[Koperator=[m[K’ (operand types are ‘[01m[Kstd::shared_ptr<PlInterface>[m[K’ and ‘[01m[KPlInterface*[m[K’)
[1.677s]   156 |  this_node = [01;31m[Kthis[m[K;
[1.677s]       |              [01;31m[K^~~~[m[K
[1.677s] In file included from [01m[K/usr/include/c++/9/memory:81[m[K,
[1.677s]                  from [01m[K/opt/ros/foxy/include/rosidl_runtime_cpp/bounded_vector.hpp:19[m[K,
[1.677s]                  from [01m[K/opt/ros/foxy/include/geometry_msgs/msg/detail/twist__struct.hpp:8[m[K,
[1.677s]                  from [01m[K/opt/ros/foxy/include/geometry_msgs/msg/twist.hpp:7[m[K,
[1.678s]                  from [01m[K/home/rsa/colcon_ws/src/pl_interface/include/pl_interface/pl_interface.hpp:20[m[K,
[1.678s]                  from [01m[K/home/rsa/colcon_ws/src/pl_interface/src/pl_interface.cpp:3[m[K:
[1.678s] [01m[K/usr/include/c++/9/bits/shared_ptr.h:309:19:[m[K [01;36m[Knote: [m[Kcandidate: ‘[01m[Kstd::shared_ptr<_Tp>& std::shared_ptr<_Tp>::operator=(const std::shared_ptr<_Tp>&) [with _Tp = PlInterface][m[K’
[1.678s]   309 |       shared_ptr& [01;36m[Koperator[m[K=(const shared_ptr&) noexcept = default;
[1.678s]       |                   [01;36m[K^~~~~~~~[m[K
[1.678s] [01m[K/usr/include/c++/9/bits/shared_ptr.h:309:29:[m[K [01;36m[Knote: [m[K  no known conversion for argument 1 from ‘[01m[KPlInterface*[m[K’ to ‘[01m[Kconst std::shared_ptr<PlInterface>&[m[K’
[1.678s]   309 |       shared_ptr& operator=([01;36m[Kconst shared_ptr&[m[K) noexcept = default;
[1.679s]       |                             [01;36m[K^~~~~~~~~~~~~~~~~[m[K
[1.679s] [01m[K/usr/include/c++/9/bits/shared_ptr.h:313:2:[m[K [01;36m[Knote: [m[Kcandidate: ‘[01m[Ktemplate<class _Yp> std::shared_ptr<_Tp>::_Assignable<const std::shared_ptr<_Yp>&> std::shared_ptr<_Tp>::operator=(const std::shared_ptr<_Yp>&) [with _Yp = _Yp; _Tp = PlInterface][m[K’
[1.679s]   313 |  [01;36m[Koperator[m[K=(const shared_ptr<_Yp>& __r) noexcept
[1.679s]       |  [01;36m[K^~~~~~~~[m[K
[1.679s] [01m[K/usr/include/c++/9/bits/shared_ptr.h:313:2:[m[K [01;36m[Knote: [m[K  template argument deduction/substitution failed:
[1.679s] [01m[K/home/rsa/colcon_ws/src/pl_interface/src/pl_interface.cpp:156:14:[m[K [01;36m[Knote: [m[K  mismatched types ‘[01m[Kconst std::shared_ptr<_Tp>[m[K’ and ‘[01m[KPlInterface*[m[K’
[1.679s]   156 |  this_node = [01;36m[Kthis[m[K;
[1.679s]       |              [01;36m[K^~~~[m[K
[1.679s] In file included from [01m[K/usr/include/c++/9/memory:81[m[K,
[1.679s]                  from [01m[K/opt/ros/foxy/include/rosidl_runtime_cpp/bounded_vector.hpp:19[m[K,
[1.680s]                  from [01m[K/opt/ros/foxy/include/geometry_msgs/msg/detail/twist__struct.hpp:8[m[K,
[1.680s]                  from [01m[K/opt/ros/foxy/include/geometry_msgs/msg/twist.hpp:7[m[K,
[1.680s]                  from [01m[K/home/rsa/colcon_ws/src/pl_interface/include/pl_interface/pl_interface.hpp:20[m[K,
[1.681s]                  from [01m[K/home/rsa/colcon_ws/src/pl_interface/src/pl_interface.cpp:3[m[K:
[1.681s] [01m[K/usr/include/c++/9/bits/shared_ptr.h:324:2:[m[K [01;36m[Knote: [m[Kcandidate: ‘[01m[Ktemplate<class _Yp> std::shared_ptr<_Tp>::_Assignable<std::auto_ptr<_Up> > std::shared_ptr<_Tp>::operator=(std::auto_ptr<_Up>&&) [with _Yp = _Yp; _Tp = PlInterface][m[K’
[1.681s]   324 |  [01;36m[Koperator[m[K=(auto_ptr<_Yp>&& __r)
[1.681s]       |  [01;36m[K^~~~~~~~[m[K
[1.681s] [01m[K/usr/include/c++/9/bits/shared_ptr.h:324:2:[m[K [01;36m[Knote: [m[K  template argument deduction/substitution failed:
[1.681s] [01m[K/home/rsa/colcon_ws/src/pl_interface/src/pl_interface.cpp:156:14:[m[K [01;36m[Knote: [m[K  mismatched types ‘[01m[Kstd::auto_ptr<_Up>[m[K’ and ‘[01m[KPlInterface*[m[K’
[1.681s]   156 |  this_node = [01;36m[Kthis[m[K;
[1.682s]       |              [01;36m[K^~~~[m[K
[1.682s] In file included from [01m[K/usr/include/c++/9/memory:81[m[K,
[1.682s]                  from [01m[K/opt/ros/foxy/include/rosidl_runtime_cpp/bounded_vector.hpp:19[m[K,
[1.682s]                  from [01m[K/opt/ros/foxy/include/geometry_msgs/msg/detail/twist__struct.hpp:8[m[K,
[1.683s]                  from [01m[K/opt/ros/foxy/include/geometry_msgs/msg/twist.hpp:7[m[K,
[1.683s]                  from [01m[K/home/rsa/colcon_ws/src/pl_interface/include/pl_interface/pl_interface.hpp:20[m[K,
[1.683s]                  from [01m[K/home/rsa/colcon_ws/src/pl_interface/src/pl_interface.cpp:3[m[K:
[1.683s] [01m[K/usr/include/c++/9/bits/shared_ptr.h:333:7:[m[K [01;36m[Knote: [m[Kcandidate: ‘[01m[Kstd::shared_ptr<_Tp>& std::shared_ptr<_Tp>::operator=(std::shared_ptr<_Tp>&&) [with _Tp = PlInterface][m[K’
[1.683s]   333 |       [01;36m[Koperator[m[K=(shared_ptr&& __r) noexcept
[1.683s]       |       [01;36m[K^~~~~~~~[m[K
[1.683s] [01m[K/usr/include/c++/9/bits/shared_ptr.h:333:30:[m[K [01;36m[Knote: [m[K  no known conversion for argument 1 from ‘[01m[KPlInterface*[m[K’ to ‘[01m[Kstd::shared_ptr<PlInterface>&&[m[K’
[1.683s]   333 |       operator=([01;36m[Kshared_ptr&& __r[m[K) noexcept
[1.683s]       |                 [01;36m[K~~~~~~~~~~~~~^~~[m[K
[1.684s] [01m[K/usr/include/c++/9/bits/shared_ptr.h:341:2:[m[K [01;36m[Knote: [m[Kcandidate: ‘[01m[Ktemplate<class _Yp> std::shared_ptr<_Tp>::_Assignable<std::shared_ptr<_Yp> > std::shared_ptr<_Tp>::operator=(std::shared_ptr<_Yp>&&) [with _Yp = _Yp; _Tp = PlInterface][m[K’
[1.684s]   341 |  [01;36m[Koperator[m[K=(shared_ptr<_Yp>&& __r) noexcept
[1.684s]       |  [01;36m[K^~~~~~~~[m[K
[1.684s] [01m[K/usr/include/c++/9/bits/shared_ptr.h:341:2:[m[K [01;36m[Knote: [m[K  template argument deduction/substitution failed:
[1.684s] [01m[K/home/rsa/colcon_ws/src/pl_interface/src/pl_interface.cpp:156:14:[m[K [01;36m[Knote: [m[K  mismatched types ‘[01m[Kstd::shared_ptr<_Tp>[m[K’ and ‘[01m[KPlInterface*[m[K’
[1.684s]   156 |  this_node = [01;36m[Kthis[m[K;
[1.684s]       |              [01;36m[K^~~~[m[K
[1.684s] In file included from [01m[K/usr/include/c++/9/memory:81[m[K,
[1.684s]                  from [01m[K/opt/ros/foxy/include/rosidl_runtime_cpp/bounded_vector.hpp:19[m[K,
[1.685s]                  from [01m[K/opt/ros/foxy/include/geometry_msgs/msg/detail/twist__struct.hpp:8[m[K,
[1.685s]                  from [01m[K/opt/ros/foxy/include/geometry_msgs/msg/twist.hpp:7[m[K,
[1.685s]                  from [01m[K/home/rsa/colcon_ws/src/pl_interface/include/pl_interface/pl_interface.hpp:20[m[K,
[1.685s]                  from [01m[K/home/rsa/colcon_ws/src/pl_interface/src/pl_interface.cpp:3[m[K:
[1.685s] [01m[K/usr/include/c++/9/bits/shared_ptr.h:349:2:[m[K [01;36m[Knote: [m[Kcandidate: ‘[01m[Ktemplate<class _Yp, class _Del> std::shared_ptr<_Tp>::_Assignable<std::unique_ptr<_Up, _Ep> > std::shared_ptr<_Tp>::operator=(std::unique_ptr<_Up, _Ep>&&) [with _Yp = _Yp; _Del = _Del; _Tp = PlInterface][m[K’
[1.689s]   349 |  [01;36m[Koperator[m[K=(unique_ptr<_Yp, _Del>&& __r)
[1.689s]       |  [01;36m[K^~~~~~~~[m[K
[1.690s] [01m[K/usr/include/c++/9/bits/shared_ptr.h:349:2:[m[K [01;36m[Knote: [m[K  template argument deduction/substitution failed:
[1.690s] [01m[K/home/rsa/colcon_ws/src/pl_interface/src/pl_interface.cpp:156:14:[m[K [01;36m[Knote: [m[K  mismatched types ‘[01m[Kstd::unique_ptr<_Tp, _Dp>[m[K’ and ‘[01m[KPlInterface*[m[K’
[1.690s]   156 |  this_node = [01;36m[Kthis[m[K;
[1.690s]       |              [01;36m[K^~~~[m[K
[3.526s] make[2]: *** [CMakeFiles/pl_interface.dir/build.make:63: CMakeFiles/pl_interface.dir/src/pl_interface.cpp.o] Error 1
[3.527s] make[1]: *** [CMakeFiles/Makefile2:78: CMakeFiles/pl_interface.dir/all] Error 2
[3.527s] make: *** [Makefile:141: all] Error 2
[3.530s] Invoked command in '/home/rsa/colcon_ws/build/pl_interface' returned '2': CMAKE_PREFIX_PATH=${CMAKE_PREFIX_PATH}:/opt/ros/foxy /usr/bin/cmake --build /home/rsa/colcon_ws/build/pl_interface -- -j2 -l2
