[0.095s] Invoking command in '/home/rsa/colcon_ws/build/turtlebot3_fake_node': CMAKE_PREFIX_PATH=${CMAKE_PREFIX_PATH}:/opt/ros/foxy /usr/bin/cmake --build /home/rsa/colcon_ws/build/turtlebot3_fake_node -- -j4 -l4
[0.338s] [100%] Built target turtlebot3_fake_node
[0.457s] Invoked command in '/home/rsa/colcon_ws/build/turtlebot3_fake_node' returned '0': CMAKE_PREFIX_PATH=${CMAKE_PREFIX_PATH}:/opt/ros/foxy /usr/bin/cmake --build /home/rsa/colcon_ws/build/turtlebot3_fake_node -- -j4 -l4
[0.834s] Invoking command in '/home/rsa/colcon_ws/build/turtlebot3_fake_node': CMAKE_PREFIX_PATH=${CMAKE_PREFIX_PATH}:/opt/ros/foxy /usr/bin/cmake --install /home/rsa/colcon_ws/build/turtlebot3_fake_node
[0.901s] -- Install configuration: ""
[0.901s] -- Execute custom install script
[0.934s] -- Up-to-date symlink: /home/rsa/colcon_ws/install/turtlebot3_fake_node/lib/turtlebot3_fake_node/turtlebot3_fake_node
[0.973s] -- Up-to-date symlink: /home/rsa/colcon_ws/install/turtlebot3_fake_node/share/turtlebot3_fake_node/launch/rviz2.launch.py
[0.976s] -- Up-to-date symlink: /home/rsa/colcon_ws/install/turtlebot3_fake_node/share/turtlebot3_fake_node/launch/turtlebot3_fake_node.launch.py
[0.976s] -- Up-to-date symlink: /home/rsa/colcon_ws/install/turtlebot3_fake_node/share/turtlebot3_fake_node/param/burger.yaml
[0.976s] -- Up-to-date symlink: /home/rsa/colcon_ws/install/turtlebot3_fake_node/share/turtlebot3_fake_node/param/waffle.yaml
[0.976s] -- Up-to-date symlink: /home/rsa/colcon_ws/install/turtlebot3_fake_node/share/turtlebot3_fake_node/param/waffle_pi.yaml
[0.978s] -- Up-to-date symlink: /home/rsa/colcon_ws/install/turtlebot3_fake_node/share/turtlebot3_fake_node/rviz/model.rviz
[0.994s] -- Up-to-date symlink: /home/rsa/colcon_ws/install/turtlebot3_fake_node/include//turtlebot3_fake_node/turtlebot3_fake_node.hpp
[0.995s] -- Up-to-date symlink: /home/rsa/colcon_ws/install/turtlebot3_fake_node/share/ament_index/resource_index/package_run_dependencies/turtlebot3_fake_node
[0.998s] -- Up-to-date symlink: /home/rsa/colcon_ws/install/turtlebot3_fake_node/share/ament_index/resource_index/parent_prefix_path/turtlebot3_fake_node
[1.000s] -- Up-to-date symlink: /home/rsa/colcon_ws/install/turtlebot3_fake_node/share/turtlebot3_fake_node/environment/ament_prefix_path.sh
[1.005s] -- Up-to-date symlink: /home/rsa/colcon_ws/install/turtlebot3_fake_node/share/turtlebot3_fake_node/environment/ament_prefix_path.dsv
[1.007s] -- Up-to-date symlink: /home/rsa/colcon_ws/install/turtlebot3_fake_node/share/turtlebot3_fake_node/environment/path.sh
[1.008s] -- Up-to-date symlink: /home/rsa/colcon_ws/install/turtlebot3_fake_node/share/turtlebot3_fake_node/environment/path.dsv
[1.011s] -- Up-to-date symlink: /home/rsa/colcon_ws/install/turtlebot3_fake_node/share/turtlebot3_fake_node/local_setup.bash
[1.012s] -- Up-to-date symlink: /home/rsa/colcon_ws/install/turtlebot3_fake_node/share/turtlebot3_fake_node/local_setup.sh
[1.015s] -- Up-to-date symlink: /home/rsa/colcon_ws/install/turtlebot3_fake_node/share/turtlebot3_fake_node/local_setup.zsh
[1.017s] -- Up-to-date symlink: /home/rsa/colcon_ws/install/turtlebot3_fake_node/share/turtlebot3_fake_node/local_setup.dsv
[1.019s] -- Symlinking: /home/rsa/colcon_ws/install/turtlebot3_fake_node/share/turtlebot3_fake_node/package.dsv
[1.090s] -- Up-to-date symlink: /home/rsa/colcon_ws/install/turtlebot3_fake_node/share/ament_index/resource_index/packages/turtlebot3_fake_node
[1.090s] -- Up-to-date symlink: /home/rsa/colcon_ws/install/turtlebot3_fake_node/share/turtlebot3_fake_node/cmake/ament_cmake_export_include_directories-extras.cmake
[1.090s] -- Up-to-date symlink: /home/rsa/colcon_ws/install/turtlebot3_fake_node/share/turtlebot3_fake_node/cmake/ament_cmake_export_dependencies-extras.cmake
[1.090s] -- Up-to-date symlink: /home/rsa/colcon_ws/install/turtlebot3_fake_node/share/turtlebot3_fake_node/cmake/turtlebot3_fake_nodeConfig.cmake
[1.090s] -- Up-to-date symlink: /home/rsa/colcon_ws/install/turtlebot3_fake_node/share/turtlebot3_fake_node/cmake/turtlebot3_fake_nodeConfig-version.cmake
[1.090s] -- Up-to-date symlink: /home/rsa/colcon_ws/install/turtlebot3_fake_node/share/turtlebot3_fake_node/package.xml
[1.107s] Invoked command in '/home/rsa/colcon_ws/build/turtlebot3_fake_node' returned '0': CMAKE_PREFIX_PATH=${CMAKE_PREFIX_PATH}:/opt/ros/foxy /usr/bin/cmake --install /home/rsa/colcon_ws/build/turtlebot3_fake_node
