-- The C compiler identification is GNU 9.4.0
-- The CXX compiler identification is GNU 9.4.0
-- Check for working C compiler: /usr/bin/cc
-- Check for working C compiler: /usr/bin/cc -- works
-- Detecting C compiler ABI info
-- Detecting C compiler ABI info - done
-- Detecting C compile features
-- Detecting C compile features - done
-- Check for working CXX compiler: /usr/bin/c++
-- Check for working CXX compiler: /usr/bin/c++ -- works
-- Detecting CXX compiler ABI info
-- Detecting CXX compiler ABI info - done
-- Detecting CXX compile features
-- Detecting CXX compile features - done
-- Found ament_cmake: 0.9.12 (/opt/ros/foxy/share/ament_cmake/cmake)
-- Found PythonInterp: /usr/bin/python3 (found suitable version "3.8.10", minimum required is "3") 
-- Using PYTHON_EXECUTABLE: /usr/bin/python3
-- Override CMake install command with custom implementation using symlinks instead of copying resources
-- Found rclcpp: 2.4.3 (/opt/ros/foxy/share/rclcpp/cmake)
-- Using all available rosidl_typesupport_c: rosidl_typesupport_fastrtps_c;rosidl_typesupport_introspection_c
-- Found rosidl_adapter: 1.3.1 (/opt/ros/foxy/share/rosidl_adapter/cmake)
-- Found OpenSSL: /usr/lib/x86_64-linux-gnu/libcrypto.so (found version "1.1.1f")  
-- Found FastRTPS: /opt/ros/foxy/include  
-- Using all available rosidl_typesupport_cpp: rosidl_typesupport_fastrtps_cpp;rosidl_typesupport_introspection_cpp
-- Found rmw_implementation_cmake: 1.0.4 (/opt/ros/foxy/share/rmw_implementation_cmake/cmake)
-- Using RMW implementation 'rmw_fastrtps_cpp' as default
-- Looking for pthread.h
-- Looking for pthread.h - found
-- Performing Test CMAKE_HAVE_LIBC_PTHREAD
-- Performing Test CMAKE_HAVE_LIBC_PTHREAD - Failed
-- Looking for pthread_create in pthreads
-- Looking for pthread_create in pthreads - not found
-- Looking for pthread_create in pthread
-- Looking for pthread_create in pthread - found
-- Found Threads: TRUE  
-- Found rclpy: 1.0.13 (/opt/ros/foxy/share/rclpy/cmake)
-- Found geometry_msgs: 2.0.5 (/opt/ros/foxy/share/geometry_msgs/cmake)
-- Found nav_msgs: 2.0.5 (/opt/ros/foxy/share/nav_msgs/cmake)
-- Found sensor_msgs: 2.0.5 (/opt/ros/foxy/share/sensor_msgs/cmake)
-- Found tf2: 0.13.14 (/opt/ros/foxy/share/tf2/cmake)
-- Configuring done
-- Generating done
-- Build files have been written to: /home/rsa/colcon_ws/build/pl_interface
[35m[1mScanning dependencies of target pl_interface[0m
[ 50%] [32mBuilding CXX object CMakeFiles/pl_interface.dir/src/pl_interface.cpp.o[0m
[100%] [32m[1mLinking CXX executable pl_interface[0m
[100%] Built target pl_interface
-- Install configuration: ""
-- Execute custom install script
-- Symlinking: /home/rsa/colcon_ws/install/pl_interface/lib/pl_interface/pl_interface
-- Symlinking: /home/rsa/colcon_ws/install/pl_interface/share/pl_interface//launch/pl_interface.launch.py
-- Symlinking: /home/rsa/colcon_ws/install/pl_interface/include//pl_interface/pl_interface.hpp
-- Symlinking: /home/rsa/colcon_ws/install/pl_interface/share/pl_interface/environment/pythonpath.sh
-- Symlinking: /home/rsa/colcon_ws/install/pl_interface/share/pl_interface/environment/pythonpath.dsv
-- Symlinking: /home/rsa/colcon_ws/install/pl_interface/lib/python3.8/site-packages/pl_interface/__init__.py
-- Symlinking: /home/rsa/colcon_ws/install/pl_interface/lib/python3.8/site-packages/pl_interface/landmark.py
-- Symlinking: /home/rsa/colcon_ws/install/pl_interface/lib/pl_interface/see_marker.py
-- Symlinking: /home/rsa/colcon_ws/install/pl_interface/lib/pl_interface/point_transformer.py
-- Symlinking: /home/rsa/colcon_ws/install/pl_interface/share/ament_index/resource_index/package_run_dependencies/pl_interface
-- Symlinking: /home/rsa/colcon_ws/install/pl_interface/share/ament_index/resource_index/parent_prefix_path/pl_interface
-- Symlinking: /home/rsa/colcon_ws/install/pl_interface/share/pl_interface/environment/ament_prefix_path.sh
-- Symlinking: /home/rsa/colcon_ws/install/pl_interface/share/pl_interface/environment/ament_prefix_path.dsv
-- Symlinking: /home/rsa/colcon_ws/install/pl_interface/share/pl_interface/environment/path.sh
-- Symlinking: /home/rsa/colcon_ws/install/pl_interface/share/pl_interface/environment/path.dsv
-- Symlinking: /home/rsa/colcon_ws/install/pl_interface/share/pl_interface/local_setup.bash
-- Symlinking: /home/rsa/colcon_ws/install/pl_interface/share/pl_interface/local_setup.sh
-- Symlinking: /home/rsa/colcon_ws/install/pl_interface/share/pl_interface/local_setup.zsh
-- Symlinking: /home/rsa/colcon_ws/install/pl_interface/share/pl_interface/local_setup.dsv
-- Symlinking: /home/rsa/colcon_ws/install/pl_interface/share/pl_interface/package.dsv
-- Symlinking: /home/rsa/colcon_ws/install/pl_interface/share/ament_index/resource_index/packages/pl_interface
-- Symlinking: /home/rsa/colcon_ws/install/pl_interface/share/pl_interface/cmake/ament_cmake_export_include_directories-extras.cmake
-- Symlinking: /home/rsa/colcon_ws/install/pl_interface/share/pl_interface/cmake/ament_cmake_export_dependencies-extras.cmake
-- Symlinking: /home/rsa/colcon_ws/install/pl_interface/share/pl_interface/cmake/pl_interfaceConfig.cmake
-- Symlinking: /home/rsa/colcon_ws/install/pl_interface/share/pl_interface/cmake/pl_interfaceConfig-version.cmake
-- Symlinking: /home/rsa/colcon_ws/install/pl_interface/share/pl_interface/package.xml
Listing '/home/rsa/colcon_ws/install/pl_interface/lib/python3.8/site-packages/pl_interface'...
Compiling '/home/rsa/colcon_ws/install/pl_interface/lib/python3.8/site-packages/pl_interface/__init__.py'...
Compiling '/home/rsa/colcon_ws/install/pl_interface/lib/python3.8/site-packages/pl_interface/landmark.py'...
