[0.233s] Invoking command in '/home/rsa/colcon_ws/build/pl_interface': CMAKE_PREFIX_PATH=${CMAKE_PREFIX_PATH}:/opt/ros/foxy /usr/bin/cmake /home/rsa/colcon_ws/src/pl_interface -DAMENT_CMAKE_SYMLINK_INSTALL=1 -DCMAKE_INSTALL_PREFIX=/home/rsa/colcon_ws/install/pl_interface
[0.389s] -- The C compiler identification is GNU 9.4.0
[0.462s] -- The CXX compiler identification is GNU 9.4.0
[0.469s] -- Check for working C compiler: /usr/bin/cc
[0.570s] -- Check for working C compiler: /usr/bin/cc -- works
[0.571s] -- Detecting C compiler ABI info
[0.818s] -- Detecting C compiler ABI info - done
[0.843s] -- Detecting C compile features
[0.844s] -- Detecting C compile features - done
[0.851s] -- Check for working CXX compiler: /usr/bin/c++
[1.088s] -- Check for working CXX compiler: /usr/bin/c++ -- works
[1.091s] -- Detecting CXX compiler ABI info
[1.204s] -- Detecting CXX compiler ABI info - done
[1.219s] -- Detecting CXX compile features
[1.221s] -- Detecting CXX compile features - done
[1.228s] -- Found ament_cmake: 0.9.12 (/opt/ros/foxy/share/ament_cmake/cmake)
[1.298s] -- Found PythonInterp: /usr/bin/python3 (found suitable version "3.8.10", minimum required is "3") 
[1.298s] -- Using PYTHON_EXECUTABLE: /usr/bin/python3
[1.587s] -- Override CMake install command with custom implementation using symlinks instead of copying resources
[1.646s] -- Found rclcpp: 2.4.3 (/opt/ros/foxy/share/rclcpp/cmake)
[1.792s] -- Using all available rosidl_typesupport_c: rosidl_typesupport_fastrtps_c;rosidl_typesupport_introspection_c
[1.814s] -- Found rosidl_adapter: 1.3.1 (/opt/ros/foxy/share/rosidl_adapter/cmake)
[2.196s] -- Found OpenSSL: /usr/lib/x86_64-linux-gnu/libcrypto.so (found version "1.1.1f")  
[2.245s] -- Found FastRTPS: /opt/ros/foxy/include  
[2.440s] -- Using all available rosidl_typesupport_cpp: rosidl_typesupport_fastrtps_cpp;rosidl_typesupport_introspection_cpp
[2.512s] -- Found rmw_implementation_cmake: 1.0.4 (/opt/ros/foxy/share/rmw_implementation_cmake/cmake)
[2.514s] -- Using RMW implementation 'rmw_fastrtps_cpp' as default
[2.515s] -- Looking for pthread.h
[2.778s] -- Looking for pthread.h - found
[2.779s] -- Performing Test CMAKE_HAVE_LIBC_PTHREAD
[3.078s] -- Performing Test CMAKE_HAVE_LIBC_PTHREAD - Failed
[3.078s] -- Looking for pthread_create in pthreads
[3.339s] -- Looking for pthread_create in pthreads - not found
[3.339s] -- Looking for pthread_create in pthread
[3.599s] -- Looking for pthread_create in pthread - found
[3.604s] -- Found Threads: TRUE  
[3.940s] -- Found rclpy: 1.0.13 (/opt/ros/foxy/share/rclpy/cmake)
[3.942s] -- Found geometry_msgs: 2.0.5 (/opt/ros/foxy/share/geometry_msgs/cmake)
[4.000s] -- Found nav_msgs: 2.0.5 (/opt/ros/foxy/share/nav_msgs/cmake)
[4.133s] -- Found sensor_msgs: 2.0.5 (/opt/ros/foxy/share/sensor_msgs/cmake)
[4.289s] -- Found tf2: 0.13.14 (/opt/ros/foxy/share/tf2/cmake)
[4.548s] -- Configuring done
[4.563s] -- Generating done
[4.566s] -- Build files have been written to: /home/rsa/colcon_ws/build/pl_interface
[4.577s] Invoked command in '/home/rsa/colcon_ws/build/pl_interface' returned '0': CMAKE_PREFIX_PATH=${CMAKE_PREFIX_PATH}:/opt/ros/foxy /usr/bin/cmake /home/rsa/colcon_ws/src/pl_interface -DAMENT_CMAKE_SYMLINK_INSTALL=1 -DCMAKE_INSTALL_PREFIX=/home/rsa/colcon_ws/install/pl_interface
[4.580s] Invoking command in '/home/rsa/colcon_ws/build/pl_interface': CMAKE_PREFIX_PATH=${CMAKE_PREFIX_PATH}:/opt/ros/foxy /usr/bin/cmake --build /home/rsa/colcon_ws/build/pl_interface -- -j2 -l2
[4.734s] [35m[1mScanning dependencies of target pl_interface[0m
[4.848s] [ 50%] [32mBuilding CXX object CMakeFiles/pl_interface.dir/src/pl_interface.cpp.o[0m
[15.987s] [100%] [32m[1mLinking CXX executable pl_interface[0m
[16.516s] [100%] Built target pl_interface
[16.539s] Invoked command in '/home/rsa/colcon_ws/build/pl_interface' returned '0': CMAKE_PREFIX_PATH=${CMAKE_PREFIX_PATH}:/opt/ros/foxy /usr/bin/cmake --build /home/rsa/colcon_ws/build/pl_interface -- -j2 -l2
[16.578s] Invoking command in '/home/rsa/colcon_ws/build/pl_interface': CMAKE_PREFIX_PATH=${CMAKE_PREFIX_PATH}:/opt/ros/foxy /usr/bin/cmake --install /home/rsa/colcon_ws/build/pl_interface
[16.593s] -- Install configuration: ""
[16.593s] -- Execute custom install script
[16.593s] -- Symlinking: /home/rsa/colcon_ws/install/pl_interface/lib/pl_interface/pl_interface
[16.604s] -- Symlinking: /home/rsa/colcon_ws/install/pl_interface/share/pl_interface//launch/pl_interface.launch.py
[16.616s] -- Symlinking: /home/rsa/colcon_ws/install/pl_interface/include//pl_interface/pl_interface.hpp
[16.627s] -- Symlinking: /home/rsa/colcon_ws/install/pl_interface/share/pl_interface/environment/pythonpath.sh
[16.638s] -- Symlinking: /home/rsa/colcon_ws/install/pl_interface/share/pl_interface/environment/pythonpath.dsv
[16.649s] -- Symlinking: /home/rsa/colcon_ws/install/pl_interface/lib/python3.8/site-packages/pl_interface/__init__.py
[16.663s] -- Symlinking: /home/rsa/colcon_ws/install/pl_interface/lib/python3.8/site-packages/pl_interface/landmark.py
[16.675s] -- Symlinking: /home/rsa/colcon_ws/install/pl_interface/lib/pl_interface/see_marker.py
[16.686s] -- Symlinking: /home/rsa/colcon_ws/install/pl_interface/lib/pl_interface/point_transformer.py
[16.697s] -- Symlinking: /home/rsa/colcon_ws/install/pl_interface/share/ament_index/resource_index/package_run_dependencies/pl_interface
[16.709s] -- Symlinking: /home/rsa/colcon_ws/install/pl_interface/share/ament_index/resource_index/parent_prefix_path/pl_interface
[16.720s] -- Symlinking: /home/rsa/colcon_ws/install/pl_interface/share/pl_interface/environment/ament_prefix_path.sh
[16.731s] -- Symlinking: /home/rsa/colcon_ws/install/pl_interface/share/pl_interface/environment/ament_prefix_path.dsv
[16.743s] -- Symlinking: /home/rsa/colcon_ws/install/pl_interface/share/pl_interface/environment/path.sh
[16.759s] -- Symlinking: /home/rsa/colcon_ws/install/pl_interface/share/pl_interface/environment/path.dsv
[16.770s] -- Symlinking: /home/rsa/colcon_ws/install/pl_interface/share/pl_interface/local_setup.bash
[16.782s] -- Symlinking: /home/rsa/colcon_ws/install/pl_interface/share/pl_interface/local_setup.sh
[16.793s] -- Symlinking: /home/rsa/colcon_ws/install/pl_interface/share/pl_interface/local_setup.zsh
[16.805s] -- Symlinking: /home/rsa/colcon_ws/install/pl_interface/share/pl_interface/local_setup.dsv
[16.816s] -- Symlinking: /home/rsa/colcon_ws/install/pl_interface/share/pl_interface/package.dsv
[16.828s] -- Symlinking: /home/rsa/colcon_ws/install/pl_interface/share/ament_index/resource_index/packages/pl_interface
[16.839s] -- Symlinking: /home/rsa/colcon_ws/install/pl_interface/share/pl_interface/cmake/ament_cmake_export_include_directories-extras.cmake
[16.849s] -- Symlinking: /home/rsa/colcon_ws/install/pl_interface/share/pl_interface/cmake/ament_cmake_export_dependencies-extras.cmake
[16.864s] -- Symlinking: /home/rsa/colcon_ws/install/pl_interface/share/pl_interface/cmake/pl_interfaceConfig.cmake
[16.893s] -- Symlinking: /home/rsa/colcon_ws/install/pl_interface/share/pl_interface/cmake/pl_interfaceConfig-version.cmake
[16.924s] -- Symlinking: /home/rsa/colcon_ws/install/pl_interface/share/pl_interface/package.xml
[17.042s] Listing '/home/rsa/colcon_ws/install/pl_interface/lib/python3.8/site-packages/pl_interface'...
[17.042s] Compiling '/home/rsa/colcon_ws/install/pl_interface/lib/python3.8/site-packages/pl_interface/__init__.py'...
[17.042s] Compiling '/home/rsa/colcon_ws/install/pl_interface/lib/python3.8/site-packages/pl_interface/landmark.py'...
[17.057s] Invoked command in '/home/rsa/colcon_ws/build/pl_interface' returned '0': CMAKE_PREFIX_PATH=${CMAKE_PREFIX_PATH}:/opt/ros/foxy /usr/bin/cmake --install /home/rsa/colcon_ws/build/pl_interface
