[0.218s] Invoking command in '/home/rsa/colcon_ws/build/turtlebot3_gazebo': CMAKE_PREFIX_PATH=${CMAKE_PREFIX_PATH}:/opt/ros/foxy /usr/bin/cmake --build /home/rsa/colcon_ws/build/turtlebot3_gazebo -- -j4 -l4
[2.128s] [ 25%] Built target obstacles
[2.344s] [ 50%] Built target obstacle1
[2.577s] [ 75%] Built target turtlebot3_drive
[2.916s] [100%] Built target obstacle2
[3.107s] Invoked command in '/home/rsa/colcon_ws/build/turtlebot3_gazebo' returned '0': CMAKE_PREFIX_PATH=${CMAKE_PREFIX_PATH}:/opt/ros/foxy /usr/bin/cmake --build /home/rsa/colcon_ws/build/turtlebot3_gazebo -- -j4 -l4
[3.509s] Invoking command in '/home/rsa/colcon_ws/build/turtlebot3_gazebo': CMAKE_PREFIX_PATH=${CMAKE_PREFIX_PATH}:/opt/ros/foxy /usr/bin/cmake --install /home/rsa/colcon_ws/build/turtlebot3_gazebo
[3.593s] -- Install configuration: ""
[3.593s] -- Execute custom install script
[3.593s] -- Up-to-date symlink: /home/rsa/colcon_ws/install/turtlebot3_gazebo/lib/turtlebot3_gazebo/turtlebot3_drive
[3.593s] -- Up-to-date symlink: /home/rsa/colcon_ws/install/turtlebot3_gazebo/share/turtlebot3_gazebo//launch/empty_world.launch.py
[3.595s] -- Up-to-date symlink: /home/rsa/colcon_ws/install/turtlebot3_gazebo/share/turtlebot3_gazebo//launch/robot_state_publisher.launch.py
[3.598s] -- Up-to-date symlink: /home/rsa/colcon_ws/install/turtlebot3_gazebo/share/turtlebot3_gazebo//launch/turtlebot3_autorace.launch.py
[3.608s] -- Up-to-date symlink: /home/rsa/colcon_ws/install/turtlebot3_gazebo/share/turtlebot3_gazebo//launch/turtlebot3_dqn_stage1.launch.py
[3.609s] -- Up-to-date symlink: /home/rsa/colcon_ws/install/turtlebot3_gazebo/share/turtlebot3_gazebo//launch/turtlebot3_dqn_stage2.launch.py
[3.612s] -- Up-to-date symlink: /home/rsa/colcon_ws/install/turtlebot3_gazebo/share/turtlebot3_gazebo//launch/turtlebot3_dqn_stage3.launch.py
[3.617s] -- Up-to-date symlink: /home/rsa/colcon_ws/install/turtlebot3_gazebo/share/turtlebot3_gazebo//launch/turtlebot3_dqn_stage4.launch.py
[3.617s] -- Up-to-date symlink: /home/rsa/colcon_ws/install/turtlebot3_gazebo/share/turtlebot3_gazebo//launch/turtlebot3_house.launch.py
[3.621s] -- Up-to-date symlink: /home/rsa/colcon_ws/install/turtlebot3_gazebo/share/turtlebot3_gazebo//launch/turtlebot3_maze.launch.py
[3.633s] -- Up-to-date symlink: /home/rsa/colcon_ws/install/turtlebot3_gazebo/share/turtlebot3_gazebo//launch/turtlebot3_world.launch.py
[3.645s] -- Up-to-date symlink: /home/rsa/colcon_ws/install/turtlebot3_gazebo/share/turtlebot3_gazebo//models/blue_on_pink_marker/model.config
[3.646s] -- Up-to-date symlink: /home/rsa/colcon_ws/install/turtlebot3_gazebo/share/turtlebot3_gazebo//models/blue_on_pink_marker/model.sdf
[3.646s] -- Up-to-date symlink: /home/rsa/colcon_ws/install/turtlebot3_gazebo/share/turtlebot3_gazebo//models/blue_on_pink_marker/model.sdf~
[3.646s] -- Up-to-date symlink: /home/rsa/colcon_ws/install/turtlebot3_gazebo/share/turtlebot3_gazebo//models/enclosure/model.config
[3.648s] -- Up-to-date symlink: /home/rsa/colcon_ws/install/turtlebot3_gazebo/share/turtlebot3_gazebo//models/enclosure/model.sdf
[3.648s] -- Up-to-date symlink: /home/rsa/colcon_ws/install/turtlebot3_gazebo/share/turtlebot3_gazebo//models/enclosure/model.sdf~
[3.650s] -- Up-to-date symlink: /home/rsa/colcon_ws/install/turtlebot3_gazebo/share/turtlebot3_gazebo//models/green_on_pink_marker/model.config
[3.652s] -- Up-to-date symlink: /home/rsa/colcon_ws/install/turtlebot3_gazebo/share/turtlebot3_gazebo//models/green_on_pink_marker/model.sdf
[3.672s] -- Up-to-date symlink: /home/rsa/colcon_ws/install/turtlebot3_gazebo/share/turtlebot3_gazebo//models/green_on_pink_marker/model.sdf~
[3.675s] -- Up-to-date symlink: /home/rsa/colcon_ws/install/turtlebot3_gazebo/share/turtlebot3_gazebo//models/maze2/model.config
[3.677s] -- Up-to-date symlink: /home/rsa/colcon_ws/install/turtlebot3_gazebo/share/turtlebot3_gazebo//models/maze2/model.sdf
[3.677s] -- Up-to-date symlink: /home/rsa/colcon_ws/install/turtlebot3_gazebo/share/turtlebot3_gazebo//models/pink_on_blue_marker/model.config
[3.678s] -- Up-to-date symlink: /home/rsa/colcon_ws/install/turtlebot3_gazebo/share/turtlebot3_gazebo//models/pink_on_blue_marker/model.sdf
[3.681s] -- Up-to-date symlink: /home/rsa/colcon_ws/install/turtlebot3_gazebo/share/turtlebot3_gazebo//models/pink_on_blue_marker/model.sdf~
[3.681s] -- Up-to-date symlink: /home/rsa/colcon_ws/install/turtlebot3_gazebo/share/turtlebot3_gazebo//models/pink_on_green_marker/model.config
[3.684s] -- Up-to-date symlink: /home/rsa/colcon_ws/install/turtlebot3_gazebo/share/turtlebot3_gazebo//models/pink_on_green_marker/model.sdf
[3.688s] -- Up-to-date symlink: /home/rsa/colcon_ws/install/turtlebot3_gazebo/share/turtlebot3_gazebo//models/pink_on_green_marker/model.sdf~
[3.688s] -- Up-to-date symlink: /home/rsa/colcon_ws/install/turtlebot3_gazebo/share/turtlebot3_gazebo//models/pink_on_yellow_marker/model.config
[3.688s] -- Up-to-date symlink: /home/rsa/colcon_ws/install/turtlebot3_gazebo/share/turtlebot3_gazebo//models/pink_on_yellow_marker/model.sdf
[3.688s] -- Up-to-date symlink: /home/rsa/colcon_ws/install/turtlebot3_gazebo/share/turtlebot3_gazebo//models/pink_on_yellow_marker/model.sdf~
[3.692s] -- Up-to-date symlink: /home/rsa/colcon_ws/install/turtlebot3_gazebo/share/turtlebot3_gazebo//models/turtlebot3_autorace/course/materials/scripts/course.material
[3.707s] -- Up-to-date symlink: /home/rsa/colcon_ws/install/turtlebot3_gazebo/share/turtlebot3_gazebo//models/turtlebot3_autorace/course/materials/textures/course.png
[3.707s] -- Up-to-date symlink: /home/rsa/colcon_ws/install/turtlebot3_gazebo/share/turtlebot3_gazebo//models/turtlebot3_autorace/course/model.config
[3.707s] -- Up-to-date symlink: /home/rsa/colcon_ws/install/turtlebot3_gazebo/share/turtlebot3_gazebo//models/turtlebot3_autorace/course/model.sdf
[3.707s] -- Up-to-date symlink: /home/rsa/colcon_ws/install/turtlebot3_gazebo/share/turtlebot3_gazebo//models/turtlebot3_autorace/ground/model.config
[3.707s] -- Up-to-date symlink: /home/rsa/colcon_ws/install/turtlebot3_gazebo/share/turtlebot3_gazebo//models/turtlebot3_autorace/ground/model.sdf
[3.707s] -- Up-to-date symlink: /home/rsa/colcon_ws/install/turtlebot3_gazebo/share/turtlebot3_gazebo//models/turtlebot3_autorace/lights/model.config
[3.707s] -- Up-to-date symlink: /home/rsa/colcon_ws/install/turtlebot3_gazebo/share/turtlebot3_gazebo//models/turtlebot3_autorace/lights/model.sdf
[3.707s] -- Up-to-date symlink: /home/rsa/colcon_ws/install/turtlebot3_gazebo/share/turtlebot3_gazebo//models/turtlebot3_autorace/model.config
[3.707s] -- Up-to-date symlink: /home/rsa/colcon_ws/install/turtlebot3_gazebo/share/turtlebot3_gazebo//models/turtlebot3_autorace/traffic_bar_down/materials/scripts/traffic_bar.material
[3.707s] -- Up-to-date symlink: /home/rsa/colcon_ws/install/turtlebot3_gazebo/share/turtlebot3_gazebo//models/turtlebot3_autorace/traffic_bar_down/materials/textures/traffic_bar.png
[3.707s] -- Up-to-date symlink: /home/rsa/colcon_ws/install/turtlebot3_gazebo/share/turtlebot3_gazebo//models/turtlebot3_autorace/traffic_bar_down/model.config
[3.707s] -- Up-to-date symlink: /home/rsa/colcon_ws/install/turtlebot3_gazebo/share/turtlebot3_gazebo//models/turtlebot3_autorace/traffic_bar_down/model.sdf
[3.708s] -- Up-to-date symlink: /home/rsa/colcon_ws/install/turtlebot3_gazebo/share/turtlebot3_gazebo//models/turtlebot3_autorace/traffic_bar_up/materials/scripts/traffic_bar.material
[3.713s] -- Up-to-date symlink: /home/rsa/colcon_ws/install/turtlebot3_gazebo/share/turtlebot3_gazebo//models/turtlebot3_autorace/traffic_bar_up/materials/textures/traffic_bar.png
[3.714s] -- Up-to-date symlink: /home/rsa/colcon_ws/install/turtlebot3_gazebo/share/turtlebot3_gazebo//models/turtlebot3_autorace/traffic_bar_up/model.config
[3.714s] -- Up-to-date symlink: /home/rsa/colcon_ws/install/turtlebot3_gazebo/share/turtlebot3_gazebo//models/turtlebot3_autorace/traffic_bar_up/model.sdf
[3.714s] -- Up-to-date symlink: /home/rsa/colcon_ws/install/turtlebot3_gazebo/share/turtlebot3_gazebo//models/turtlebot3_autorace/traffic_light_green/model.config
[3.716s] -- Up-to-date symlink: /home/rsa/colcon_ws/install/turtlebot3_gazebo/share/turtlebot3_gazebo//models/turtlebot3_autorace/traffic_light_green/model.sdf
[3.717s] -- Up-to-date symlink: /home/rsa/colcon_ws/install/turtlebot3_gazebo/share/turtlebot3_gazebo//models/turtlebot3_autorace/traffic_light_red/model.config
[3.720s] -- Up-to-date symlink: /home/rsa/colcon_ws/install/turtlebot3_gazebo/share/turtlebot3_gazebo//models/turtlebot3_autorace/traffic_light_red/model.sdf
[3.724s] -- Up-to-date symlink: /home/rsa/colcon_ws/install/turtlebot3_gazebo/share/turtlebot3_gazebo//models/turtlebot3_autorace/traffic_light_yellow/model.config
[3.726s] -- Up-to-date symlink: /home/rsa/colcon_ws/install/turtlebot3_gazebo/share/turtlebot3_gazebo//models/turtlebot3_autorace/traffic_light_yellow/model.sdf
[3.728s] -- Up-to-date symlink: /home/rsa/colcon_ws/install/turtlebot3_gazebo/share/turtlebot3_gazebo//models/turtlebot3_autorace/traffic_parking/materials/scripts/traffic_parking.material
[3.729s] -- Up-to-date symlink: /home/rsa/colcon_ws/install/turtlebot3_gazebo/share/turtlebot3_gazebo//models/turtlebot3_autorace/traffic_parking/materials/textures/traffic_parking.png
[3.730s] -- Up-to-date symlink: /home/rsa/colcon_ws/install/turtlebot3_gazebo/share/turtlebot3_gazebo//models/turtlebot3_autorace/traffic_parking/model.config
[3.732s] -- Up-to-date symlink: /home/rsa/colcon_ws/install/turtlebot3_gazebo/share/turtlebot3_gazebo//models/turtlebot3_autorace/traffic_parking/model.sdf
[3.734s] -- Up-to-date symlink: /home/rsa/colcon_ws/install/turtlebot3_gazebo/share/turtlebot3_gazebo//models/turtlebot3_autorace/traffic_stop/materials/scripts/traffic_stop.material
[3.735s] -- Up-to-date symlink: /home/rsa/colcon_ws/install/turtlebot3_gazebo/share/turtlebot3_gazebo//models/turtlebot3_autorace/traffic_stop/materials/textures/traffic_stop.png
[3.736s] -- Up-to-date symlink: /home/rsa/colcon_ws/install/turtlebot3_gazebo/share/turtlebot3_gazebo//models/turtlebot3_autorace/traffic_stop/model.config
[3.737s] -- Up-to-date symlink: /home/rsa/colcon_ws/install/turtlebot3_gazebo/share/turtlebot3_gazebo//models/turtlebot3_autorace/traffic_stop/model.sdf
[3.739s] -- Up-to-date symlink: /home/rsa/colcon_ws/install/turtlebot3_gazebo/share/turtlebot3_gazebo//models/turtlebot3_autorace/traffic_tunnel/materials/scripts/tunnel.material
[3.740s] -- Up-to-date symlink: /home/rsa/colcon_ws/install/turtlebot3_gazebo/share/turtlebot3_gazebo//models/turtlebot3_autorace/traffic_tunnel/materials/textures/tunnel.png
[3.747s] -- Up-to-date symlink: /home/rsa/colcon_ws/install/turtlebot3_gazebo/share/turtlebot3_gazebo//models/turtlebot3_autorace/traffic_tunnel/model.config
[3.747s] -- Up-to-date symlink: /home/rsa/colcon_ws/install/turtlebot3_gazebo/share/turtlebot3_gazebo//models/turtlebot3_autorace/traffic_tunnel/model.sdf
[3.747s] -- Up-to-date symlink: /home/rsa/colcon_ws/install/turtlebot3_gazebo/share/turtlebot3_gazebo//models/turtlebot3_autorace/tunnel_obstacles/model.config
[3.747s] -- Up-to-date symlink: /home/rsa/colcon_ws/install/turtlebot3_gazebo/share/turtlebot3_gazebo//models/turtlebot3_autorace/tunnel_obstacles/model.sdf
[3.747s] -- Up-to-date symlink: /home/rsa/colcon_ws/install/turtlebot3_gazebo/share/turtlebot3_gazebo//models/turtlebot3_autorace/tunnel_wall/model.config
[3.750s] -- Up-to-date symlink: /home/rsa/colcon_ws/install/turtlebot3_gazebo/share/turtlebot3_gazebo//models/turtlebot3_autorace/tunnel_wall/model.sdf
[3.752s] -- Up-to-date symlink: /home/rsa/colcon_ws/install/turtlebot3_gazebo/share/turtlebot3_gazebo//models/turtlebot3_burger/meshes/burger_base.dae
[3.754s] -- Up-to-date symlink: /home/rsa/colcon_ws/install/turtlebot3_gazebo/share/turtlebot3_gazebo//models/turtlebot3_burger/meshes/lds.dae
[3.756s] -- Up-to-date symlink: /home/rsa/colcon_ws/install/turtlebot3_gazebo/share/turtlebot3_gazebo//models/turtlebot3_burger/meshes/tire.dae
[3.757s] -- Up-to-date symlink: /home/rsa/colcon_ws/install/turtlebot3_gazebo/share/turtlebot3_gazebo//models/turtlebot3_burger/model-1_4.sdf
[3.759s] -- Up-to-date symlink: /home/rsa/colcon_ws/install/turtlebot3_gazebo/share/turtlebot3_gazebo//models/turtlebot3_burger/model.config
[3.772s] -- Up-to-date symlink: /home/rsa/colcon_ws/install/turtlebot3_gazebo/share/turtlebot3_gazebo//models/turtlebot3_burger/model.sdf
[3.775s] -- Up-to-date symlink: /home/rsa/colcon_ws/install/turtlebot3_gazebo/share/turtlebot3_gazebo//models/turtlebot3_dqn_world/goal_box/model.config
[3.775s] -- Up-to-date symlink: /home/rsa/colcon_ws/install/turtlebot3_gazebo/share/turtlebot3_gazebo//models/turtlebot3_dqn_world/goal_box/model.sdf
[3.776s] -- Up-to-date symlink: /home/rsa/colcon_ws/install/turtlebot3_gazebo/share/turtlebot3_gazebo//models/turtlebot3_dqn_world/inner_walls/model.config
[3.776s] -- Up-to-date symlink: /home/rsa/colcon_ws/install/turtlebot3_gazebo/share/turtlebot3_gazebo//models/turtlebot3_dqn_world/inner_walls/model.sdf
[3.778s] -- Up-to-date symlink: /home/rsa/colcon_ws/install/turtlebot3_gazebo/share/turtlebot3_gazebo//models/turtlebot3_dqn_world/model.config
[3.780s] -- Up-to-date symlink: /home/rsa/colcon_ws/install/turtlebot3_gazebo/share/turtlebot3_gazebo//models/turtlebot3_dqn_world/model.sdf
[3.781s] -- Up-to-date symlink: /home/rsa/colcon_ws/install/turtlebot3_gazebo/share/turtlebot3_gazebo//models/turtlebot3_dqn_world/obstacle1/model.config
[3.783s] -- Up-to-date symlink: /home/rsa/colcon_ws/install/turtlebot3_gazebo/share/turtlebot3_gazebo//models/turtlebot3_dqn_world/obstacle1/model.sdf
[3.785s] -- Up-to-date symlink: /home/rsa/colcon_ws/install/turtlebot3_gazebo/share/turtlebot3_gazebo//models/turtlebot3_dqn_world/obstacle2/model.config
[3.786s] -- Up-to-date symlink: /home/rsa/colcon_ws/install/turtlebot3_gazebo/share/turtlebot3_gazebo//models/turtlebot3_dqn_world/obstacle2/model.sdf
[3.795s] -- Up-to-date symlink: /home/rsa/colcon_ws/install/turtlebot3_gazebo/share/turtlebot3_gazebo//models/turtlebot3_dqn_world/obstacle_plugin/CMakeLists.txt
[3.795s] -- Up-to-date symlink: /home/rsa/colcon_ws/install/turtlebot3_gazebo/share/turtlebot3_gazebo//models/turtlebot3_dqn_world/obstacle_plugin/obstacle1.cc
[3.795s] -- Up-to-date symlink: /home/rsa/colcon_ws/install/turtlebot3_gazebo/share/turtlebot3_gazebo//models/turtlebot3_dqn_world/obstacle_plugin/obstacle2.cc
[3.795s] -- Up-to-date symlink: /home/rsa/colcon_ws/install/turtlebot3_gazebo/share/turtlebot3_gazebo//models/turtlebot3_dqn_world/obstacle_plugin/obstacles.cc
[3.796s] -- Up-to-date symlink: /home/rsa/colcon_ws/install/turtlebot3_gazebo/share/turtlebot3_gazebo//models/turtlebot3_dqn_world/obstacles/model.config
[3.804s] -- Up-to-date symlink: /home/rsa/colcon_ws/install/turtlebot3_gazebo/share/turtlebot3_gazebo//models/turtlebot3_dqn_world/obstacles/model.sdf
[3.805s] -- Up-to-date symlink: /home/rsa/colcon_ws/install/turtlebot3_gazebo/share/turtlebot3_gazebo//models/turtlebot3_house/model.config
[3.807s] -- Up-to-date symlink: /home/rsa/colcon_ws/install/turtlebot3_gazebo/share/turtlebot3_gazebo//models/turtlebot3_house/model.sdf
[3.808s] -- Up-to-date symlink: /home/rsa/colcon_ws/install/turtlebot3_gazebo/share/turtlebot3_gazebo//models/turtlebot3_maze/model (copy 1).sdf
[3.809s] -- Up-to-date symlink: /home/rsa/colcon_ws/install/turtlebot3_gazebo/share/turtlebot3_gazebo//models/turtlebot3_maze/model.config
[3.811s] -- Up-to-date symlink: /home/rsa/colcon_ws/install/turtlebot3_gazebo/share/turtlebot3_gazebo//models/turtlebot3_maze/model.sdf
[3.814s] -- Up-to-date symlink: /home/rsa/colcon_ws/install/turtlebot3_gazebo/share/turtlebot3_gazebo//models/turtlebot3_maze/model.sdf~
[3.817s] -- Up-to-date symlink: /home/rsa/colcon_ws/install/turtlebot3_gazebo/share/turtlebot3_gazebo//models/turtlebot3_waffle/meshes/lds.dae
[3.818s] -- Up-to-date symlink: /home/rsa/colcon_ws/install/turtlebot3_gazebo/share/turtlebot3_gazebo//models/turtlebot3_waffle/meshes/r200.dae
[3.820s] -- Up-to-date symlink: /home/rsa/colcon_ws/install/turtlebot3_gazebo/share/turtlebot3_gazebo//models/turtlebot3_waffle/meshes/tire.dae
[3.821s] -- Up-to-date symlink: /home/rsa/colcon_ws/install/turtlebot3_gazebo/share/turtlebot3_gazebo//models/turtlebot3_waffle/meshes/waffle_base.dae
[3.822s] -- Up-to-date symlink: /home/rsa/colcon_ws/install/turtlebot3_gazebo/share/turtlebot3_gazebo//models/turtlebot3_waffle/model-1_4.sdf
[3.825s] -- Up-to-date symlink: /home/rsa/colcon_ws/install/turtlebot3_gazebo/share/turtlebot3_gazebo//models/turtlebot3_waffle/model.config
[3.826s] -- Up-to-date symlink: /home/rsa/colcon_ws/install/turtlebot3_gazebo/share/turtlebot3_gazebo//models/turtlebot3_waffle/model.sdf
[3.826s] -- Up-to-date symlink: /home/rsa/colcon_ws/install/turtlebot3_gazebo/share/turtlebot3_gazebo//models/turtlebot3_waffle_pi/meshes/lds.dae
[3.827s] -- Up-to-date symlink: /home/rsa/colcon_ws/install/turtlebot3_gazebo/share/turtlebot3_gazebo//models/turtlebot3_waffle_pi/meshes/tire.dae
[3.827s] -- Up-to-date symlink: /home/rsa/colcon_ws/install/turtlebot3_gazebo/share/turtlebot3_gazebo//models/turtlebot3_waffle_pi/meshes/waffle_pi_base.dae
[3.828s] -- Up-to-date symlink: /home/rsa/colcon_ws/install/turtlebot3_gazebo/share/turtlebot3_gazebo//models/turtlebot3_waffle_pi/model-1_4_.sdf
[3.839s] -- Up-to-date symlink: /home/rsa/colcon_ws/install/turtlebot3_gazebo/share/turtlebot3_gazebo//models/turtlebot3_waffle_pi/model.config
[3.839s] -- Up-to-date symlink: /home/rsa/colcon_ws/install/turtlebot3_gazebo/share/turtlebot3_gazebo//models/turtlebot3_waffle_pi/model.sdf
[3.839s] -- Up-to-date symlink: /home/rsa/colcon_ws/install/turtlebot3_gazebo/share/turtlebot3_gazebo//models/turtlebot3_world/meshes/hexagon.dae
[3.839s] -- Up-to-date symlink: /home/rsa/colcon_ws/install/turtlebot3_gazebo/share/turtlebot3_gazebo//models/turtlebot3_world/meshes/wall.dae
[3.845s] -- Up-to-date symlink: /home/rsa/colcon_ws/install/turtlebot3_gazebo/share/turtlebot3_gazebo//models/turtlebot3_world/model-1_4.sdf
[3.845s] -- Up-to-date symlink: /home/rsa/colcon_ws/install/turtlebot3_gazebo/share/turtlebot3_gazebo//models/turtlebot3_world/model.config
[3.845s] -- Up-to-date symlink: /home/rsa/colcon_ws/install/turtlebot3_gazebo/share/turtlebot3_gazebo//models/turtlebot3_world/model.sdf
[3.845s] -- Up-to-date symlink: /home/rsa/colcon_ws/install/turtlebot3_gazebo/share/turtlebot3_gazebo//models/wall_section/model.config
[3.846s] -- Up-to-date symlink: /home/rsa/colcon_ws/install/turtlebot3_gazebo/share/turtlebot3_gazebo//models/wall_section/model.sdf
[3.846s] -- Up-to-date symlink: /home/rsa/colcon_ws/install/turtlebot3_gazebo/share/turtlebot3_gazebo//models/wall_section/model.sdf~
[3.851s] -- Up-to-date symlink: /home/rsa/colcon_ws/install/turtlebot3_gazebo/share/turtlebot3_gazebo//models/yellow_on_pink_marker/model.config
[3.852s] -- Up-to-date symlink: /home/rsa/colcon_ws/install/turtlebot3_gazebo/share/turtlebot3_gazebo//models/yellow_on_pink_marker/model.sdf
[3.853s] -- Up-to-date symlink: /home/rsa/colcon_ws/install/turtlebot3_gazebo/share/turtlebot3_gazebo//models/yellow_on_pink_marker/model.sdf~
[3.856s] -- Up-to-date symlink: /home/rsa/colcon_ws/install/turtlebot3_gazebo/share/turtlebot3_gazebo//rviz/tb3_gazebo.rviz
[3.862s] -- Up-to-date symlink: /home/rsa/colcon_ws/install/turtlebot3_gazebo/share/turtlebot3_gazebo//worlds/empty_worlds/burger.model
[3.862s] -- Up-to-date symlink: /home/rsa/colcon_ws/install/turtlebot3_gazebo/share/turtlebot3_gazebo//worlds/empty_worlds/waffle.model
[3.863s] -- Up-to-date symlink: /home/rsa/colcon_ws/install/turtlebot3_gazebo/share/turtlebot3_gazebo//worlds/empty_worlds/waffle_pi.model
[3.868s] -- Up-to-date symlink: /home/rsa/colcon_ws/install/turtlebot3_gazebo/share/turtlebot3_gazebo//worlds/params.txt
[3.871s] -- Up-to-date symlink: /home/rsa/colcon_ws/install/turtlebot3_gazebo/share/turtlebot3_gazebo//worlds/turtlebot3_autoraces/burger.model
[3.880s] -- Up-to-date symlink: /home/rsa/colcon_ws/install/turtlebot3_gazebo/share/turtlebot3_gazebo//worlds/turtlebot3_autoraces/waffle.model
[3.880s] -- Up-to-date symlink: /home/rsa/colcon_ws/install/turtlebot3_gazebo/share/turtlebot3_gazebo//worlds/turtlebot3_autoraces/waffle_pi.model
[3.886s] -- Up-to-date symlink: /home/rsa/colcon_ws/install/turtlebot3_gazebo/share/turtlebot3_gazebo//worlds/turtlebot3_dqn_stage1/burger.model
[3.886s] -- Up-to-date symlink: /home/rsa/colcon_ws/install/turtlebot3_gazebo/share/turtlebot3_gazebo//worlds/turtlebot3_dqn_stage1/waffle.model
[3.886s] -- Up-to-date symlink: /home/rsa/colcon_ws/install/turtlebot3_gazebo/share/turtlebot3_gazebo//worlds/turtlebot3_dqn_stage1/waffle_pi.model
[3.886s] -- Up-to-date symlink: /home/rsa/colcon_ws/install/turtlebot3_gazebo/share/turtlebot3_gazebo//worlds/turtlebot3_dqn_stage2/burger.model
[3.886s] -- Up-to-date symlink: /home/rsa/colcon_ws/install/turtlebot3_gazebo/share/turtlebot3_gazebo//worlds/turtlebot3_dqn_stage2/waffle.model
[3.887s] -- Up-to-date symlink: /home/rsa/colcon_ws/install/turtlebot3_gazebo/share/turtlebot3_gazebo//worlds/turtlebot3_dqn_stage2/waffle_pi.model
[3.888s] -- Up-to-date symlink: /home/rsa/colcon_ws/install/turtlebot3_gazebo/share/turtlebot3_gazebo//worlds/turtlebot3_dqn_stage3/burger.model
[3.894s] -- Up-to-date symlink: /home/rsa/colcon_ws/install/turtlebot3_gazebo/share/turtlebot3_gazebo//worlds/turtlebot3_dqn_stage3/waffle.model
[3.895s] -- Up-to-date symlink: /home/rsa/colcon_ws/install/turtlebot3_gazebo/share/turtlebot3_gazebo//worlds/turtlebot3_dqn_stage3/waffle_pi.model
[3.895s] -- Up-to-date symlink: /home/rsa/colcon_ws/install/turtlebot3_gazebo/share/turtlebot3_gazebo//worlds/turtlebot3_dqn_stage4/burger.model
[3.895s] -- Up-to-date symlink: /home/rsa/colcon_ws/install/turtlebot3_gazebo/share/turtlebot3_gazebo//worlds/turtlebot3_dqn_stage4/waffle.model
[3.896s] -- Up-to-date symlink: /home/rsa/colcon_ws/install/turtlebot3_gazebo/share/turtlebot3_gazebo//worlds/turtlebot3_dqn_stage4/waffle_pi.model
[3.896s] -- Up-to-date symlink: /home/rsa/colcon_ws/install/turtlebot3_gazebo/share/turtlebot3_gazebo//worlds/turtlebot3_houses/burger.model
[3.896s] -- Up-to-date symlink: /home/rsa/colcon_ws/install/turtlebot3_gazebo/share/turtlebot3_gazebo//worlds/turtlebot3_houses/waffle.model
[3.896s] -- Up-to-date symlink: /home/rsa/colcon_ws/install/turtlebot3_gazebo/share/turtlebot3_gazebo//worlds/turtlebot3_houses/waffle_pi.model
[3.906s] -- Up-to-date symlink: /home/rsa/colcon_ws/install/turtlebot3_gazebo/share/turtlebot3_gazebo//worlds/turtlebot3_mazes/burger.model
[3.907s] -- Up-to-date symlink: /home/rsa/colcon_ws/install/turtlebot3_gazebo/share/turtlebot3_gazebo//worlds/turtlebot3_mazes/waffle.model
[3.909s] -- Up-to-date symlink: /home/rsa/colcon_ws/install/turtlebot3_gazebo/share/turtlebot3_gazebo//worlds/turtlebot3_mazes/waffle_pi.model
[3.910s] -- Up-to-date symlink: /home/rsa/colcon_ws/install/turtlebot3_gazebo/share/turtlebot3_gazebo//worlds/turtlebot3_mazes/waffle_pi.model~
[3.912s] -- Up-to-date symlink: /home/rsa/colcon_ws/install/turtlebot3_gazebo/share/turtlebot3_gazebo//worlds/turtlebot3_worlds/burger.model
[3.913s] -- Up-to-date symlink: /home/rsa/colcon_ws/install/turtlebot3_gazebo/share/turtlebot3_gazebo//worlds/turtlebot3_worlds/waffle.model
[3.918s] -- Up-to-date symlink: /home/rsa/colcon_ws/install/turtlebot3_gazebo/share/turtlebot3_gazebo//worlds/turtlebot3_worlds/waffle_pi.model
[3.926s] -- Up-to-date symlink: /home/rsa/colcon_ws/install/turtlebot3_gazebo/include//turtlebot3_gazebo/turtlebot3_drive.hpp
[3.928s] -- Up-to-date symlink: /home/rsa/colcon_ws/install/turtlebot3_gazebo/share/ament_index/resource_index/package_run_dependencies/turtlebot3_gazebo
[3.929s] -- Up-to-date symlink: /home/rsa/colcon_ws/install/turtlebot3_gazebo/share/ament_index/resource_index/parent_prefix_path/turtlebot3_gazebo
[3.929s] -- Up-to-date symlink: /home/rsa/colcon_ws/install/turtlebot3_gazebo/share/turtlebot3_gazebo/environment/ament_prefix_path.sh
[3.929s] -- Up-to-date symlink: /home/rsa/colcon_ws/install/turtlebot3_gazebo/share/turtlebot3_gazebo/environment/ament_prefix_path.dsv
[3.929s] -- Up-to-date symlink: /home/rsa/colcon_ws/install/turtlebot3_gazebo/share/turtlebot3_gazebo/environment/path.sh
[3.930s] -- Up-to-date symlink: /home/rsa/colcon_ws/install/turtlebot3_gazebo/share/turtlebot3_gazebo/environment/path.dsv
[3.930s] -- Up-to-date symlink: /home/rsa/colcon_ws/install/turtlebot3_gazebo/share/turtlebot3_gazebo/local_setup.bash
[3.930s] -- Up-to-date symlink: /home/rsa/colcon_ws/install/turtlebot3_gazebo/share/turtlebot3_gazebo/local_setup.sh
[3.930s] -- Up-to-date symlink: /home/rsa/colcon_ws/install/turtlebot3_gazebo/share/turtlebot3_gazebo/local_setup.zsh
[3.930s] -- Up-to-date symlink: /home/rsa/colcon_ws/install/turtlebot3_gazebo/share/turtlebot3_gazebo/local_setup.dsv
[3.932s] -- Symlinking: /home/rsa/colcon_ws/install/turtlebot3_gazebo/share/turtlebot3_gazebo/package.dsv
[3.977s] -- Up-to-date symlink: /home/rsa/colcon_ws/install/turtlebot3_gazebo/share/ament_index/resource_index/packages/turtlebot3_gazebo
[3.978s] -- Up-to-date symlink: /home/rsa/colcon_ws/install/turtlebot3_gazebo/share/turtlebot3_gazebo/cmake/ament_cmake_export_include_directories-extras.cmake
[3.978s] -- Up-to-date symlink: /home/rsa/colcon_ws/install/turtlebot3_gazebo/share/turtlebot3_gazebo/cmake/ament_cmake_export_dependencies-extras.cmake
[3.982s] -- Up-to-date symlink: /home/rsa/colcon_ws/install/turtlebot3_gazebo/share/turtlebot3_gazebo/cmake/turtlebot3_gazeboConfig.cmake
[3.983s] -- Up-to-date symlink: /home/rsa/colcon_ws/install/turtlebot3_gazebo/share/turtlebot3_gazebo/cmake/turtlebot3_gazeboConfig-version.cmake
[3.983s] -- Up-to-date symlink: /home/rsa/colcon_ws/install/turtlebot3_gazebo/share/turtlebot3_gazebo/package.xml
[3.993s] Invoked command in '/home/rsa/colcon_ws/build/turtlebot3_gazebo' returned '0': CMAKE_PREFIX_PATH=${CMAKE_PREFIX_PATH}:/opt/ros/foxy /usr/bin/cmake --install /home/rsa/colcon_ws/build/turtlebot3_gazebo
